<?xml version="1.0" encoding="UTF-8"?>
<testsuite xmlns:xsi="http://www.w3.org/2001/XMLSchema-instance" xsi:noNamespaceSchemaLocation="https://maven.apache.org/surefire/maven-surefire-plugin/xsd/surefire-test-report-3.0.xsd" version="3.0" name="com.jinyu.aps.service.PerformanceTest$ScaleTests" time="0.132" tests="3" errors="0" skipped="0" failures="0">
  <properties>
[...]
</properties>
  <testcase name="testMediumScale" classname="com.jinyu.aps.service.PerformanceTest$ScaleTests" time="0.012">
    <system-out><![CDATA[13:05:24.932 [main] INFO com.jinyu.aps.service.AlgorithmService - 开始试错分配算法，任务数: 30, 机台数: 10
13:05:24.932 [main] DEBUG com.jinyu.aps.service.AlgorithmService - 分配尝试 - 任务: MAT-001, 机台: GM10, 数量: 60, 结果: 成功
13:05:24.932 [main] DEBUG com.jinyu.aps.service.AlgorithmService - 分配尝试 - 任务: MAT-002, 机台: GM01, 数量: 60, 结果: 成功
13:05:24.933 [main] DEBUG com.jinyu.aps.service.AlgorithmService - 分配尝试 - 任务: MAT-003, 机台: GM03, 数量: 60, 结果: 成功
13:05:24.933 [main] DEBUG com.jinyu.aps.service.AlgorithmService - 分配尝试 - 任务: MAT-004, 机台: GM02, 数量: 60, 结果: 成功
13:05:24.933 [main] DEBUG com.jinyu.aps.service.AlgorithmService - 分配尝试 - 任务: MAT-005, 机台: GM05, 数量: 60, 结果: 成功
13:05:24.933 [main] DEBUG com.jinyu.aps.service.AlgorithmService - 分配尝试 - 任务: MAT-006, 机台: GM04, 数量: 60, 结果: 成功
13:05:24.933 [main] DEBUG com.jinyu.aps.service.AlgorithmService - 分配尝试 - 任务: MAT-007, 机台: GM07, 数量: 60, 结果: 成功
13:05:24.934 [main] DEBUG com.jinyu.aps.service.AlgorithmService - 分配尝试 - 任务: MAT-008, 机台: GM06, 数量: 60, 结果: 成功
13:05:24.934 [main] DEBUG com.jinyu.aps.service.AlgorithmService - 分配尝试 - 任务: MAT-009, 机台: GM09, 数量: 60, 结果: 成功
13:05:24.934 [main] DEBUG com.jinyu.aps.service.AlgorithmService - 分配尝试 - 任务: MAT-010, 机台: GM08, 数量: 60, 结果: 成功
13:05:24.934 [main] DEBUG com.jinyu.aps.service.AlgorithmService - 分配尝试 - 任务: MAT-011, 机台: GM10, 数量: 60, 结果: 成功
13:05:24.934 [main] DEBUG com.jinyu.aps.service.AlgorithmService - 分配尝试 - 任务: MAT-012, 机台: GM01, 数量: 60, 结果: 成功
13:05:24.934 [main] DEBUG com.jinyu.aps.service.AlgorithmService - 分配尝试 - 任务: MAT-013, 机台: GM03, 数量: 60, 结果: 成功
13:05:24.935 [main] DEBUG com.jinyu.aps.service.AlgorithmService - 分配尝试 - 任务: MAT-014, 机台: GM02, 数量: 60, 结果: 成功
13:05:24.935 [main] DEBUG com.jinyu.aps.service.AlgorithmService - 分配尝试 - 任务: MAT-015, 机台: GM05, 数量: 60, 结果: 成功
13:05:24.935 [main] DEBUG com.jinyu.aps.service.AlgorithmService - 分配尝试 - 任务: MAT-016, 机台: GM04, 数量: 60, 结果: 成功
13:05:24.935 [main] DEBUG com.jinyu.aps.service.AlgorithmService - 分配尝试 - 任务: MAT-017, 机台: GM07, 数量: 60, 结果: 成功
13:05:24.935 [main] DEBUG com.jinyu.aps.service.AlgorithmService - 分配尝试 - 任务: MAT-018, 机台: GM06, 数量: 60, 结果: 成功
13:05:24.935 [main] DEBUG com.jinyu.aps.service.AlgorithmService - 分配尝试 - 任务: MAT-019, 机台: GM09, 数量: 60, 结果: 成功
13:05:24.936 [main] DEBUG com.jinyu.aps.service.AlgorithmService - 分配尝试 - 任务: MAT-020, 机台: GM08, 数量: 60, 结果: 成功
13:05:24.936 [main] DEBUG com.jinyu.aps.service.AlgorithmService - 分配尝试 - 任务: MAT-021, 机台: GM10, 数量: 60, 结果: 成功
13:05:24.936 [main] DEBUG com.jinyu.aps.service.AlgorithmService - 分配尝试 - 任务: MAT-022, 机台: GM01, 数量: 60, 结果: 成功
13:05:24.936 [main] DEBUG com.jinyu.aps.service.AlgorithmService - 分配尝试 - 任务: MAT-023, 机台: GM03, 数量: 60, 结果: 成功
13:05:24.936 [main] DEBUG com.jinyu.aps.service.AlgorithmService - 分配尝试 - 任务: MAT-024, 机台: GM02, 数量: 60, 结果: 成功
13:05:24.936 [main] DEBUG com.jinyu.aps.service.AlgorithmService - 分配尝试 - 任务: MAT-025, 机台: GM05, 数量: 60, 结果: 成功
13:05:24.937 [main] DEBUG com.jinyu.aps.service.AlgorithmService - 分配尝试 - 任务: MAT-026, 机台: GM04, 数量: 60, 结果: 成功
13:05:24.937 [main] DEBUG com.jinyu.aps.service.AlgorithmService - 分配尝试 - 任务: MAT-027, 机台: GM07, 数量: 60, 结果: 成功
13:05:24.937 [main] DEBUG com.jinyu.aps.service.AlgorithmService - 分配尝试 - 任务: MAT-028, 机台: GM06, 数量: 60, 结果: 成功
13:05:24.937 [main] DEBUG com.jinyu.aps.service.AlgorithmService - 分配尝试 - 任务: MAT-029, 机台: GM09, 数量: 60, 结果: 成功
13:05:24.937 [main] DEBUG com.jinyu.aps.service.AlgorithmService - 分配尝试 - 任务: MAT-030, 机台: GM08, 数量: 60, 结果: 成功
13:05:24.937 [main] INFO com.jinyu.aps.service.AlgorithmService - 试错分配完成，分配成功
13:05:24.937 [main] INFO com.jinyu.aps.service.AlgorithmServiceOptimized - 开始试错分配算法（优化版），任务数: 30, 机台数: 10
13:05:24.940 [main] INFO com.jinyu.aps.service.AlgorithmServiceOptimized - 试错分配完成，耗时: 3ms, 分配数: 30
13:05:24.940 [main] INFO PERFORMANCE - === 性能指标 ===
13:05:24.940 [main] INFO PERFORMANCE - 总耗时: 3ms
13:05:24.940 [main] INFO PERFORMANCE - 总分配次数: 30
13:05:24.940 [main] INFO PERFORMANCE - 缓存命中次数: 30
13:05:24.940 [main] INFO PERFORMANCE - 回溯次数: 0
13:05:24.941 [main] INFO PERFORMANCE - 缓存命中率: 100.00%
=== 中规模测试 对比结果 ===
原版耗时: 5ms
优化版耗时: 4ms
性能提升: 20.0%
原版成功: true
优化版成功: true
]]></system-out>
  </testcase>
  <testcase name="testSmallScale" classname="com.jinyu.aps.service.PerformanceTest$ScaleTests" time="0.015">
    <system-out><![CDATA[13:05:24.945 [main] INFO com.jinyu.aps.service.AlgorithmService - 开始试错分配算法，任务数: 10, 机台数: 5
13:05:24.945 [main] DEBUG com.jinyu.aps.service.AlgorithmService - 分配尝试 - 任务: MAT-001, 机台: GM01, 数量: 60, 结果: 成功
13:05:24.946 [main] DEBUG com.jinyu.aps.service.AlgorithmService - 分配尝试 - 任务: MAT-002, 机台: GM03, 数量: 60, 结果: 成功
13:05:24.946 [main] DEBUG com.jinyu.aps.service.AlgorithmService - 分配尝试 - 任务: MAT-003, 机台: GM02, 数量: 60, 结果: 成功
13:05:24.946 [main] DEBUG com.jinyu.aps.service.AlgorithmService - 分配尝试 - 任务: MAT-004, 机台: GM05, 数量: 60, 结果: 成功
13:05:24.946 [main] DEBUG com.jinyu.aps.service.AlgorithmService - 分配尝试 - 任务: MAT-005, 机台: GM04, 数量: 60, 结果: 成功
13:05:24.946 [main] DEBUG com.jinyu.aps.service.AlgorithmService - 分配尝试 - 任务: MAT-006, 机台: GM01, 数量: 60, 结果: 成功
13:05:24.956 [main] DEBUG com.jinyu.aps.service.AlgorithmService - 分配尝试 - 任务: MAT-007, 机台: GM03, 数量: 60, 结果: 成功
13:05:24.956 [main] DEBUG com.jinyu.aps.service.AlgorithmService - 分配尝试 - 任务: MAT-008, 机台: GM02, 数量: 60, 结果: 成功
13:05:24.956 [main] DEBUG com.jinyu.aps.service.AlgorithmService - 分配尝试 - 任务: MAT-009, 机台: GM05, 数量: 60, 结果: 成功
13:05:24.957 [main] DEBUG com.jinyu.aps.service.AlgorithmService - 分配尝试 - 任务: MAT-010, 机台: GM04, 数量: 60, 结果: 成功
13:05:24.957 [main] INFO com.jinyu.aps.service.AlgorithmService - 试错分配完成，分配成功
13:05:24.957 [main] INFO com.jinyu.aps.service.AlgorithmServiceOptimized - 开始试错分配算法（优化版），任务数: 10, 机台数: 5
13:05:24.958 [main] INFO com.jinyu.aps.service.AlgorithmServiceOptimized - 试错分配完成，耗时: 1ms, 分配数: 10
13:05:24.959 [main] INFO PERFORMANCE - === 性能指标 ===
13:05:24.959 [main] INFO PERFORMANCE - 总耗时: 1ms
13:05:24.959 [main] INFO PERFORMANCE - 总分配次数: 10
13:05:24.959 [main] INFO PERFORMANCE - 缓存命中次数: 10
13:05:24.959 [main] INFO PERFORMANCE - 回溯次数: 0
13:05:24.959 [main] INFO PERFORMANCE - 缓存命中率: 100.00%
=== 小规模测试 对比结果 ===
原版耗时: 12ms
优化版耗时: 2ms
性能提升: 83.33333333333333%
原版成功: true
优化版成功: true
]]></system-out>
  </testcase>
  <testcase name="testLargeScale" classname="com.jinyu.aps.service.PerformanceTest$ScaleTests" time="0.095">
    <system-out><![CDATA[13:05:24.962 [main] INFO com.jinyu.aps.service.AlgorithmServiceOptimized - 开始试错分配算法（优化版），任务数: 50, 机台数: 15
13:05:24.970 [main] WARN com.jinyu.aps.service.AlgorithmServiceOptimized - 达到最大递归深度: 30
13:05:24.971 [main] WARN com.jinyu.aps.service.AlgorithmServiceOptimized - 达到最大递归深度: 30
13:05:24.971 [main] WARN com.jinyu.aps.service.AlgorithmServiceOptimized - 达到最大递归深度: 30
13:05:24.971 [main] WARN com.jinyu.aps.service.AlgorithmServiceOptimized - 达到最大递归深度: 30
13:05:24.971 [main] WARN com.jinyu.aps.service.AlgorithmServiceOptimized - 达到最大递归深度: 30
13:05:24.971 [main] WARN com.jinyu.aps.service.AlgorithmServiceOptimized - 达到最大递归深度: 30
13:05:24.971 [main] WARN com.jinyu.aps.service.AlgorithmServiceOptimized - 达到最大递归深度: 30
13:05:24.971 [main] WARN com.jinyu.aps.service.AlgorithmServiceOptimized - 达到最大递归深度: 30
13:05:24.971 [main] WARN com.jinyu.aps.service.AlgorithmServiceOptimized - 达到最大递归深度: 30
13:05:24.971 [main] WARN com.jinyu.aps.service.AlgorithmServiceOptimized - 达到最大递归深度: 30
13:05:24.971 [main] WARN com.jinyu.aps.service.AlgorithmServiceOptimized - 达到最大递归深度: 30
13:05:24.971 [main] WARN com.jinyu.aps.service.AlgorithmServiceOptimized - 达到最大递归深度: 30
13:05:24.971 [main] WARN com.jinyu.aps.service.AlgorithmServiceOptimized - 达到最大递归深度: 30
13:05:24.971 [main] WARN com.jinyu.aps.service.AlgorithmServiceOptimized - 达到最大递归深度: 30
13:05:24.971 [main] WARN com.jinyu.aps.service.AlgorithmServiceOptimized - 达到最大递归深度: 30
13:05:24.971 [main] WARN com.jinyu.aps.service.AlgorithmServiceOptimized - 达到最大递归深度: 30
13:05:24.971 [main] WARN com.jinyu.aps.service.AlgorithmServiceOptimized - 达到最大递归深度: 30
13:05:24.971 [main] WARN com.jinyu.aps.service.AlgorithmServiceOptimized - 达到最大递归深度: 30
13:05:24.971 [main] WARN com.jinyu.aps.service.AlgorithmServiceOptimized - 达到最大递归深度: 30
13:05:24.971 [main] WARN com.jinyu.aps.service.AlgorithmServiceOptimized - 达到最大递归深度: 30
13:05:24.971 [main] WARN com.jinyu.aps.service.AlgorithmServiceOptimized - 达到最大递归深度: 30
13:05:24.971 [main] WARN com.jinyu.aps.service.AlgorithmServiceOptimized - 达到最大递归深度: 30
13:05:24.971 [main] WARN com.jinyu.aps.service.AlgorithmServiceOptimized - 达到最大递归深度: 30
13:05:24.971 [main] WARN com.jinyu.aps.service.AlgorithmServiceOptimized - 达到最大递归深度: 30
13:05:24.971 [main] WARN com.jinyu.aps.service.AlgorithmServiceOptimized - 达到最大递归深度: 30
13:05:24.971 [main] WARN com.jinyu.aps.service.AlgorithmServiceOptimized - 达到最大递归深度: 30
13:05:24.971 [main] WARN com.jinyu.aps.service.AlgorithmServiceOptimized - 达到最大递归深度: 30
13:05:24.971 [main] WARN com.jinyu.aps.service.AlgorithmServiceOptimized - 达到最大递归深度: 30
13:05:24.971 [main] WARN com.jinyu.aps.service.AlgorithmServiceOptimized - 达到最大递归深度: 30
13:05:24.971 [main] WARN com.jinyu.aps.service.AlgorithmServiceOptimized - 达到最大递归深度: 30
13:05:24.971 [main] WARN com.jinyu.aps.service.AlgorithmServiceOptimized - 达到最大递归深度: 30
13:05:24.971 [main] WARN com.jinyu.aps.service.AlgorithmServiceOptimized - 达到最大递归深度: 30
13:05:24.971 [main] WARN com.jinyu.aps.service.AlgorithmServiceOptimized - 达到最大递归深度: 30
13:05:24.971 [main] WARN com.jinyu.aps.service.AlgorithmServiceOptimized - 达到最大递归深度: 30
13:05:24.971 [main] WARN com.jinyu.aps.service.AlgorithmServiceOptimized - 达到最大递归深度: 30
13:05:24.971 [main] WARN com.jinyu.aps.service.AlgorithmServiceOptimized - 达到最大递归深度: 30
13:05:24.971 [main] WARN com.jinyu.aps.service.AlgorithmServiceOptimized - 达到最大递归深度: 30
13:05:24.971 [main] WARN com.jinyu.aps.service.AlgorithmServiceOptimized - 达到最大递归深度: 30
13:05:24.971 [main] WARN com.jinyu.aps.service.AlgorithmServiceOptimized - 达到最大递归深度: 30
13:05:24.971 [main] WARN com.jinyu.aps.service.AlgorithmServiceOptimized - 达到最大递归深度: 30
13:05:24.971 [main] WARN com.jinyu.aps.service.AlgorithmServiceOptimized - 达到最大递归深度: 30
13:05:24.971 [main] WARN com.jinyu.aps.service.AlgorithmServiceOptimized - 达到最大递归深度: 30
13:05:24.971 [main] WARN com.jinyu.aps.service.AlgorithmServiceOptimized - 达到最大递归深度: 30
13:05:24.971 [main] WARN com.jinyu.aps.service.AlgorithmServiceOptimized - 达到最大递归深度: 30
13:05:24.971 [main] WARN com.jinyu.aps.service.AlgorithmServiceOptimized - 达到最大递归深度: 30
13:05:24.971 [main] WARN com.jinyu.aps.service.AlgorithmServiceOptimized - 达到最大递归深度: 30
13:05:24.971 [main] WARN com.jinyu.aps.service.AlgorithmServiceOptimized - 达到最大递归深度: 30
13:05:24.971 [main] WARN com.jinyu.aps.service.AlgorithmServiceOptimized - 达到最大递归深度: 30
13:05:24.971 [main] WARN com.jinyu.aps.service.AlgorithmServiceOptimized - 达到最大递归深度: 30
13:05:24.971 [main] WARN com.jinyu.aps.service.AlgorithmServiceOptimized - 达到最大递归深度: 30
13:05:24.971 [main] WARN com.jinyu.aps.service.AlgorithmServiceOptimized - 达到最大递归深度: 30
13:05:24.971 [main] WARN com.jinyu.aps.service.AlgorithmServiceOptimized - 达到最大递归深度: 30
13:05:24.971 [main] WARN com.jinyu.aps.service.AlgorithmServiceOptimized - 达到最大递归深度: 30
13:05:24.971 [main] WARN com.jinyu.aps.service.AlgorithmServiceOptimized - 达到最大递归深度: 30
13:05:24.971 [main] WARN com.jinyu.aps.service.AlgorithmServiceOptimized - 达到最大递归深度: 30
13:05:24.971 [main] WARN com.jinyu.aps.service.AlgorithmServiceOptimized - 达到最大递归深度: 30
13:05:24.971 [main] WARN com.jinyu.aps.service.AlgorithmServiceOptimized - 达到最大递归深度: 30
13:05:24.971 [main] WARN com.jinyu.aps.service.AlgorithmServiceOptimized - 达到最大递归深度: 30
13:05:24.971 [main] WARN com.jinyu.aps.service.AlgorithmServiceOptimized - 达到最大递归深度: 30
13:05:24.971 [main] WARN com.jinyu.aps.service.AlgorithmServiceOptimized - 达到最大递归深度: 30
13:05:24.971 [main] WARN com.jinyu.aps.service.AlgorithmServiceOptimized - 达到最大递归深度: 30
13:05:24.972 [main] WARN com.jinyu.aps.service.AlgorithmServiceOptimized - 达到最大递归深度: 30
13:05:24.972 [main] WARN com.jinyu.aps.service.AlgorithmServiceOptimized - 达到最大递归深度: 30
13:05:24.972 [main] WARN com.jinyu.aps.service.AlgorithmServiceOptimized - 达到最大递归深度: 30
13:05:24.972 [main] WARN com.jinyu.aps.service.AlgorithmServiceOptimized - 达到最大递归深度: 30
13:05:24.972 [main] WARN com.jinyu.aps.service.AlgorithmServiceOptimized - 达到最大递归深度: 30
13:05:24.972 [main] WARN com.jinyu.aps.service.AlgorithmServiceOptimized - 达到最大递归深度: 30
13:05:24.972 [main] WARN com.jinyu.aps.service.AlgorithmServiceOptimized - 达到最大递归深度: 30
13:05:24.972 [main] WARN com.jinyu.aps.service.AlgorithmServiceOptimized - 达到最大递归深度: 30
13:05:24.972 [main] WARN com.jinyu.aps.service.AlgorithmServiceOptimized - 达到最大递归深度: 30
13:05:24.972 [main] WARN com.jinyu.aps.service.AlgorithmServiceOptimized - 达到最大递归深度: 30
13:05:24.972 [main] WARN com.jinyu.aps.service.AlgorithmServiceOptimized - 达到最大递归深度: 30
13:05:24.972 [main] WARN com.jinyu.aps.service.AlgorithmServiceOptimized - 达到最大递归深度: 30
13:05:24.972 [main] WARN com.jinyu.aps.service.AlgorithmServiceOptimized - 达到最大递归深度: 30
13:05:24.972 [main] WARN com.jinyu.aps.service.AlgorithmServiceOptimized - 达到最大递归深度: 30
13:05:24.972 [main] WARN com.jinyu.aps.service.AlgorithmServiceOptimized - 达到最大递归深度: 30
13:05:24.972 [main] WARN com.jinyu.aps.service.AlgorithmServiceOptimized - 达到最大递归深度: 30
13:05:24.972 [main] WARN com.jinyu.aps.service.AlgorithmServiceOptimized - 达到最大递归深度: 30
13:05:24.972 [main] WARN com.jinyu.aps.service.AlgorithmServiceOptimized - 达到最大递归深度: 30
13:05:24.974 [main] WARN com.jinyu.aps.service.AlgorithmServiceOptimized - 达到最大递归深度: 30
13:05:24.975 [main] WARN com.jinyu.aps.service.AlgorithmServiceOptimized - 达到最大递归深度: 30
13:05:24.975 [main] WARN com.jinyu.aps.service.AlgorithmServiceOptimized - 达到最大递归深度: 30
13:05:24.975 [main] WARN com.jinyu.aps.service.AlgorithmServiceOptimized - 达到最大递归深度: 30
13:05:24.975 [main] WARN com.jinyu.aps.service.AlgorithmServiceOptimized - 达到最大递归深度: 30
13:05:24.975 [main] WARN com.jinyu.aps.service.AlgorithmServiceOptimized - 达到最大递归深度: 30
13:05:24.975 [main] WARN com.jinyu.aps.service.AlgorithmServiceOptimized - 达到最大递归深度: 30
13:05:24.975 [main] WARN com.jinyu.aps.service.AlgorithmServiceOptimized - 达到最大递归深度: 30
13:05:24.975 [main] WARN com.jinyu.aps.service.AlgorithmServiceOptimized - 达到最大递归深度: 30
13:05:24.975 [main] WARN com.jinyu.aps.service.AlgorithmServiceOptimized - 达到最大递归深度: 30
13:05:24.975 [main] WARN com.jinyu.aps.service.AlgorithmServiceOptimized - 达到最大递归深度: 30
13:05:24.975 [main] WARN com.jinyu.aps.service.AlgorithmServiceOptimized - 达到最大递归深度: 30
13:05:24.975 [main] WARN com.jinyu.aps.service.AlgorithmServiceOptimized - 达到最大递归深度: 30
13:05:24.975 [main] WARN com.jinyu.aps.service.AlgorithmServiceOptimized - 达到最大递归深度: 30
13:05:24.975 [main] WARN com.jinyu.aps.service.AlgorithmServiceOptimized - 达到最大递归深度: 30
13:05:24.975 [main] WARN com.jinyu.aps.service.AlgorithmServiceOptimized - 达到最大递归深度: 30
13:05:24.975 [main] WARN com.jinyu.aps.service.AlgorithmServiceOptimized - 达到最大递归深度: 30
13:05:24.975 [main] WARN com.jinyu.aps.service.AlgorithmServiceOptimized - 达到最大递归深度: 30
13:05:24.975 [main] WARN com.jinyu.aps.service.AlgorithmServiceOptimized - 达到最大递归深度: 30
13:05:24.975 [main] WARN com.jinyu.aps.service.AlgorithmServiceOptimized - 达到最大递归深度: 30
13:05:24.975 [main] WARN com.jinyu.aps.service.AlgorithmServiceOptimized - 达到最大递归深度: 30
13:05:24.975 [main] WARN com.jinyu.aps.service.AlgorithmServiceOptimized - 达到最大递归深度: 30
13:05:24.975 [main] WARN com.jinyu.aps.service.AlgorithmServiceOptimized - 达到最大递归深度: 30
13:05:24.975 [main] WARN com.jinyu.aps.service.AlgorithmServiceOptimized - 达到最大递归深度: 30
13:05:24.975 [main] WARN com.jinyu.aps.service.AlgorithmServiceOptimized - 达到最大递归深度: 30
13:05:24.975 [main] WARN com.jinyu.aps.service.AlgorithmServiceOptimized - 达到最大递归深度: 30
13:05:24.975 [main] WARN com.jinyu.aps.service.AlgorithmServiceOptimized - 达到最大递归深度: 30
13:05:24.975 [main] WARN com.jinyu.aps.service.AlgorithmServiceOptimized - 达到最大递归深度: 30
13:05:24.976 [main] WARN com.jinyu.aps.service.AlgorithmServiceOptimized - 达到最大递归深度: 30
13:05:24.976 [main] WARN com.jinyu.aps.service.AlgorithmServiceOptimized - 达到最大递归深度: 30
13:05:24.976 [main] WARN com.jinyu.aps.service.AlgorithmServiceOptimized - 达到最大递归深度: 30
13:05:24.976 [main] WARN com.jinyu.aps.service.AlgorithmServiceOptimized - 达到最大递归深度: 30
13:05:24.976 [main] WARN com.jinyu.aps.service.AlgorithmServiceOptimized - 达到最大递归深度: 30
13:05:24.976 [main] WARN com.jinyu.aps.service.AlgorithmServiceOptimized - 达到最大递归深度: 30
13:05:24.976 [main] WARN com.jinyu.aps.service.AlgorithmServiceOptimized - 达到最大递归深度: 30
13:05:24.976 [main] WARN com.jinyu.aps.service.AlgorithmServiceOptimized - 达到最大递归深度: 30
13:05:24.976 [main] WARN com.jinyu.aps.service.AlgorithmServiceOptimized - 达到最大递归深度: 30
13:05:24.976 [main] WARN com.jinyu.aps.service.AlgorithmServiceOptimized - 达到最大递归深度: 30
13:05:24.976 [main] WARN com.jinyu.aps.service.AlgorithmServiceOptimized - 达到最大递归深度: 30
13:05:24.976 [main] WARN com.jinyu.aps.service.AlgorithmServiceOptimized - 达到最大递归深度: 30
13:05:24.976 [main] WARN com.jinyu.aps.service.AlgorithmServiceOptimized - 达到最大递归深度: 30
13:05:24.976 [main] WARN com.jinyu.aps.service.AlgorithmServiceOptimized - 达到最大递归深度: 30
13:05:24.976 [main] WARN com.jinyu.aps.service.AlgorithmServiceOptimized - 达到最大递归深度: 30
13:05:24.976 [main] WARN com.jinyu.aps.service.AlgorithmServiceOptimized - 达到最大递归深度: 30
13:05:24.976 [main] WARN com.jinyu.aps.service.AlgorithmServiceOptimized - 达到最大递归深度: 30
13:05:24.977 [main] WARN com.jinyu.aps.service.AlgorithmServiceOptimized - 达到最大递归深度: 30
13:05:24.977 [main] WARN com.jinyu.aps.service.AlgorithmServiceOptimized - 达到最大递归深度: 30
13:05:24.977 [main] WARN com.jinyu.aps.service.AlgorithmServiceOptimized - 达到最大递归深度: 30
13:05:24.977 [main] WARN com.jinyu.aps.service.AlgorithmServiceOptimized - 达到最大递归深度: 30
13:05:24.977 [main] WARN com.jinyu.aps.service.AlgorithmServiceOptimized - 达到最大递归深度: 30
13:05:24.977 [main] WARN com.jinyu.aps.service.AlgorithmServiceOptimized - 达到最大递归深度: 30
13:05:24.977 [main] WARN com.jinyu.aps.service.AlgorithmServiceOptimized - 达到最大递归深度: 30
13:05:24.977 [main] WARN com.jinyu.aps.service.AlgorithmServiceOptimized - 达到最大递归深度: 30
13:05:24.977 [main] WARN com.jinyu.aps.service.AlgorithmServiceOptimized - 达到最大递归深度: 30
13:05:24.977 [main] WARN com.jinyu.aps.service.AlgorithmServiceOptimized - 达到最大递归深度: 30
13:05:24.977 [main] WARN com.jinyu.aps.service.AlgorithmServiceOptimized - 达到最大递归深度: 30
13:05:24.977 [main] WARN com.jinyu.aps.service.AlgorithmServiceOptimized - 达到最大递归深度: 30
13:05:24.977 [main] WARN com.jinyu.aps.service.AlgorithmServiceOptimized - 达到最大递归深度: 30
13:05:24.977 [main] WARN com.jinyu.aps.service.AlgorithmServiceOptimized - 达到最大递归深度: 30
13:05:24.977 [main] WARN com.jinyu.aps.service.AlgorithmServiceOptimized - 达到最大递归深度: 30
13:05:24.977 [main] WARN com.jinyu.aps.service.AlgorithmServiceOptimized - 达到最大递归深度: 30
13:05:24.977 [main] WARN com.jinyu.aps.service.AlgorithmServiceOptimized - 达到最大递归深度: 30
13:05:24.978 [main] WARN com.jinyu.aps.service.AlgorithmServiceOptimized - 达到最大递归深度: 30
13:05:24.978 [main] WARN com.jinyu.aps.service.AlgorithmServiceOptimized - 达到最大递归深度: 30
13:05:24.978 [main] WARN com.jinyu.aps.service.AlgorithmServiceOptimized - 达到最大递归深度: 30
13:05:24.978 [main] WARN com.jinyu.aps.service.AlgorithmServiceOptimized - 达到最大递归深度: 30
13:05:24.978 [main] WARN com.jinyu.aps.service.AlgorithmServiceOptimized - 达到最大递归深度: 30
13:05:24.978 [main] WARN com.jinyu.aps.service.AlgorithmServiceOptimized - 达到最大递归深度: 30
13:05:24.978 [main] WARN com.jinyu.aps.service.AlgorithmServiceOptimized - 达到最大递归深度: 30
13:05:24.978 [main] WARN com.jinyu.aps.service.AlgorithmServiceOptimized - 达到最大递归深度: 30
13:05:24.978 [main] WARN com.jinyu.aps.service.AlgorithmServiceOptimized - 达到最大递归深度: 30
13:05:24.978 [main] WARN com.jinyu.aps.service.AlgorithmServiceOptimized - 达到最大递归深度: 30
13:05:24.979 [main] WARN com.jinyu.aps.service.AlgorithmServiceOptimized - 达到最大递归深度: 30
13:05:24.979 [main] WARN com.jinyu.aps.service.AlgorithmServiceOptimized - 达到最大递归深度: 30
13:05:24.979 [main] WARN com.jinyu.aps.service.AlgorithmServiceOptimized - 达到最大递归深度: 30
13:05:24.979 [main] WARN com.jinyu.aps.service.AlgorithmServiceOptimized - 达到最大递归深度: 30
13:05:24.979 [main] WARN com.jinyu.aps.service.AlgorithmServiceOptimized - 达到最大递归深度: 30
13:05:24.979 [main] WARN com.jinyu.aps.service.AlgorithmServiceOptimized - 达到最大递归深度: 30
13:05:24.979 [main] WARN com.jinyu.aps.service.AlgorithmServiceOptimized - 达到最大递归深度: 30
13:05:24.979 [main] WARN com.jinyu.aps.service.AlgorithmServiceOptimized - 达到最大递归深度: 30
13:05:24.979 [main] WARN com.jinyu.aps.service.AlgorithmServiceOptimized - 达到最大递归深度: 30
13:05:24.979 [main] WARN com.jinyu.aps.service.AlgorithmServiceOptimized - 达到最大递归深度: 30
13:05:24.979 [main] WARN com.jinyu.aps.service.AlgorithmServiceOptimized - 达到最大递归深度: 30
13:05:24.979 [main] WARN com.jinyu.aps.service.AlgorithmServiceOptimized - 达到最大递归深度: 30
13:05:24.979 [main] WARN com.jinyu.aps.service.AlgorithmServiceOptimized - 达到最大递归深度: 30
13:05:24.979 [main] WARN com.jinyu.aps.service.AlgorithmServiceOptimized - 达到最大递归深度: 30
13:05:24.979 [main] WARN com.jinyu.aps.service.AlgorithmServiceOptimized - 达到最大递归深度: 30
13:05:24.979 [main] WARN com.jinyu.aps.service.AlgorithmServiceOptimized - 达到最大递归深度: 30
13:05:24.979 [main] WARN com.jinyu.aps.service.AlgorithmServiceOptimized - 达到最大递归深度: 30
13:05:24.979 [main] WARN com.jinyu.aps.service.AlgorithmServiceOptimized - 达到最大递归深度: 30
13:05:24.979 [main] WARN com.jinyu.aps.service.AlgorithmServiceOptimized - 达到最大递归深度: 30
13:05:24.979 [main] WARN com.jinyu.aps.service.AlgorithmServiceOptimized - 达到最大递归深度: 30
13:05:24.979 [main] WARN com.jinyu.aps.service.AlgorithmServiceOptimized - 达到最大递归深度: 30
13:05:24.979 [main] WARN com.jinyu.aps.service.AlgorithmServiceOptimized - 达到最大递归深度: 30
13:05:24.980 [main] WARN com.jinyu.aps.service.AlgorithmServiceOptimized - 达到最大递归深度: 30
13:05:24.980 [main] WARN com.jinyu.aps.service.AlgorithmServiceOptimized - 达到最大递归深度: 30
13:05:24.980 [main] WARN com.jinyu.aps.service.AlgorithmServiceOptimized - 达到最大递归深度: 30
13:05:24.980 [main] WARN com.jinyu.aps.service.AlgorithmServiceOptimized - 达到最大递归深度: 30
13:05:24.980 [main] WARN com.jinyu.aps.service.AlgorithmServiceOptimized - 达到最大递归深度: 30
13:05:24.980 [main] WARN com.jinyu.aps.service.AlgorithmServiceOptimized - 达到最大递归深度: 30
13:05:24.980 [main] WARN com.jinyu.aps.service.AlgorithmServiceOptimized - 达到最大递归深度: 30
13:05:24.980 [main] WARN com.jinyu.aps.service.AlgorithmServiceOptimized - 达到最大递归深度: 30
13:05:24.980 [main] WARN com.jinyu.aps.service.AlgorithmServiceOptimized - 达到最大递归深度: 30
13:05:24.980 [main] WARN com.jinyu.aps.service.AlgorithmServiceOptimized - 达到最大递归深度: 30
13:05:24.980 [main] WARN com.jinyu.aps.service.AlgorithmServiceOptimized - 达到最大递归深度: 30
13:05:24.980 [main] WARN com.jinyu.aps.service.AlgorithmServiceOptimized - 达到最大递归深度: 30
13:05:24.980 [main] WARN com.jinyu.aps.service.AlgorithmServiceOptimized - 达到最大递归深度: 30
13:05:24.980 [main] WARN com.jinyu.aps.service.AlgorithmServiceOptimized - 达到最大递归深度: 30
13:05:24.980 [main] WARN com.jinyu.aps.service.AlgorithmServiceOptimized - 达到最大递归深度: 30
13:05:24.980 [main] WARN com.jinyu.aps.service.AlgorithmServiceOptimized - 达到最大递归深度: 30
13:05:24.980 [main] WARN com.jinyu.aps.service.AlgorithmServiceOptimized - 达到最大递归深度: 30
13:05:24.980 [main] WARN com.jinyu.aps.service.AlgorithmServiceOptimized - 达到最大递归深度: 30
13:05:24.980 [main] WARN com.jinyu.aps.service.AlgorithmServiceOptimized - 达到最大递归深度: 30
13:05:24.980 [main] WARN com.jinyu.aps.service.AlgorithmServiceOptimized - 达到最大递归深度: 30
13:05:24.980 [main] WARN com.jinyu.aps.service.AlgorithmServiceOptimized - 达到最大递归深度: 30
13:05:24.980 [main] WARN com.jinyu.aps.service.AlgorithmServiceOptimized - 达到最大递归深度: 30
13:05:24.980 [main] WARN com.jinyu.aps.service.AlgorithmServiceOptimized - 达到最大递归深度: 30
13:05:24.980 [main] WARN com.jinyu.aps.service.AlgorithmServiceOptimized - 达到最大递归深度: 30
13:05:24.980 [main] WARN com.jinyu.aps.service.AlgorithmServiceOptimized - 达到最大递归深度: 30
13:05:24.980 [main] WARN com.jinyu.aps.service.AlgorithmServiceOptimized - 达到最大递归深度: 30
13:05:24.980 [main] WARN com.jinyu.aps.service.AlgorithmServiceOptimized - 达到最大递归深度: 30
13:05:24.980 [main] WARN com.jinyu.aps.service.AlgorithmServiceOptimized - 达到最大递归深度: 30
13:05:24.980 [main] WARN com.jinyu.aps.service.AlgorithmServiceOptimized - 达到最大递归深度: 30
13:05:24.980 [main] WARN com.jinyu.aps.service.AlgorithmServiceOptimized - 达到最大递归深度: 30
13:05:24.980 [main] WARN com.jinyu.aps.service.AlgorithmServiceOptimized - 达到最大递归深度: 30
13:05:24.980 [main] WARN com.jinyu.aps.service.AlgorithmServiceOptimized - 达到最大递归深度: 30
13:05:24.980 [main] WARN com.jinyu.aps.service.AlgorithmServiceOptimized - 达到最大递归深度: 30
13:05:24.980 [main] WARN com.jinyu.aps.service.AlgorithmServiceOptimized - 达到最大递归深度: 30
13:05:24.980 [main] WARN com.jinyu.aps.service.AlgorithmServiceOptimized - 达到最大递归深度: 30
13:05:24.980 [main] WARN com.jinyu.aps.service.AlgorithmServiceOptimized - 达到最大递归深度: 30
13:05:24.980 [main] WARN com.jinyu.aps.service.AlgorithmServiceOptimized - 达到最大递归深度: 30
13:05:24.980 [main] WARN com.jinyu.aps.service.AlgorithmServiceOptimized - 达到最大递归深度: 30
13:05:24.980 [main] WARN com.jinyu.aps.service.AlgorithmServiceOptimized - 达到最大递归深度: 30
13:05:24.980 [main] WARN com.jinyu.aps.service.AlgorithmServiceOptimized - 达到最大递归深度: 30
13:05:24.980 [main] WARN com.jinyu.aps.service.AlgorithmServiceOptimized - 达到最大递归深度: 30
13:05:24.980 [main] WARN com.jinyu.aps.service.AlgorithmServiceOptimized - 达到最大递归深度: 30
13:05:24.980 [main] WARN com.jinyu.aps.service.AlgorithmServiceOptimized - 达到最大递归深度: 30
13:05:24.980 [main] WARN com.jinyu.aps.service.AlgorithmServiceOptimized - 达到最大递归深度: 30
13:05:24.980 [main] WARN com.jinyu.aps.service.AlgorithmServiceOptimized - 达到最大递归深度: 30
13:05:24.980 [main] WARN com.jinyu.aps.service.AlgorithmServiceOptimized - 达到最大递归深度: 30
13:05:24.980 [main] WARN com.jinyu.aps.service.AlgorithmServiceOptimized - 达到最大递归深度: 30
13:05:24.980 [main] WARN com.jinyu.aps.service.AlgorithmServiceOptimized - 达到最大递归深度: 30
13:05:24.980 [main] WARN com.jinyu.aps.service.AlgorithmServiceOptimized - 达到最大递归深度: 30
13:05:24.981 [main] WARN com.jinyu.aps.service.AlgorithmServiceOptimized - 达到最大递归深度: 30
13:05:24.981 [main] WARN com.jinyu.aps.service.AlgorithmServiceOptimized - 达到最大递归深度: 30
13:05:24.981 [main] WARN com.jinyu.aps.service.AlgorithmServiceOptimized - 达到最大递归深度: 30
13:05:24.981 [main] WARN com.jinyu.aps.service.AlgorithmServiceOptimized - 达到最大递归深度: 30
13:05:24.981 [main] WARN com.jinyu.aps.service.AlgorithmServiceOptimized - 达到最大递归深度: 30
13:05:24.981 [main] WARN com.jinyu.aps.service.AlgorithmServiceOptimized - 达到最大递归深度: 30
13:05:24.981 [main] WARN com.jinyu.aps.service.AlgorithmServiceOptimized - 达到最大递归深度: 30
13:05:24.981 [main] WARN com.jinyu.aps.service.AlgorithmServiceOptimized - 达到最大递归深度: 30
13:05:24.981 [main] WARN com.jinyu.aps.service.AlgorithmServiceOptimized - 达到最大递归深度: 30
13:05:24.981 [main] WARN com.jinyu.aps.service.AlgorithmServiceOptimized - 达到最大递归深度: 30
13:05:24.981 [main] WARN com.jinyu.aps.service.AlgorithmServiceOptimized - 达到最大递归深度: 30
13:05:24.981 [main] WARN com.jinyu.aps.service.AlgorithmServiceOptimized - 达到最大递归深度: 30
13:05:24.981 [main] WARN com.jinyu.aps.service.AlgorithmServiceOptimized - 达到最大递归深度: 30
13:05:24.981 [main] WARN com.jinyu.aps.service.AlgorithmServiceOptimized - 达到最大递归深度: 30
13:05:24.981 [main] WARN com.jinyu.aps.service.AlgorithmServiceOptimized - 达到最大递归深度: 30
13:05:24.981 [main] WARN com.jinyu.aps.service.AlgorithmServiceOptimized - 达到最大递归深度: 30
13:05:24.981 [main] WARN com.jinyu.aps.service.AlgorithmServiceOptimized - 达到最大递归深度: 30
13:05:24.981 [main] WARN com.jinyu.aps.service.AlgorithmServiceOptimized - 达到最大递归深度: 30
13:05:24.981 [main] WARN com.jinyu.aps.service.AlgorithmServiceOptimized - 达到最大递归深度: 30
13:05:24.981 [main] WARN com.jinyu.aps.service.AlgorithmServiceOptimized - 达到最大递归深度: 30
13:05:24.981 [main] WARN com.jinyu.aps.service.AlgorithmServiceOptimized - 达到最大递归深度: 30
13:05:24.981 [main] WARN com.jinyu.aps.service.AlgorithmServiceOptimized - 达到最大递归深度: 30
13:05:24.981 [main] WARN com.jinyu.aps.service.AlgorithmServiceOptimized - 达到最大递归深度: 30
13:05:24.981 [main] WARN com.jinyu.aps.service.AlgorithmServiceOptimized - 达到最大递归深度: 30
13:05:24.981 [main] WARN com.jinyu.aps.service.AlgorithmServiceOptimized - 达到最大递归深度: 30
13:05:24.981 [main] WARN com.jinyu.aps.service.AlgorithmServiceOptimized - 达到最大递归深度: 30
13:05:24.981 [main] WARN com.jinyu.aps.service.AlgorithmServiceOptimized - 达到最大递归深度: 30
13:05:24.981 [main] WARN com.jinyu.aps.service.AlgorithmServiceOptimized - 达到最大递归深度: 30
13:05:24.981 [main] WARN com.jinyu.aps.service.AlgorithmServiceOptimized - 达到最大递归深度: 30
13:05:24.981 [main] WARN com.jinyu.aps.service.AlgorithmServiceOptimized - 达到最大递归深度: 30
13:05:24.981 [main] WARN com.jinyu.aps.service.AlgorithmServiceOptimized - 达到最大递归深度: 30
13:05:24.981 [main] WARN com.jinyu.aps.service.AlgorithmServiceOptimized - 达到最大递归深度: 30
13:05:24.981 [main] WARN com.jinyu.aps.service.AlgorithmServiceOptimized - 达到最大递归深度: 30
13:05:24.981 [main] WARN com.jinyu.aps.service.AlgorithmServiceOptimized - 达到最大递归深度: 30
13:05:24.981 [main] WARN com.jinyu.aps.service.AlgorithmServiceOptimized - 达到最大递归深度: 30
13:05:24.981 [main] WARN com.jinyu.aps.service.AlgorithmServiceOptimized - 达到最大递归深度: 30
13:05:24.981 [main] WARN com.jinyu.aps.service.AlgorithmServiceOptimized - 达到最大递归深度: 30
13:05:24.981 [main] WARN com.jinyu.aps.service.AlgorithmServiceOptimized - 达到最大递归深度: 30
13:05:24.981 [main] WARN com.jinyu.aps.service.AlgorithmServiceOptimized - 达到最大递归深度: 30
13:05:24.981 [main] WARN com.jinyu.aps.service.AlgorithmServiceOptimized - 达到最大递归深度: 30
13:05:24.981 [main] WARN com.jinyu.aps.service.AlgorithmServiceOptimized - 达到最大递归深度: 30
13:05:24.981 [main] WARN com.jinyu.aps.service.AlgorithmServiceOptimized - 达到最大递归深度: 30
13:05:24.981 [main] WARN com.jinyu.aps.service.AlgorithmServiceOptimized - 达到最大递归深度: 30
13:05:24.981 [main] WARN com.jinyu.aps.service.AlgorithmServiceOptimized - 达到最大递归深度: 30
13:05:24.981 [main] WARN com.jinyu.aps.service.AlgorithmServiceOptimized - 达到最大递归深度: 30
13:05:24.981 [main] WARN com.jinyu.aps.service.AlgorithmServiceOptimized - 达到最大递归深度: 30
13:05:24.981 [main] WARN com.jinyu.aps.service.AlgorithmServiceOptimized - 达到最大递归深度: 30
13:05:24.981 [main] WARN com.jinyu.aps.service.AlgorithmServiceOptimized - 达到最大递归深度: 30
13:05:24.983 [main] WARN com.jinyu.aps.service.AlgorithmServiceOptimized - 达到最大递归深度: 30
13:05:24.983 [main] WARN com.jinyu.aps.service.AlgorithmServiceOptimized - 达到最大递归深度: 30
13:05:24.983 [main] WARN com.jinyu.aps.service.AlgorithmServiceOptimized - 达到最大递归深度: 30
13:05:24.983 [main] WARN com.jinyu.aps.service.AlgorithmServiceOptimized - 达到最大递归深度: 30
13:05:24.983 [main] WARN com.jinyu.aps.service.AlgorithmServiceOptimized - 达到最大递归深度: 30
13:05:24.983 [main] WARN com.jinyu.aps.service.AlgorithmServiceOptimized - 达到最大递归深度: 30
13:05:24.983 [main] WARN com.jinyu.aps.service.AlgorithmServiceOptimized - 达到最大递归深度: 30
13:05:24.983 [main] WARN com.jinyu.aps.service.AlgorithmServiceOptimized - 达到最大递归深度: 30
13:05:24.983 [main] WARN com.jinyu.aps.service.AlgorithmServiceOptimized - 达到最大递归深度: 30
13:05:24.983 [main] WARN com.jinyu.aps.service.AlgorithmServiceOptimized - 达到最大递归深度: 30
13:05:24.983 [main] WARN com.jinyu.aps.service.AlgorithmServiceOptimized - 达到最大递归深度: 30
13:05:24.983 [main] WARN com.jinyu.aps.service.AlgorithmServiceOptimized - 达到最大递归深度: 30
13:05:24.983 [main] WARN com.jinyu.aps.service.AlgorithmServiceOptimized - 达到最大递归深度: 30
13:05:24.983 [main] WARN com.jinyu.aps.service.AlgorithmServiceOptimized - 达到最大递归深度: 30
13:05:24.983 [main] WARN com.jinyu.aps.service.AlgorithmServiceOptimized - 达到最大递归深度: 30
13:05:24.983 [main] WARN com.jinyu.aps.service.AlgorithmServiceOptimized - 达到最大递归深度: 30
13:05:24.983 [main] WARN com.jinyu.aps.service.AlgorithmServiceOptimized - 达到最大递归深度: 30
13:05:24.983 [main] WARN com.jinyu.aps.service.AlgorithmServiceOptimized - 达到最大递归深度: 30
13:05:24.983 [main] WARN com.jinyu.aps.service.AlgorithmServiceOptimized - 达到最大递归深度: 30
13:05:24.983 [main] WARN com.jinyu.aps.service.AlgorithmServiceOptimized - 达到最大递归深度: 30
13:05:24.983 [main] WARN com.jinyu.aps.service.AlgorithmServiceOptimized - 达到最大递归深度: 30
13:05:24.983 [main] WARN com.jinyu.aps.service.AlgorithmServiceOptimized - 达到最大递归深度: 30
13:05:24.983 [main] WARN com.jinyu.aps.service.AlgorithmServiceOptimized - 达到最大递归深度: 30
13:05:24.983 [main] WARN com.jinyu.aps.service.AlgorithmServiceOptimized - 达到最大递归深度: 30
13:05:24.983 [main] WARN com.jinyu.aps.service.AlgorithmServiceOptimized - 达到最大递归深度: 30
13:05:24.984 [main] WARN com.jinyu.aps.service.AlgorithmServiceOptimized - 达到最大递归深度: 30
13:05:24.984 [main] WARN com.jinyu.aps.service.AlgorithmServiceOptimized - 达到最大递归深度: 30
13:05:24.984 [main] WARN com.jinyu.aps.service.AlgorithmServiceOptimized - 达到最大递归深度: 30
13:05:24.984 [main] WARN com.jinyu.aps.service.AlgorithmServiceOptimized - 达到最大递归深度: 30
13:05:24.984 [main] WARN com.jinyu.aps.service.AlgorithmServiceOptimized - 达到最大递归深度: 30
13:05:24.984 [main] WARN com.jinyu.aps.service.AlgorithmServiceOptimized - 达到最大递归深度: 30
13:05:24.984 [main] WARN com.jinyu.aps.service.AlgorithmServiceOptimized - 达到最大递归深度: 30
13:05:24.984 [main] WARN com.jinyu.aps.service.AlgorithmServiceOptimized - 达到最大递归深度: 30
13:05:24.984 [main] WARN com.jinyu.aps.service.AlgorithmServiceOptimized - 达到最大递归深度: 30
13:05:24.984 [main] WARN com.jinyu.aps.service.AlgorithmServiceOptimized - 达到最大递归深度: 30
13:05:24.984 [main] WARN com.jinyu.aps.service.AlgorithmServiceOptimized - 达到最大递归深度: 30
13:05:24.984 [main] WARN com.jinyu.aps.service.AlgorithmServiceOptimized - 达到最大递归深度: 30
13:05:24.984 [main] WARN com.jinyu.aps.service.AlgorithmServiceOptimized - 达到最大递归深度: 30
13:05:24.984 [main] WARN com.jinyu.aps.service.AlgorithmServiceOptimized - 达到最大递归深度: 30
13:05:24.984 [main] WARN com.jinyu.aps.service.AlgorithmServiceOptimized - 达到最大递归深度: 30
13:05:24.984 [main] WARN com.jinyu.aps.service.AlgorithmServiceOptimized - 达到最大递归深度: 30
13:05:24.985 [main] WARN com.jinyu.aps.service.AlgorithmServiceOptimized - 达到最大递归深度: 30
13:05:24.985 [main] WARN com.jinyu.aps.service.AlgorithmServiceOptimized - 达到最大递归深度: 30
13:05:24.985 [main] WARN com.jinyu.aps.service.AlgorithmServiceOptimized - 达到最大递归深度: 30
13:05:24.985 [main] WARN com.jinyu.aps.service.AlgorithmServiceOptimized - 达到最大递归深度: 30
13:05:24.985 [main] WARN com.jinyu.aps.service.AlgorithmServiceOptimized - 达到最大递归深度: 30
13:05:24.985 [main] WARN com.jinyu.aps.service.AlgorithmServiceOptimized - 达到最大递归深度: 30
13:05:24.985 [main] WARN com.jinyu.aps.service.AlgorithmServiceOptimized - 达到最大递归深度: 30
13:05:24.985 [main] WARN com.jinyu.aps.service.AlgorithmServiceOptimized - 达到最大递归深度: 30
13:05:24.985 [main] WARN com.jinyu.aps.service.AlgorithmServiceOptimized - 达到最大递归深度: 30
13:05:24.985 [main] WARN com.jinyu.aps.service.AlgorithmServiceOptimized - 达到最大递归深度: 30
13:05:24.985 [main] WARN com.jinyu.aps.service.AlgorithmServiceOptimized - 达到最大递归深度: 30
13:05:24.985 [main] WARN com.jinyu.aps.service.AlgorithmServiceOptimized - 达到最大递归深度: 30
13:05:24.985 [main] WARN com.jinyu.aps.service.AlgorithmServiceOptimized - 达到最大递归深度: 30
13:05:24.985 [main] WARN com.jinyu.aps.service.AlgorithmServiceOptimized - 达到最大递归深度: 30
13:05:24.985 [main] WARN com.jinyu.aps.service.AlgorithmServiceOptimized - 达到最大递归深度: 30
13:05:24.985 [main] WARN com.jinyu.aps.service.AlgorithmServiceOptimized - 达到最大递归深度: 30
13:05:24.985 [main] WARN com.jinyu.aps.service.AlgorithmServiceOptimized - 达到最大递归深度: 30
13:05:24.985 [main] WARN com.jinyu.aps.service.AlgorithmServiceOptimized - 达到最大递归深度: 30
13:05:24.985 [main] WARN com.jinyu.aps.service.AlgorithmServiceOptimized - 达到最大递归深度: 30
13:05:24.985 [main] WARN com.jinyu.aps.service.AlgorithmServiceOptimized - 达到最大递归深度: 30
13:05:24.985 [main] WARN com.jinyu.aps.service.AlgorithmServiceOptimized - 达到最大递归深度: 30
13:05:24.985 [main] WARN com.jinyu.aps.service.AlgorithmServiceOptimized - 达到最大递归深度: 30
13:05:24.985 [main] WARN com.jinyu.aps.service.AlgorithmServiceOptimized - 达到最大递归深度: 30
13:05:24.985 [main] WARN com.jinyu.aps.service.AlgorithmServiceOptimized - 达到最大递归深度: 30
13:05:24.985 [main] WARN com.jinyu.aps.service.AlgorithmServiceOptimized - 达到最大递归深度: 30
13:05:24.985 [main] WARN com.jinyu.aps.service.AlgorithmServiceOptimized - 达到最大递归深度: 30
13:05:24.985 [main] WARN com.jinyu.aps.service.AlgorithmServiceOptimized - 达到最大递归深度: 30
13:05:24.985 [main] WARN com.jinyu.aps.service.AlgorithmServiceOptimized - 达到最大递归深度: 30
13:05:24.985 [main] WARN com.jinyu.aps.service.AlgorithmServiceOptimized - 达到最大递归深度: 30
13:05:24.986 [main] WARN com.jinyu.aps.service.AlgorithmServiceOptimized - 达到最大递归深度: 30
13:05:24.986 [main] WARN com.jinyu.aps.service.AlgorithmServiceOptimized - 达到最大递归深度: 30
13:05:24.986 [main] WARN com.jinyu.aps.service.AlgorithmServiceOptimized - 达到最大递归深度: 30
13:05:24.986 [main] WARN com.jinyu.aps.service.AlgorithmServiceOptimized - 达到最大递归深度: 30
13:05:24.986 [main] WARN com.jinyu.aps.service.AlgorithmServiceOptimized - 达到最大递归深度: 30
13:05:24.986 [main] WARN com.jinyu.aps.service.AlgorithmServiceOptimized - 达到最大递归深度: 30
13:05:24.986 [main] WARN com.jinyu.aps.service.AlgorithmServiceOptimized - 达到最大递归深度: 30
13:05:24.986 [main] WARN com.jinyu.aps.service.AlgorithmServiceOptimized - 达到最大递归深度: 30
13:05:24.986 [main] WARN com.jinyu.aps.service.AlgorithmServiceOptimized - 达到最大递归深度: 30
13:05:24.986 [main] WARN com.jinyu.aps.service.AlgorithmServiceOptimized - 达到最大递归深度: 30
13:05:24.986 [main] WARN com.jinyu.aps.service.AlgorithmServiceOptimized - 达到最大递归深度: 30
13:05:24.986 [main] WARN com.jinyu.aps.service.AlgorithmServiceOptimized - 达到最大递归深度: 30
13:05:24.986 [main] WARN com.jinyu.aps.service.AlgorithmServiceOptimized - 达到最大递归深度: 30
13:05:24.986 [main] WARN com.jinyu.aps.service.AlgorithmServiceOptimized - 达到最大递归深度: 30
13:05:24.986 [main] WARN com.jinyu.aps.service.AlgorithmServiceOptimized - 达到最大递归深度: 30
13:05:24.986 [main] WARN com.jinyu.aps.service.AlgorithmServiceOptimized - 达到最大递归深度: 30
13:05:24.986 [main] WARN com.jinyu.aps.service.AlgorithmServiceOptimized - 达到最大递归深度: 30
13:05:24.986 [main] WARN com.jinyu.aps.service.AlgorithmServiceOptimized - 达到最大递归深度: 30
13:05:24.986 [main] WARN com.jinyu.aps.service.AlgorithmServiceOptimized - 达到最大递归深度: 30
13:05:24.986 [main] WARN com.jinyu.aps.service.AlgorithmServiceOptimized - 达到最大递归深度: 30
13:05:24.986 [main] WARN com.jinyu.aps.service.AlgorithmServiceOptimized - 达到最大递归深度: 30
13:05:24.986 [main] WARN com.jinyu.aps.service.AlgorithmServiceOptimized - 达到最大递归深度: 30
13:05:24.986 [main] WARN com.jinyu.aps.service.AlgorithmServiceOptimized - 达到最大递归深度: 30
13:05:24.986 [main] WARN com.jinyu.aps.service.AlgorithmServiceOptimized - 达到最大递归深度: 30
13:05:24.986 [main] WARN com.jinyu.aps.service.AlgorithmServiceOptimized - 达到最大递归深度: 30
13:05:24.986 [main] WARN com.jinyu.aps.service.AlgorithmServiceOptimized - 达到最大递归深度: 30
13:05:24.986 [main] WARN com.jinyu.aps.service.AlgorithmServiceOptimized - 达到最大递归深度: 30
13:05:24.986 [main] WARN com.jinyu.aps.service.AlgorithmServiceOptimized - 达到最大递归深度: 30
13:05:24.986 [main] WARN com.jinyu.aps.service.AlgorithmServiceOptimized - 达到最大递归深度: 30
13:05:24.986 [main] WARN com.jinyu.aps.service.AlgorithmServiceOptimized - 达到最大递归深度: 30
13:05:24.986 [main] WARN com.jinyu.aps.service.AlgorithmServiceOptimized - 达到最大递归深度: 30
13:05:24.986 [main] WARN com.jinyu.aps.service.AlgorithmServiceOptimized - 达到最大递归深度: 30
13:05:24.986 [main] WARN com.jinyu.aps.service.AlgorithmServiceOptimized - 达到最大递归深度: 30
13:05:24.986 [main] WARN com.jinyu.aps.service.AlgorithmServiceOptimized - 达到最大递归深度: 30
13:05:24.986 [main] WARN com.jinyu.aps.service.AlgorithmServiceOptimized - 达到最大递归深度: 30
13:05:24.986 [main] WARN com.jinyu.aps.service.AlgorithmServiceOptimized - 达到最大递归深度: 30
13:05:24.986 [main] WARN com.jinyu.aps.service.AlgorithmServiceOptimized - 达到最大递归深度: 30
13:05:24.986 [main] WARN com.jinyu.aps.service.AlgorithmServiceOptimized - 达到最大递归深度: 30
13:05:24.986 [main] WARN com.jinyu.aps.service.AlgorithmServiceOptimized - 达到最大递归深度: 30
13:05:24.986 [main] WARN com.jinyu.aps.service.AlgorithmServiceOptimized - 达到最大递归深度: 30
13:05:24.986 [main] WARN com.jinyu.aps.service.AlgorithmServiceOptimized - 达到最大递归深度: 30
13:05:24.991 [main] WARN com.jinyu.aps.service.AlgorithmServiceOptimized - 达到最大递归深度: 30
13:05:24.991 [main] WARN com.jinyu.aps.service.AlgorithmServiceOptimized - 达到最大递归深度: 30
13:05:24.991 [main] WARN com.jinyu.aps.service.AlgorithmServiceOptimized - 达到最大递归深度: 30
13:05:24.991 [main] WARN com.jinyu.aps.service.AlgorithmServiceOptimized - 达到最大递归深度: 30
13:05:24.992 [main] WARN com.jinyu.aps.service.AlgorithmServiceOptimized - 达到最大递归深度: 30
13:05:24.992 [main] WARN com.jinyu.aps.service.AlgorithmServiceOptimized - 达到最大递归深度: 30
13:05:24.992 [main] WARN com.jinyu.aps.service.AlgorithmServiceOptimized - 达到最大递归深度: 30
13:05:24.992 [main] WARN com.jinyu.aps.service.AlgorithmServiceOptimized - 达到最大递归深度: 30
13:05:24.992 [main] WARN com.jinyu.aps.service.AlgorithmServiceOptimized - 达到最大递归深度: 30
13:05:24.992 [main] WARN com.jinyu.aps.service.AlgorithmServiceOptimized - 达到最大递归深度: 30
13:05:24.992 [main] WARN com.jinyu.aps.service.AlgorithmServiceOptimized - 达到最大递归深度: 30
13:05:24.992 [main] WARN com.jinyu.aps.service.AlgorithmServiceOptimized - 达到最大递归深度: 30
13:05:24.992 [main] WARN com.jinyu.aps.service.AlgorithmServiceOptimized - 达到最大递归深度: 30
13:05:24.992 [main] WARN com.jinyu.aps.service.AlgorithmServiceOptimized - 达到最大递归深度: 30
13:05:24.992 [main] WARN com.jinyu.aps.service.AlgorithmServiceOptimized - 达到最大递归深度: 30
13:05:24.992 [main] WARN com.jinyu.aps.service.AlgorithmServiceOptimized - 达到最大递归深度: 30
13:05:24.992 [main] WARN com.jinyu.aps.service.AlgorithmServiceOptimized - 达到最大递归深度: 30
13:05:24.992 [main] WARN com.jinyu.aps.service.AlgorithmServiceOptimized - 达到最大递归深度: 30
13:05:24.992 [main] WARN com.jinyu.aps.service.AlgorithmServiceOptimized - 达到最大递归深度: 30
13:05:24.992 [main] WARN com.jinyu.aps.service.AlgorithmServiceOptimized - 达到最大递归深度: 30
13:05:24.992 [main] WARN com.jinyu.aps.service.AlgorithmServiceOptimized - 达到最大递归深度: 30
13:05:24.992 [main] WARN com.jinyu.aps.service.AlgorithmServiceOptimized - 达到最大递归深度: 30
13:05:24.992 [main] WARN com.jinyu.aps.service.AlgorithmServiceOptimized - 达到最大递归深度: 30
13:05:24.992 [main] WARN com.jinyu.aps.service.AlgorithmServiceOptimized - 达到最大递归深度: 30
13:05:24.992 [main] WARN com.jinyu.aps.service.AlgorithmServiceOptimized - 达到最大递归深度: 30
13:05:24.992 [main] WARN com.jinyu.aps.service.AlgorithmServiceOptimized - 达到最大递归深度: 30
13:05:24.992 [main] WARN com.jinyu.aps.service.AlgorithmServiceOptimized - 达到最大递归深度: 30
13:05:24.992 [main] WARN com.jinyu.aps.service.AlgorithmServiceOptimized - 达到最大递归深度: 30
13:05:24.992 [main] WARN com.jinyu.aps.service.AlgorithmServiceOptimized - 达到最大递归深度: 30
13:05:24.992 [main] WARN com.jinyu.aps.service.AlgorithmServiceOptimized - 达到最大递归深度: 30
13:05:24.992 [main] WARN com.jinyu.aps.service.AlgorithmServiceOptimized - 达到最大递归深度: 30
13:05:24.992 [main] WARN com.jinyu.aps.service.AlgorithmServiceOptimized - 达到最大递归深度: 30
13:05:24.992 [main] WARN com.jinyu.aps.service.AlgorithmServiceOptimized - 达到最大递归深度: 30
13:05:24.992 [main] WARN com.jinyu.aps.service.AlgorithmServiceOptimized - 达到最大递归深度: 30
13:05:24.992 [main] WARN com.jinyu.aps.service.AlgorithmServiceOptimized - 达到最大递归深度: 30
13:05:24.992 [main] WARN com.jinyu.aps.service.AlgorithmServiceOptimized - 达到最大递归深度: 30
13:05:24.992 [main] WARN com.jinyu.aps.service.AlgorithmServiceOptimized - 达到最大递归深度: 30
13:05:24.992 [main] WARN com.jinyu.aps.service.AlgorithmServiceOptimized - 达到最大递归深度: 30
13:05:24.992 [main] WARN com.jinyu.aps.service.AlgorithmServiceOptimized - 达到最大递归深度: 30
13:05:24.992 [main] WARN com.jinyu.aps.service.AlgorithmServiceOptimized - 达到最大递归深度: 30
13:05:24.992 [main] WARN com.jinyu.aps.service.AlgorithmServiceOptimized - 达到最大递归深度: 30
13:05:24.992 [main] WARN com.jinyu.aps.service.AlgorithmServiceOptimized - 达到最大递归深度: 30
13:05:24.992 [main] WARN com.jinyu.aps.service.AlgorithmServiceOptimized - 达到最大递归深度: 30
13:05:24.992 [main] WARN com.jinyu.aps.service.AlgorithmServiceOptimized - 达到最大递归深度: 30
13:05:24.992 [main] WARN com.jinyu.aps.service.AlgorithmServiceOptimized - 达到最大递归深度: 30
13:05:24.992 [main] WARN com.jinyu.aps.service.AlgorithmServiceOptimized - 达到最大递归深度: 30
13:05:24.992 [main] WARN com.jinyu.aps.service.AlgorithmServiceOptimized - 达到最大递归深度: 30
13:05:24.992 [main] WARN com.jinyu.aps.service.AlgorithmServiceOptimized - 达到最大递归深度: 30
13:05:24.992 [main] WARN com.jinyu.aps.service.AlgorithmServiceOptimized - 达到最大递归深度: 30
13:05:24.992 [main] WARN com.jinyu.aps.service.AlgorithmServiceOptimized - 达到最大递归深度: 30
13:05:24.992 [main] WARN com.jinyu.aps.service.AlgorithmServiceOptimized - 达到最大递归深度: 30
13:05:24.992 [main] WARN com.jinyu.aps.service.AlgorithmServiceOptimized - 达到最大递归深度: 30
13:05:24.992 [main] WARN com.jinyu.aps.service.AlgorithmServiceOptimized - 达到最大递归深度: 30
13:05:24.992 [main] WARN com.jinyu.aps.service.AlgorithmServiceOptimized - 达到最大递归深度: 30
13:05:24.992 [main] WARN com.jinyu.aps.service.AlgorithmServiceOptimized - 达到最大递归深度: 30
13:05:24.992 [main] WARN com.jinyu.aps.service.AlgorithmServiceOptimized - 达到最大递归深度: 30
13:05:24.992 [main] WARN com.jinyu.aps.service.AlgorithmServiceOptimized - 达到最大递归深度: 30
13:05:24.992 [main] WARN com.jinyu.aps.service.AlgorithmServiceOptimized - 达到最大递归深度: 30
13:05:24.992 [main] WARN com.jinyu.aps.service.AlgorithmServiceOptimized - 达到最大递归深度: 30
13:05:24.992 [main] WARN com.jinyu.aps.service.AlgorithmServiceOptimized - 达到最大递归深度: 30
13:05:24.992 [main] WARN com.jinyu.aps.service.AlgorithmServiceOptimized - 达到最大递归深度: 30
13:05:24.992 [main] WARN com.jinyu.aps.service.AlgorithmServiceOptimized - 达到最大递归深度: 30
13:05:24.992 [main] WARN com.jinyu.aps.service.AlgorithmServiceOptimized - 达到最大递归深度: 30
13:05:24.992 [main] WARN com.jinyu.aps.service.AlgorithmServiceOptimized - 达到最大递归深度: 30
13:05:24.992 [main] WARN com.jinyu.aps.service.AlgorithmServiceOptimized - 达到最大递归深度: 30
13:05:24.992 [main] WARN com.jinyu.aps.service.AlgorithmServiceOptimized - 达到最大递归深度: 30
13:05:24.992 [main] WARN com.jinyu.aps.service.AlgorithmServiceOptimized - 达到最大递归深度: 30
13:05:24.992 [main] WARN com.jinyu.aps.service.AlgorithmServiceOptimized - 达到最大递归深度: 30
13:05:24.992 [main] WARN com.jinyu.aps.service.AlgorithmServiceOptimized - 达到最大递归深度: 30
13:05:24.992 [main] WARN com.jinyu.aps.service.AlgorithmServiceOptimized - 达到最大递归深度: 30
13:05:24.992 [main] WARN com.jinyu.aps.service.AlgorithmServiceOptimized - 达到最大递归深度: 30
13:05:24.992 [main] WARN com.jinyu.aps.service.AlgorithmServiceOptimized - 达到最大递归深度: 30
13:05:24.992 [main] WARN com.jinyu.aps.service.AlgorithmServiceOptimized - 达到最大递归深度: 30
13:05:24.992 [main] WARN com.jinyu.aps.service.AlgorithmServiceOptimized - 达到最大递归深度: 30
13:05:24.992 [main] WARN com.jinyu.aps.service.AlgorithmServiceOptimized - 达到最大递归深度: 30
13:05:24.992 [main] WARN com.jinyu.aps.service.AlgorithmServiceOptimized - 达到最大递归深度: 30
13:05:24.992 [main] WARN com.jinyu.aps.service.AlgorithmServiceOptimized - 达到最大递归深度: 30
13:05:24.992 [main] WARN com.jinyu.aps.service.AlgorithmServiceOptimized - 达到最大递归深度: 30
13:05:24.992 [main] WARN com.jinyu.aps.service.AlgorithmServiceOptimized - 达到最大递归深度: 30
13:05:24.992 [main] WARN com.jinyu.aps.service.AlgorithmServiceOptimized - 达到最大递归深度: 30
13:05:24.992 [main] WARN com.jinyu.aps.service.AlgorithmServiceOptimized - 达到最大递归深度: 30
13:05:24.992 [main] WARN com.jinyu.aps.service.AlgorithmServiceOptimized - 达到最大递归深度: 30
13:05:24.992 [main] WARN com.jinyu.aps.service.AlgorithmServiceOptimized - 达到最大递归深度: 30
13:05:24.992 [main] WARN com.jinyu.aps.service.AlgorithmServiceOptimized - 达到最大递归深度: 30
13:05:24.992 [main] WARN com.jinyu.aps.service.AlgorithmServiceOptimized - 达到最大递归深度: 30
13:05:24.992 [main] WARN com.jinyu.aps.service.AlgorithmServiceOptimized - 达到最大递归深度: 30
13:05:24.992 [main] WARN com.jinyu.aps.service.AlgorithmServiceOptimized - 达到最大递归深度: 30
13:05:24.992 [main] WARN com.jinyu.aps.service.AlgorithmServiceOptimized - 达到最大递归深度: 30
13:05:24.992 [main] WARN com.jinyu.aps.service.AlgorithmServiceOptimized - 达到最大递归深度: 30
13:05:24.992 [main] WARN com.jinyu.aps.service.AlgorithmServiceOptimized - 达到最大递归深度: 30
13:05:24.992 [main] WARN com.jinyu.aps.service.AlgorithmServiceOptimized - 达到最大递归深度: 30
13:05:24.992 [main] WARN com.jinyu.aps.service.AlgorithmServiceOptimized - 达到最大递归深度: 30
13:05:24.992 [main] WARN com.jinyu.aps.service.AlgorithmServiceOptimized - 达到最大递归深度: 30
13:05:24.992 [main] WARN com.jinyu.aps.service.AlgorithmServiceOptimized - 达到最大递归深度: 30
13:05:24.992 [main] WARN com.jinyu.aps.service.AlgorithmServiceOptimized - 达到最大递归深度: 30
13:05:24.992 [main] WARN com.jinyu.aps.service.AlgorithmServiceOptimized - 达到最大递归深度: 30
13:05:24.992 [main] WARN com.jinyu.aps.service.AlgorithmServiceOptimized - 达到最大递归深度: 30
13:05:24.992 [main] WARN com.jinyu.aps.service.AlgorithmServiceOptimized - 达到最大递归深度: 30
13:05:24.992 [main] WARN com.jinyu.aps.service.AlgorithmServiceOptimized - 达到最大递归深度: 30
13:05:24.992 [main] WARN com.jinyu.aps.service.AlgorithmServiceOptimized - 达到最大递归深度: 30
13:05:24.992 [main] WARN com.jinyu.aps.service.AlgorithmServiceOptimized - 达到最大递归深度: 30
13:05:24.992 [main] WARN com.jinyu.aps.service.AlgorithmServiceOptimized - 达到最大递归深度: 30
13:05:24.992 [main] WARN com.jinyu.aps.service.AlgorithmServiceOptimized - 达到最大递归深度: 30
13:05:24.993 [main] WARN com.jinyu.aps.service.AlgorithmServiceOptimized - 达到最大递归深度: 30
13:05:24.993 [main] WARN com.jinyu.aps.service.AlgorithmServiceOptimized - 达到最大递归深度: 30
13:05:24.993 [main] WARN com.jinyu.aps.service.AlgorithmServiceOptimized - 达到最大递归深度: 30
13:05:24.993 [main] WARN com.jinyu.aps.service.AlgorithmServiceOptimized - 达到最大递归深度: 30
13:05:24.993 [main] WARN com.jinyu.aps.service.AlgorithmServiceOptimized - 达到最大递归深度: 30
13:05:24.993 [main] WARN com.jinyu.aps.service.AlgorithmServiceOptimized - 达到最大递归深度: 30
13:05:24.993 [main] WARN com.jinyu.aps.service.AlgorithmServiceOptimized - 达到最大递归深度: 30
13:05:24.993 [main] WARN com.jinyu.aps.service.AlgorithmServiceOptimized - 达到最大递归深度: 30
13:05:24.993 [main] WARN com.jinyu.aps.service.AlgorithmServiceOptimized - 达到最大递归深度: 30
13:05:24.993 [main] WARN com.jinyu.aps.service.AlgorithmServiceOptimized - 达到最大递归深度: 30
13:05:24.993 [main] WARN com.jinyu.aps.service.AlgorithmServiceOptimized - 达到最大递归深度: 30
13:05:24.993 [main] WARN com.jinyu.aps.service.AlgorithmServiceOptimized - 达到最大递归深度: 30
13:05:24.993 [main] WARN com.jinyu.aps.service.AlgorithmServiceOptimized - 达到最大递归深度: 30
13:05:24.993 [main] WARN com.jinyu.aps.service.AlgorithmServiceOptimized - 达到最大递归深度: 30
13:05:24.993 [main] WARN com.jinyu.aps.service.AlgorithmServiceOptimized - 达到最大递归深度: 30
13:05:24.993 [main] WARN com.jinyu.aps.service.AlgorithmServiceOptimized - 达到最大递归深度: 30
13:05:24.993 [main] WARN com.jinyu.aps.service.AlgorithmServiceOptimized - 达到最大递归深度: 30
13:05:24.994 [main] WARN com.jinyu.aps.service.AlgorithmServiceOptimized - 达到最大递归深度: 30
13:05:24.994 [main] WARN com.jinyu.aps.service.AlgorithmServiceOptimized - 达到最大递归深度: 30
13:05:24.994 [main] WARN com.jinyu.aps.service.AlgorithmServiceOptimized - 达到最大递归深度: 30
13:05:24.994 [main] WARN com.jinyu.aps.service.AlgorithmServiceOptimized - 达到最大递归深度: 30
13:05:24.994 [main] WARN com.jinyu.aps.service.AlgorithmServiceOptimized - 达到最大递归深度: 30
13:05:24.994 [main] WARN com.jinyu.aps.service.AlgorithmServiceOptimized - 达到最大递归深度: 30
13:05:24.994 [main] WARN com.jinyu.aps.service.AlgorithmServiceOptimized - 达到最大递归深度: 30
13:05:24.994 [main] WARN com.jinyu.aps.service.AlgorithmServiceOptimized - 达到最大递归深度: 30
13:05:24.994 [main] WARN com.jinyu.aps.service.AlgorithmServiceOptimized - 达到最大递归深度: 30
13:05:24.994 [main] WARN com.jinyu.aps.service.AlgorithmServiceOptimized - 达到最大递归深度: 30
13:05:24.994 [main] WARN com.jinyu.aps.service.AlgorithmServiceOptimized - 达到最大递归深度: 30
13:05:24.994 [main] WARN com.jinyu.aps.service.AlgorithmServiceOptimized - 达到最大递归深度: 30
13:05:24.994 [main] WARN com.jinyu.aps.service.AlgorithmServiceOptimized - 达到最大递归深度: 30
13:05:24.994 [main] WARN com.jinyu.aps.service.AlgorithmServiceOptimized - 达到最大递归深度: 30
13:05:24.994 [main] WARN com.jinyu.aps.service.AlgorithmServiceOptimized - 达到最大递归深度: 30
13:05:24.994 [main] WARN com.jinyu.aps.service.AlgorithmServiceOptimized - 达到最大递归深度: 30
13:05:24.994 [main] WARN com.jinyu.aps.service.AlgorithmServiceOptimized - 达到最大递归深度: 30
13:05:24.994 [main] WARN com.jinyu.aps.service.AlgorithmServiceOptimized - 达到最大递归深度: 30
13:05:24.995 [main] WARN com.jinyu.aps.service.AlgorithmServiceOptimized - 达到最大递归深度: 30
13:05:24.995 [main] WARN com.jinyu.aps.service.AlgorithmServiceOptimized - 达到最大递归深度: 30
13:05:24.995 [main] WARN com.jinyu.aps.service.AlgorithmServiceOptimized - 达到最大递归深度: 30
13:05:24.995 [main] WARN com.jinyu.aps.service.AlgorithmServiceOptimized - 达到最大递归深度: 30
13:05:24.995 [main] WARN com.jinyu.aps.service.AlgorithmServiceOptimized - 达到最大递归深度: 30
13:05:24.995 [main] WARN com.jinyu.aps.service.AlgorithmServiceOptimized - 达到最大递归深度: 30
13:05:24.995 [main] WARN com.jinyu.aps.service.AlgorithmServiceOptimized - 达到最大递归深度: 30
13:05:24.995 [main] WARN com.jinyu.aps.service.AlgorithmServiceOptimized - 达到最大递归深度: 30
13:05:24.995 [main] WARN com.jinyu.aps.service.AlgorithmServiceOptimized - 达到最大递归深度: 30
13:05:24.995 [main] WARN com.jinyu.aps.service.AlgorithmServiceOptimized - 达到最大递归深度: 30
13:05:24.995 [main] WARN com.jinyu.aps.service.AlgorithmServiceOptimized - 达到最大递归深度: 30
13:05:24.995 [main] WARN com.jinyu.aps.service.AlgorithmServiceOptimized - 达到最大递归深度: 30
13:05:24.995 [main] WARN com.jinyu.aps.service.AlgorithmServiceOptimized - 达到最大递归深度: 30
13:05:24.995 [main] WARN com.jinyu.aps.service.AlgorithmServiceOptimized - 达到最大递归深度: 30
13:05:24.995 [main] WARN com.jinyu.aps.service.AlgorithmServiceOptimized - 达到最大递归深度: 30
13:05:24.995 [main] WARN com.jinyu.aps.service.AlgorithmServiceOptimized - 达到最大递归深度: 30
13:05:24.995 [main] WARN com.jinyu.aps.service.AlgorithmServiceOptimized - 达到最大递归深度: 30
13:05:24.995 [main] WARN com.jinyu.aps.service.AlgorithmServiceOptimized - 达到最大递归深度: 30
13:05:24.995 [main] WARN com.jinyu.aps.service.AlgorithmServiceOptimized - 达到最大递归深度: 30
13:05:24.995 [main] WARN com.jinyu.aps.service.AlgorithmServiceOptimized - 达到最大递归深度: 30
13:05:24.995 [main] WARN com.jinyu.aps.service.AlgorithmServiceOptimized - 达到最大递归深度: 30
13:05:24.996 [main] WARN com.jinyu.aps.service.AlgorithmServiceOptimized - 达到最大递归深度: 30
13:05:24.996 [main] WARN com.jinyu.aps.service.AlgorithmServiceOptimized - 达到最大递归深度: 30
13:05:24.996 [main] WARN com.jinyu.aps.service.AlgorithmServiceOptimized - 达到最大递归深度: 30
13:05:24.996 [main] WARN com.jinyu.aps.service.AlgorithmServiceOptimized - 达到最大递归深度: 30
13:05:24.996 [main] WARN com.jinyu.aps.service.AlgorithmServiceOptimized - 达到最大递归深度: 30
13:05:24.996 [main] WARN com.jinyu.aps.service.AlgorithmServiceOptimized - 达到最大递归深度: 30
13:05:24.996 [main] WARN com.jinyu.aps.service.AlgorithmServiceOptimized - 达到最大递归深度: 30
13:05:24.996 [main] WARN com.jinyu.aps.service.AlgorithmServiceOptimized - 达到最大递归深度: 30
13:05:24.996 [main] WARN com.jinyu.aps.service.AlgorithmServiceOptimized - 达到最大递归深度: 30
13:05:24.996 [main] WARN com.jinyu.aps.service.AlgorithmServiceOptimized - 达到最大递归深度: 30
13:05:24.996 [main] WARN com.jinyu.aps.service.AlgorithmServiceOptimized - 达到最大递归深度: 30
13:05:24.996 [main] WARN com.jinyu.aps.service.AlgorithmServiceOptimized - 达到最大递归深度: 30
13:05:24.996 [main] WARN com.jinyu.aps.service.AlgorithmServiceOptimized - 达到最大递归深度: 30
13:05:24.996 [main] WARN com.jinyu.aps.service.AlgorithmServiceOptimized - 达到最大递归深度: 30
13:05:24.997 [main] WARN com.jinyu.aps.service.AlgorithmServiceOptimized - 达到最大递归深度: 30
13:05:24.997 [main] WARN com.jinyu.aps.service.AlgorithmServiceOptimized - 达到最大递归深度: 30
13:05:24.997 [main] WARN com.jinyu.aps.service.AlgorithmServiceOptimized - 达到最大递归深度: 30
13:05:24.997 [main] WARN com.jinyu.aps.service.AlgorithmServiceOptimized - 达到最大递归深度: 30
13:05:24.997 [main] WARN com.jinyu.aps.service.AlgorithmServiceOptimized - 达到最大递归深度: 30
13:05:24.997 [main] WARN com.jinyu.aps.service.AlgorithmServiceOptimized - 达到最大递归深度: 30
13:05:24.997 [main] WARN com.jinyu.aps.service.AlgorithmServiceOptimized - 达到最大递归深度: 30
13:05:24.997 [main] WARN com.jinyu.aps.service.AlgorithmServiceOptimized - 达到最大递归深度: 30
13:05:24.997 [main] WARN com.jinyu.aps.service.AlgorithmServiceOptimized - 达到最大递归深度: 30
13:05:24.997 [main] WARN com.jinyu.aps.service.AlgorithmServiceOptimized - 达到最大递归深度: 30
13:05:24.997 [main] WARN com.jinyu.aps.service.AlgorithmServiceOptimized - 达到最大递归深度: 30
13:05:24.997 [main] WARN com.jinyu.aps.service.AlgorithmServiceOptimized - 达到最大递归深度: 30
13:05:24.997 [main] WARN com.jinyu.aps.service.AlgorithmServiceOptimized - 达到最大递归深度: 30
13:05:24.997 [main] WARN com.jinyu.aps.service.AlgorithmServiceOptimized - 达到最大递归深度: 30
13:05:24.997 [main] WARN com.jinyu.aps.service.AlgorithmServiceOptimized - 达到最大递归深度: 30
13:05:24.997 [main] WARN com.jinyu.aps.service.AlgorithmServiceOptimized - 达到最大递归深度: 30
13:05:24.997 [main] WARN com.jinyu.aps.service.AlgorithmServiceOptimized - 达到最大递归深度: 30
13:05:24.997 [main] WARN com.jinyu.aps.service.AlgorithmServiceOptimized - 达到最大递归深度: 30
13:05:24.998 [main] WARN com.jinyu.aps.service.AlgorithmServiceOptimized - 达到最大递归深度: 30
13:05:24.998 [main] WARN com.jinyu.aps.service.AlgorithmServiceOptimized - 达到最大递归深度: 30
13:05:24.998 [main] WARN com.jinyu.aps.service.AlgorithmServiceOptimized - 达到最大递归深度: 30
13:05:24.998 [main] WARN com.jinyu.aps.service.AlgorithmServiceOptimized - 达到最大递归深度: 30
13:05:24.998 [main] WARN com.jinyu.aps.service.AlgorithmServiceOptimized - 达到最大递归深度: 30
13:05:24.998 [main] WARN com.jinyu.aps.service.AlgorithmServiceOptimized - 达到最大递归深度: 30
13:05:24.998 [main] WARN com.jinyu.aps.service.AlgorithmServiceOptimized - 达到最大递归深度: 30
13:05:24.998 [main] WARN com.jinyu.aps.service.AlgorithmServiceOptimized - 达到最大递归深度: 30
13:05:24.998 [main] WARN com.jinyu.aps.service.AlgorithmServiceOptimized - 达到最大递归深度: 30
13:05:24.998 [main] WARN com.jinyu.aps.service.AlgorithmServiceOptimized - 达到最大递归深度: 30
13:05:24.998 [main] WARN com.jinyu.aps.service.AlgorithmServiceOptimized - 达到最大递归深度: 30
13:05:24.998 [main] WARN com.jinyu.aps.service.AlgorithmServiceOptimized - 达到最大递归深度: 30
13:05:24.998 [main] WARN com.jinyu.aps.service.AlgorithmServiceOptimized - 达到最大递归深度: 30
13:05:24.998 [main] WARN com.jinyu.aps.service.AlgorithmServiceOptimized - 达到最大递归深度: 30
13:05:24.998 [main] WARN com.jinyu.aps.service.AlgorithmServiceOptimized - 达到最大递归深度: 30
13:05:24.998 [main] WARN com.jinyu.aps.service.AlgorithmServiceOptimized - 达到最大递归深度: 30
13:05:24.999 [main] WARN com.jinyu.aps.service.AlgorithmServiceOptimized - 达到最大递归深度: 30
13:05:24.999 [main] WARN com.jinyu.aps.service.AlgorithmServiceOptimized - 达到最大递归深度: 30
13:05:24.999 [main] WARN com.jinyu.aps.service.AlgorithmServiceOptimized - 达到最大递归深度: 30
13:05:24.999 [main] WARN com.jinyu.aps.service.AlgorithmServiceOptimized - 达到最大递归深度: 30
13:05:24.999 [main] WARN com.jinyu.aps.service.AlgorithmServiceOptimized - 达到最大递归深度: 30
13:05:24.999 [main] WARN com.jinyu.aps.service.AlgorithmServiceOptimized - 达到最大递归深度: 30
13:05:24.999 [main] WARN com.jinyu.aps.service.AlgorithmServiceOptimized - 达到最大递归深度: 30
13:05:24.999 [main] WARN com.jinyu.aps.service.AlgorithmServiceOptimized - 达到最大递归深度: 30
13:05:24.999 [main] WARN com.jinyu.aps.service.AlgorithmServiceOptimized - 达到最大递归深度: 30
13:05:24.999 [main] WARN com.jinyu.aps.service.AlgorithmServiceOptimized - 达到最大递归深度: 30
13:05:24.999 [main] WARN com.jinyu.aps.service.AlgorithmServiceOptimized - 达到最大递归深度: 30
13:05:24.999 [main] WARN com.jinyu.aps.service.AlgorithmServiceOptimized - 达到最大递归深度: 30
13:05:24.999 [main] WARN com.jinyu.aps.service.AlgorithmServiceOptimized - 达到最大递归深度: 30
13:05:24.999 [main] WARN com.jinyu.aps.service.AlgorithmServiceOptimized - 达到最大递归深度: 30
13:05:24.999 [main] WARN com.jinyu.aps.service.AlgorithmServiceOptimized - 达到最大递归深度: 30
13:05:24.999 [main] WARN com.jinyu.aps.service.AlgorithmServiceOptimized - 达到最大递归深度: 30
13:05:24.999 [main] WARN com.jinyu.aps.service.AlgorithmServiceOptimized - 达到最大递归深度: 30
13:05:25.000 [main] WARN com.jinyu.aps.service.AlgorithmServiceOptimized - 达到最大递归深度: 30
13:05:25.000 [main] WARN com.jinyu.aps.service.AlgorithmServiceOptimized - 达到最大递归深度: 30
13:05:25.000 [main] WARN com.jinyu.aps.service.AlgorithmServiceOptimized - 达到最大递归深度: 30
13:05:25.000 [main] WARN com.jinyu.aps.service.AlgorithmServiceOptimized - 达到最大递归深度: 30
13:05:25.000 [main] WARN com.jinyu.aps.service.AlgorithmServiceOptimized - 达到最大递归深度: 30
13:05:25.000 [main] WARN com.jinyu.aps.service.AlgorithmServiceOptimized - 达到最大递归深度: 30
13:05:25.000 [main] WARN com.jinyu.aps.service.AlgorithmServiceOptimized - 达到最大递归深度: 30
13:05:25.000 [main] WARN com.jinyu.aps.service.AlgorithmServiceOptimized - 达到最大递归深度: 30
13:05:25.000 [main] WARN com.jinyu.aps.service.AlgorithmServiceOptimized - 达到最大递归深度: 30
13:05:25.000 [main] WARN com.jinyu.aps.service.AlgorithmServiceOptimized - 达到最大递归深度: 30
13:05:25.000 [main] WARN com.jinyu.aps.service.AlgorithmServiceOptimized - 达到最大递归深度: 30
13:05:25.000 [main] WARN com.jinyu.aps.service.AlgorithmServiceOptimized - 达到最大递归深度: 30
13:05:25.000 [main] WARN com.jinyu.aps.service.AlgorithmServiceOptimized - 达到最大递归深度: 30
13:05:25.001 [main] WARN com.jinyu.aps.service.AlgorithmServiceOptimized - 达到最大递归深度: 30
13:05:25.001 [main] WARN com.jinyu.aps.service.AlgorithmServiceOptimized - 达到最大递归深度: 30
13:05:25.001 [main] WARN com.jinyu.aps.service.AlgorithmServiceOptimized - 达到最大递归深度: 30
13:05:25.001 [main] WARN com.jinyu.aps.service.AlgorithmServiceOptimized - 达到最大递归深度: 30
13:05:25.001 [main] WARN com.jinyu.aps.service.AlgorithmServiceOptimized - 达到最大递归深度: 30
13:05:25.001 [main] WARN com.jinyu.aps.service.AlgorithmServiceOptimized - 达到最大递归深度: 30
13:05:25.001 [main] WARN com.jinyu.aps.service.AlgorithmServiceOptimized - 达到最大递归深度: 30
13:05:25.001 [main] WARN com.jinyu.aps.service.AlgorithmServiceOptimized - 达到最大递归深度: 30
13:05:25.001 [main] WARN com.jinyu.aps.service.AlgorithmServiceOptimized - 达到最大递归深度: 30
13:05:25.001 [main] WARN com.jinyu.aps.service.AlgorithmServiceOptimized - 达到最大递归深度: 30
13:05:25.001 [main] WARN com.jinyu.aps.service.AlgorithmServiceOptimized - 达到最大递归深度: 30
13:05:25.001 [main] WARN com.jinyu.aps.service.AlgorithmServiceOptimized - 达到最大递归深度: 30
13:05:25.002 [main] WARN com.jinyu.aps.service.AlgorithmServiceOptimized - 达到最大递归深度: 30
13:05:25.002 [main] WARN com.jinyu.aps.service.AlgorithmServiceOptimized - 达到最大递归深度: 30
13:05:25.002 [main] WARN com.jinyu.aps.service.AlgorithmServiceOptimized - 达到最大递归深度: 30
13:05:25.002 [main] WARN com.jinyu.aps.service.AlgorithmServiceOptimized - 达到最大递归深度: 30
13:05:25.002 [main] WARN com.jinyu.aps.service.AlgorithmServiceOptimized - 达到最大递归深度: 30
13:05:25.002 [main] WARN com.jinyu.aps.service.AlgorithmServiceOptimized - 达到最大递归深度: 30
13:05:25.002 [main] WARN com.jinyu.aps.service.AlgorithmServiceOptimized - 达到最大递归深度: 30
13:05:25.002 [main] WARN com.jinyu.aps.service.AlgorithmServiceOptimized - 达到最大递归深度: 30
13:05:25.002 [main] WARN com.jinyu.aps.service.AlgorithmServiceOptimized - 达到最大递归深度: 30
13:05:25.002 [main] WARN com.jinyu.aps.service.AlgorithmServiceOptimized - 达到最大递归深度: 30
13:05:25.002 [main] WARN com.jinyu.aps.service.AlgorithmServiceOptimized - 达到最大递归深度: 30
13:05:25.002 [main] WARN com.jinyu.aps.service.AlgorithmServiceOptimized - 达到最大递归深度: 30
13:05:25.002 [main] WARN com.jinyu.aps.service.AlgorithmServiceOptimized - 达到最大递归深度: 30
13:05:25.002 [main] WARN com.jinyu.aps.service.AlgorithmServiceOptimized - 达到最大递归深度: 30
13:05:25.002 [main] WARN com.jinyu.aps.service.AlgorithmServiceOptimized - 达到最大递归深度: 30
13:05:25.002 [main] WARN com.jinyu.aps.service.AlgorithmServiceOptimized - 达到最大递归深度: 30
13:05:25.003 [main] WARN com.jinyu.aps.service.AlgorithmServiceOptimized - 达到最大递归深度: 30
13:05:25.003 [main] WARN com.jinyu.aps.service.AlgorithmServiceOptimized - 达到最大递归深度: 30
13:05:25.003 [main] WARN com.jinyu.aps.service.AlgorithmServiceOptimized - 达到最大递归深度: 30
13:05:25.003 [main] WARN com.jinyu.aps.service.AlgorithmServiceOptimized - 达到最大递归深度: 30
13:05:25.003 [main] WARN com.jinyu.aps.service.AlgorithmServiceOptimized - 达到最大递归深度: 30
13:05:25.003 [main] WARN com.jinyu.aps.service.AlgorithmServiceOptimized - 达到最大递归深度: 30
13:05:25.003 [main] WARN com.jinyu.aps.service.AlgorithmServiceOptimized - 达到最大递归深度: 30
13:05:25.003 [main] WARN com.jinyu.aps.service.AlgorithmServiceOptimized - 达到最大递归深度: 30
13:05:25.003 [main] WARN com.jinyu.aps.service.AlgorithmServiceOptimized - 达到最大递归深度: 30
13:05:25.003 [main] WARN com.jinyu.aps.service.AlgorithmServiceOptimized - 达到最大递归深度: 30
13:05:25.003 [main] WARN com.jinyu.aps.service.AlgorithmServiceOptimized - 达到最大递归深度: 30
13:05:25.003 [main] WARN com.jinyu.aps.service.AlgorithmServiceOptimized - 达到最大递归深度: 30
13:05:25.003 [main] WARN com.jinyu.aps.service.AlgorithmServiceOptimized - 达到最大递归深度: 30
13:05:25.003 [main] WARN com.jinyu.aps.service.AlgorithmServiceOptimized - 达到最大递归深度: 30
13:05:25.003 [main] WARN com.jinyu.aps.service.AlgorithmServiceOptimized - 达到最大递归深度: 30
13:05:25.003 [main] WARN com.jinyu.aps.service.AlgorithmServiceOptimized - 达到最大递归深度: 30
13:05:25.003 [main] WARN com.jinyu.aps.service.AlgorithmServiceOptimized - 达到最大递归深度: 30
13:05:25.003 [main] WARN com.jinyu.aps.service.AlgorithmServiceOptimized - 达到最大递归深度: 30
13:05:25.003 [main] WARN com.jinyu.aps.service.AlgorithmServiceOptimized - 达到最大递归深度: 30
13:05:25.003 [main] WARN com.jinyu.aps.service.AlgorithmServiceOptimized - 达到最大递归深度: 30
13:05:25.003 [main] WARN com.jinyu.aps.service.AlgorithmServiceOptimized - 达到最大递归深度: 30
13:05:25.003 [main] WARN com.jinyu.aps.service.AlgorithmServiceOptimized - 达到最大递归深度: 30
13:05:25.003 [main] WARN com.jinyu.aps.service.AlgorithmServiceOptimized - 达到最大递归深度: 30
13:05:25.003 [main] WARN com.jinyu.aps.service.AlgorithmServiceOptimized - 达到最大递归深度: 30
13:05:25.003 [main] WARN com.jinyu.aps.service.AlgorithmServiceOptimized - 达到最大递归深度: 30
13:05:25.003 [main] WARN com.jinyu.aps.service.AlgorithmServiceOptimized - 达到最大递归深度: 30
13:05:25.003 [main] WARN com.jinyu.aps.service.AlgorithmServiceOptimized - 达到最大递归深度: 30
13:05:25.003 [main] WARN com.jinyu.aps.service.AlgorithmServiceOptimized - 达到最大递归深度: 30
13:05:25.004 [main] WARN com.jinyu.aps.service.AlgorithmServiceOptimized - 达到最大递归深度: 30
13:05:25.004 [main] WARN com.jinyu.aps.service.AlgorithmServiceOptimized - 达到最大递归深度: 30
13:05:25.004 [main] WARN com.jinyu.aps.service.AlgorithmServiceOptimized - 达到最大递归深度: 30
13:05:25.004 [main] WARN com.jinyu.aps.service.AlgorithmServiceOptimized - 达到最大递归深度: 30
13:05:25.004 [main] WARN com.jinyu.aps.service.AlgorithmServiceOptimized - 达到最大递归深度: 30
13:05:25.004 [main] WARN com.jinyu.aps.service.AlgorithmServiceOptimized - 达到最大递归深度: 30
13:05:25.004 [main] WARN com.jinyu.aps.service.AlgorithmServiceOptimized - 达到最大递归深度: 30
13:05:25.004 [main] WARN com.jinyu.aps.service.AlgorithmServiceOptimized - 达到最大递归深度: 30
13:05:25.004 [main] WARN com.jinyu.aps.service.AlgorithmServiceOptimized - 达到最大递归深度: 30
13:05:25.005 [main] WARN com.jinyu.aps.service.AlgorithmServiceOptimized - 达到最大递归深度: 30
13:05:25.005 [main] WARN com.jinyu.aps.service.AlgorithmServiceOptimized - 达到最大递归深度: 30
13:05:25.005 [main] WARN com.jinyu.aps.service.AlgorithmServiceOptimized - 达到最大递归深度: 30
13:05:25.005 [main] WARN com.jinyu.aps.service.AlgorithmServiceOptimized - 达到最大递归深度: 30
13:05:25.005 [main] WARN com.jinyu.aps.service.AlgorithmServiceOptimized - 达到最大递归深度: 30
13:05:25.005 [main] WARN com.jinyu.aps.service.AlgorithmServiceOptimized - 达到最大递归深度: 30
13:05:25.005 [main] WARN com.jinyu.aps.service.AlgorithmServiceOptimized - 达到最大递归深度: 30
13:05:25.005 [main] WARN com.jinyu.aps.service.AlgorithmServiceOptimized - 达到最大递归深度: 30
13:05:25.005 [main] WARN com.jinyu.aps.service.AlgorithmServiceOptimized - 达到最大递归深度: 30
13:05:25.005 [main] WARN com.jinyu.aps.service.AlgorithmServiceOptimized - 达到最大递归深度: 30
13:05:25.005 [main] WARN com.jinyu.aps.service.AlgorithmServiceOptimized - 达到最大递归深度: 30
13:05:25.005 [main] WARN com.jinyu.aps.service.AlgorithmServiceOptimized - 达到最大递归深度: 30
13:05:25.005 [main] WARN com.jinyu.aps.service.AlgorithmServiceOptimized - 达到最大递归深度: 30
13:05:25.005 [main] WARN com.jinyu.aps.service.AlgorithmServiceOptimized - 达到最大递归深度: 30
13:05:25.005 [main] WARN com.jinyu.aps.service.AlgorithmServiceOptimized - 达到最大递归深度: 30
13:05:25.005 [main] WARN com.jinyu.aps.service.AlgorithmServiceOptimized - 达到最大递归深度: 30
13:05:25.005 [main] WARN com.jinyu.aps.service.AlgorithmServiceOptimized - 达到最大递归深度: 30
13:05:25.005 [main] WARN com.jinyu.aps.service.AlgorithmServiceOptimized - 达到最大递归深度: 30
13:05:25.005 [main] WARN com.jinyu.aps.service.AlgorithmServiceOptimized - 达到最大递归深度: 30
13:05:25.005 [main] WARN com.jinyu.aps.service.AlgorithmServiceOptimized - 达到最大递归深度: 30
13:05:25.005 [main] WARN com.jinyu.aps.service.AlgorithmServiceOptimized - 达到最大递归深度: 30
13:05:25.005 [main] WARN com.jinyu.aps.service.AlgorithmServiceOptimized - 达到最大递归深度: 30
13:05:25.005 [main] WARN com.jinyu.aps.service.AlgorithmServiceOptimized - 达到最大递归深度: 30
13:05:25.005 [main] WARN com.jinyu.aps.service.AlgorithmServiceOptimized - 达到最大递归深度: 30
13:05:25.005 [main] WARN com.jinyu.aps.service.AlgorithmServiceOptimized - 达到最大递归深度: 30
13:05:25.005 [main] WARN com.jinyu.aps.service.AlgorithmServiceOptimized - 达到最大递归深度: 30
13:05:25.005 [main] WARN com.jinyu.aps.service.AlgorithmServiceOptimized - 达到最大递归深度: 30
13:05:25.005 [main] WARN com.jinyu.aps.service.AlgorithmServiceOptimized - 达到最大递归深度: 30
13:05:25.005 [main] WARN com.jinyu.aps.service.AlgorithmServiceOptimized - 达到最大递归深度: 30
13:05:25.005 [main] WARN com.jinyu.aps.service.AlgorithmServiceOptimized - 达到最大递归深度: 30
13:05:25.005 [main] WARN com.jinyu.aps.service.AlgorithmServiceOptimized - 达到最大递归深度: 30
13:05:25.005 [main] WARN com.jinyu.aps.service.AlgorithmServiceOptimized - 达到最大递归深度: 30
13:05:25.006 [main] WARN com.jinyu.aps.service.AlgorithmServiceOptimized - 达到最大递归深度: 30
13:05:25.006 [main] WARN com.jinyu.aps.service.AlgorithmServiceOptimized - 达到最大递归深度: 30
13:05:25.006 [main] WARN com.jinyu.aps.service.AlgorithmServiceOptimized - 达到最大递归深度: 30
13:05:25.006 [main] WARN com.jinyu.aps.service.AlgorithmServiceOptimized - 达到最大递归深度: 30
13:05:25.006 [main] WARN com.jinyu.aps.service.AlgorithmServiceOptimized - 达到最大递归深度: 30
13:05:25.006 [main] WARN com.jinyu.aps.service.AlgorithmServiceOptimized - 达到最大递归深度: 30
13:05:25.006 [main] WARN com.jinyu.aps.service.AlgorithmServiceOptimized - 达到最大递归深度: 30
13:05:25.006 [main] WARN com.jinyu.aps.service.AlgorithmServiceOptimized - 达到最大递归深度: 30
13:05:25.006 [main] WARN com.jinyu.aps.service.AlgorithmServiceOptimized - 达到最大递归深度: 30
13:05:25.006 [main] WARN com.jinyu.aps.service.AlgorithmServiceOptimized - 达到最大递归深度: 30
13:05:25.006 [main] WARN com.jinyu.aps.service.AlgorithmServiceOptimized - 达到最大递归深度: 30
13:05:25.006 [main] WARN com.jinyu.aps.service.AlgorithmServiceOptimized - 达到最大递归深度: 30
13:05:25.009 [main] WARN com.jinyu.aps.service.AlgorithmServiceOptimized - 达到最大递归深度: 30
13:05:25.010 [main] WARN com.jinyu.aps.service.AlgorithmServiceOptimized - 达到最大递归深度: 30
13:05:25.010 [main] WARN com.jinyu.aps.service.AlgorithmServiceOptimized - 达到最大递归深度: 30
13:05:25.010 [main] WARN com.jinyu.aps.service.AlgorithmServiceOptimized - 达到最大递归深度: 30
13:05:25.010 [main] WARN com.jinyu.aps.service.AlgorithmServiceOptimized - 达到最大递归深度: 30
13:05:25.010 [main] WARN com.jinyu.aps.service.AlgorithmServiceOptimized - 达到最大递归深度: 30
13:05:25.010 [main] WARN com.jinyu.aps.service.AlgorithmServiceOptimized - 达到最大递归深度: 30
13:05:25.010 [main] WARN com.jinyu.aps.service.AlgorithmServiceOptimized - 达到最大递归深度: 30
13:05:25.010 [main] WARN com.jinyu.aps.service.AlgorithmServiceOptimized - 达到最大递归深度: 30
13:05:25.010 [main] WARN com.jinyu.aps.service.AlgorithmServiceOptimized - 达到最大递归深度: 30
13:05:25.010 [main] WARN com.jinyu.aps.service.AlgorithmServiceOptimized - 达到最大递归深度: 30
13:05:25.010 [main] WARN com.jinyu.aps.service.AlgorithmServiceOptimized - 达到最大递归深度: 30
13:05:25.010 [main] WARN com.jinyu.aps.service.AlgorithmServiceOptimized - 达到最大递归深度: 30
13:05:25.010 [main] WARN com.jinyu.aps.service.AlgorithmServiceOptimized - 达到最大递归深度: 30
13:05:25.010 [main] WARN com.jinyu.aps.service.AlgorithmServiceOptimized - 达到最大递归深度: 30
13:05:25.010 [main] WARN com.jinyu.aps.service.AlgorithmServiceOptimized - 达到最大递归深度: 30
13:05:25.010 [main] WARN com.jinyu.aps.service.AlgorithmServiceOptimized - 达到最大递归深度: 30
13:05:25.010 [main] WARN com.jinyu.aps.service.AlgorithmServiceOptimized - 达到最大递归深度: 30
13:05:25.010 [main] WARN com.jinyu.aps.service.AlgorithmServiceOptimized - 达到最大递归深度: 30
13:05:25.010 [main] WARN com.jinyu.aps.service.AlgorithmServiceOptimized - 达到最大递归深度: 30
13:05:25.010 [main] WARN com.jinyu.aps.service.AlgorithmServiceOptimized - 达到最大递归深度: 30
13:05:25.010 [main] WARN com.jinyu.aps.service.AlgorithmServiceOptimized - 达到最大递归深度: 30
13:05:25.010 [main] WARN com.jinyu.aps.service.AlgorithmServiceOptimized - 达到最大递归深度: 30
13:05:25.010 [main] WARN com.jinyu.aps.service.AlgorithmServiceOptimized - 达到最大递归深度: 30
13:05:25.010 [main] WARN com.jinyu.aps.service.AlgorithmServiceOptimized - 达到最大递归深度: 30
13:05:25.010 [main] WARN com.jinyu.aps.service.AlgorithmServiceOptimized - 达到最大递归深度: 30
13:05:25.010 [main] WARN com.jinyu.aps.service.AlgorithmServiceOptimized - 达到最大递归深度: 30
13:05:25.010 [main] WARN com.jinyu.aps.service.AlgorithmServiceOptimized - 达到最大递归深度: 30
13:05:25.010 [main] WARN com.jinyu.aps.service.AlgorithmServiceOptimized - 达到最大递归深度: 30
13:05:25.010 [main] WARN com.jinyu.aps.service.AlgorithmServiceOptimized - 达到最大递归深度: 30
13:05:25.010 [main] WARN com.jinyu.aps.service.AlgorithmServiceOptimized - 达到最大递归深度: 30
13:05:25.010 [main] WARN com.jinyu.aps.service.AlgorithmServiceOptimized - 达到最大递归深度: 30
13:05:25.010 [main] WARN com.jinyu.aps.service.AlgorithmServiceOptimized - 达到最大递归深度: 30
13:05:25.010 [main] WARN com.jinyu.aps.service.AlgorithmServiceOptimized - 达到最大递归深度: 30
13:05:25.010 [main] WARN com.jinyu.aps.service.AlgorithmServiceOptimized - 达到最大递归深度: 30
13:05:25.010 [main] WARN com.jinyu.aps.service.AlgorithmServiceOptimized - 达到最大递归深度: 30
13:05:25.010 [main] WARN com.jinyu.aps.service.AlgorithmServiceOptimized - 达到最大递归深度: 30
13:05:25.010 [main] WARN com.jinyu.aps.service.AlgorithmServiceOptimized - 达到最大递归深度: 30
13:05:25.010 [main] WARN com.jinyu.aps.service.AlgorithmServiceOptimized - 达到最大递归深度: 30
13:05:25.010 [main] WARN com.jinyu.aps.service.AlgorithmServiceOptimized - 达到最大递归深度: 30
13:05:25.010 [main] WARN com.jinyu.aps.service.AlgorithmServiceOptimized - 达到最大递归深度: 30
13:05:25.010 [main] WARN com.jinyu.aps.service.AlgorithmServiceOptimized - 达到最大递归深度: 30
13:05:25.010 [main] WARN com.jinyu.aps.service.AlgorithmServiceOptimized - 达到最大递归深度: 30
13:05:25.010 [main] WARN com.jinyu.aps.service.AlgorithmServiceOptimized - 达到最大递归深度: 30
13:05:25.010 [main] WARN com.jinyu.aps.service.AlgorithmServiceOptimized - 达到最大递归深度: 30
13:05:25.010 [main] WARN com.jinyu.aps.service.AlgorithmServiceOptimized - 达到最大递归深度: 30
13:05:25.010 [main] WARN com.jinyu.aps.service.AlgorithmServiceOptimized - 达到最大递归深度: 30
13:05:25.010 [main] WARN com.jinyu.aps.service.AlgorithmServiceOptimized - 达到最大递归深度: 30
13:05:25.010 [main] WARN com.jinyu.aps.service.AlgorithmServiceOptimized - 达到最大递归深度: 30
13:05:25.010 [main] WARN com.jinyu.aps.service.AlgorithmServiceOptimized - 达到最大递归深度: 30
13:05:25.011 [main] WARN com.jinyu.aps.service.AlgorithmServiceOptimized - 达到最大递归深度: 30
13:05:25.011 [main] WARN com.jinyu.aps.service.AlgorithmServiceOptimized - 达到最大递归深度: 30
13:05:25.011 [main] WARN com.jinyu.aps.service.AlgorithmServiceOptimized - 达到最大递归深度: 30
13:05:25.011 [main] WARN com.jinyu.aps.service.AlgorithmServiceOptimized - 达到最大递归深度: 30
13:05:25.011 [main] WARN com.jinyu.aps.service.AlgorithmServiceOptimized - 达到最大递归深度: 30
13:05:25.011 [main] WARN com.jinyu.aps.service.AlgorithmServiceOptimized - 达到最大递归深度: 30
13:05:25.011 [main] WARN com.jinyu.aps.service.AlgorithmServiceOptimized - 达到最大递归深度: 30
13:05:25.011 [main] WARN com.jinyu.aps.service.AlgorithmServiceOptimized - 达到最大递归深度: 30
13:05:25.011 [main] WARN com.jinyu.aps.service.AlgorithmServiceOptimized - 达到最大递归深度: 30
13:05:25.011 [main] WARN com.jinyu.aps.service.AlgorithmServiceOptimized - 达到最大递归深度: 30
13:05:25.011 [main] WARN com.jinyu.aps.service.AlgorithmServiceOptimized - 达到最大递归深度: 30
13:05:25.011 [main] WARN com.jinyu.aps.service.AlgorithmServiceOptimized - 达到最大递归深度: 30
13:05:25.011 [main] WARN com.jinyu.aps.service.AlgorithmServiceOptimized - 达到最大递归深度: 30
13:05:25.011 [main] WARN com.jinyu.aps.service.AlgorithmServiceOptimized - 达到最大递归深度: 30
13:05:25.011 [main] WARN com.jinyu.aps.service.AlgorithmServiceOptimized - 达到最大递归深度: 30
13:05:25.011 [main] WARN com.jinyu.aps.service.AlgorithmServiceOptimized - 达到最大递归深度: 30
13:05:25.011 [main] WARN com.jinyu.aps.service.AlgorithmServiceOptimized - 达到最大递归深度: 30
13:05:25.011 [main] WARN com.jinyu.aps.service.AlgorithmServiceOptimized - 达到最大递归深度: 30
13:05:25.011 [main] WARN com.jinyu.aps.service.AlgorithmServiceOptimized - 达到最大递归深度: 30
13:05:25.011 [main] WARN com.jinyu.aps.service.AlgorithmServiceOptimized - 达到最大递归深度: 30
13:05:25.011 [main] WARN com.jinyu.aps.service.AlgorithmServiceOptimized - 达到最大递归深度: 30
13:05:25.011 [main] WARN com.jinyu.aps.service.AlgorithmServiceOptimized - 达到最大递归深度: 30
13:05:25.011 [main] WARN com.jinyu.aps.service.AlgorithmServiceOptimized - 达到最大递归深度: 30
13:05:25.011 [main] WARN com.jinyu.aps.service.AlgorithmServiceOptimized - 达到最大递归深度: 30
13:05:25.011 [main] WARN com.jinyu.aps.service.AlgorithmServiceOptimized - 达到最大递归深度: 30
13:05:25.011 [main] WARN com.jinyu.aps.service.AlgorithmServiceOptimized - 达到最大递归深度: 30
13:05:25.011 [main] WARN com.jinyu.aps.service.AlgorithmServiceOptimized - 达到最大递归深度: 30
13:05:25.011 [main] WARN com.jinyu.aps.service.AlgorithmServiceOptimized - 达到最大递归深度: 30
13:05:25.011 [main] WARN com.jinyu.aps.service.AlgorithmServiceOptimized - 达到最大递归深度: 30
13:05:25.011 [main] WARN com.jinyu.aps.service.AlgorithmServiceOptimized - 达到最大递归深度: 30
13:05:25.011 [main] WARN com.jinyu.aps.service.AlgorithmServiceOptimized - 达到最大递归深度: 30
13:05:25.011 [main] WARN com.jinyu.aps.service.AlgorithmServiceOptimized - 达到最大递归深度: 30
13:05:25.011 [main] WARN com.jinyu.aps.service.AlgorithmServiceOptimized - 达到最大递归深度: 30
13:05:25.011 [main] WARN com.jinyu.aps.service.AlgorithmServiceOptimized - 达到最大递归深度: 30
13:05:25.011 [main] WARN com.jinyu.aps.service.AlgorithmServiceOptimized - 达到最大递归深度: 30
13:05:25.011 [main] WARN com.jinyu.aps.service.AlgorithmServiceOptimized - 达到最大递归深度: 30
13:05:25.011 [main] WARN com.jinyu.aps.service.AlgorithmServiceOptimized - 达到最大递归深度: 30
13:05:25.011 [main] WARN com.jinyu.aps.service.AlgorithmServiceOptimized - 达到最大递归深度: 30
13:05:25.011 [main] WARN com.jinyu.aps.service.AlgorithmServiceOptimized - 达到最大递归深度: 30
13:05:25.011 [main] WARN com.jinyu.aps.service.AlgorithmServiceOptimized - 达到最大递归深度: 30
13:05:25.011 [main] WARN com.jinyu.aps.service.AlgorithmServiceOptimized - 达到最大递归深度: 30
13:05:25.011 [main] WARN com.jinyu.aps.service.AlgorithmServiceOptimized - 达到最大递归深度: 30
13:05:25.011 [main] WARN com.jinyu.aps.service.AlgorithmServiceOptimized - 达到最大递归深度: 30
13:05:25.011 [main] WARN com.jinyu.aps.service.AlgorithmServiceOptimized - 达到最大递归深度: 30
13:05:25.011 [main] WARN com.jinyu.aps.service.AlgorithmServiceOptimized - 达到最大递归深度: 30
13:05:25.011 [main] WARN com.jinyu.aps.service.AlgorithmServiceOptimized - 达到最大递归深度: 30
13:05:25.011 [main] WARN com.jinyu.aps.service.AlgorithmServiceOptimized - 达到最大递归深度: 30
13:05:25.011 [main] WARN com.jinyu.aps.service.AlgorithmServiceOptimized - 达到最大递归深度: 30
13:05:25.011 [main] WARN com.jinyu.aps.service.AlgorithmServiceOptimized - 达到最大递归深度: 30
13:05:25.011 [main] WARN com.jinyu.aps.service.AlgorithmServiceOptimized - 达到最大递归深度: 30
13:05:25.011 [main] WARN com.jinyu.aps.service.AlgorithmServiceOptimized - 达到最大递归深度: 30
13:05:25.011 [main] WARN com.jinyu.aps.service.AlgorithmServiceOptimized - 达到最大递归深度: 30
13:05:25.011 [main] WARN com.jinyu.aps.service.AlgorithmServiceOptimized - 达到最大递归深度: 30
[...]
13:05:25.056 [main] WARN com.jinyu.aps.service.AlgorithmServiceOptimized - 剪枝触发，尝试次数: 5193
13:05:25.056 [main] WARN com.jinyu.aps.service.AlgorithmServiceOptimized - 剪枝触发，尝试次数: 5194
13:05:25.056 [main] WARN com.jinyu.aps.service.AlgorithmServiceOptimized - 剪枝触发，尝试次数: 5195
13:05:25.056 [main] WARN com.jinyu.aps.service.AlgorithmServiceOptimized - 剪枝触发，尝试次数: 5196
13:05:25.056 [main] WARN com.jinyu.aps.service.AlgorithmServiceOptimized - 剪枝触发，尝试次数: 5197
13:05:25.056 [main] WARN com.jinyu.aps.service.AlgorithmServiceOptimized - 剪枝触发，尝试次数: 5198
13:05:25.056 [main] WARN com.jinyu.aps.service.AlgorithmServiceOptimized - 剪枝触发，尝试次数: 5199
13:05:25.056 [main] WARN com.jinyu.aps.service.AlgorithmServiceOptimized - 剪枝触发，尝试次数: 5200
13:05:25.056 [main] WARN com.jinyu.aps.service.AlgorithmServiceOptimized - 剪枝触发，尝试次数: 5201
13:05:25.056 [main] WARN com.jinyu.aps.service.AlgorithmServiceOptimized - 剪枝触发，尝试次数: 5202
13:05:25.056 [main] WARN com.jinyu.aps.service.AlgorithmServiceOptimized - 剪枝触发，尝试次数: 5203
13:05:25.056 [main] WARN com.jinyu.aps.service.AlgorithmServiceOptimized - 剪枝触发，尝试次数: 5204
13:05:25.056 [main] WARN com.jinyu.aps.service.AlgorithmServiceOptimized - 剪枝触发，尝试次数: 5205
13:05:25.056 [main] WARN com.jinyu.aps.service.AlgorithmServiceOptimized - 剪枝触发，尝试次数: 5206
13:05:25.056 [main] WARN com.jinyu.aps.service.AlgorithmServiceOptimized - 剪枝触发，尝试次数: 5207
13:05:25.056 [main] WARN com.jinyu.aps.service.AlgorithmServiceOptimized - 剪枝触发，尝试次数: 5208
13:05:25.056 [main] WARN com.jinyu.aps.service.AlgorithmServiceOptimized - 剪枝触发，尝试次数: 5209
13:05:25.056 [main] WARN com.jinyu.aps.service.AlgorithmServiceOptimized - 剪枝触发，尝试次数: 5210
13:05:25.056 [main] WARN com.jinyu.aps.service.AlgorithmServiceOptimized - 剪枝触发，尝试次数: 5211
13:05:25.056 [main] WARN com.jinyu.aps.service.AlgorithmServiceOptimized - 剪枝触发，尝试次数: 5212
13:05:25.056 [main] WARN com.jinyu.aps.service.AlgorithmServiceOptimized - 剪枝触发，尝试次数: 5213
13:05:25.056 [main] WARN com.jinyu.aps.service.AlgorithmServiceOptimized - 剪枝触发，尝试次数: 5214
13:05:25.056 [main] WARN com.jinyu.aps.service.AlgorithmServiceOptimized - 剪枝触发，尝试次数: 5215
13:05:25.056 [main] WARN com.jinyu.aps.service.AlgorithmServiceOptimized - 剪枝触发，尝试次数: 5216
13:05:25.056 [main] WARN com.jinyu.aps.service.AlgorithmServiceOptimized - 剪枝触发，尝试次数: 5217
13:05:25.056 [main] WARN com.jinyu.aps.service.AlgorithmServiceOptimized - 剪枝触发，尝试次数: 5218
13:05:25.056 [main] WARN com.jinyu.aps.service.AlgorithmServiceOptimized - 剪枝触发，尝试次数: 5219
13:05:25.056 [main] WARN com.jinyu.aps.service.AlgorithmServiceOptimized - 剪枝触发，尝试次数: 5220
13:05:25.056 [main] WARN com.jinyu.aps.service.AlgorithmServiceOptimized - 剪枝触发，尝试次数: 5221
13:05:25.056 [main] WARN com.jinyu.aps.service.AlgorithmServiceOptimized - 剪枝触发，尝试次数: 5222
13:05:25.056 [main] WARN com.jinyu.aps.service.AlgorithmServiceOptimized - 剪枝触发，尝试次数: 5223
13:05:25.056 [main] WARN com.jinyu.aps.service.AlgorithmServiceOptimized - 剪枝触发，尝试次数: 5224
13:05:25.056 [main] WARN com.jinyu.aps.service.AlgorithmServiceOptimized - 剪枝触发，尝试次数: 5225
13:05:25.056 [main] WARN com.jinyu.aps.service.AlgorithmServiceOptimized - 剪枝触发，尝试次数: 5226
13:05:25.056 [main] WARN com.jinyu.aps.service.AlgorithmServiceOptimized - 剪枝触发，尝试次数: 5227
13:05:25.056 [main] WARN com.jinyu.aps.service.AlgorithmServiceOptimized - 剪枝触发，尝试次数: 5228
13:05:25.056 [main] WARN com.jinyu.aps.service.AlgorithmServiceOptimized - 剪枝触发，尝试次数: 5229
13:05:25.056 [main] WARN com.jinyu.aps.service.AlgorithmServiceOptimized - 剪枝触发，尝试次数: 5230
13:05:25.056 [main] WARN com.jinyu.aps.service.AlgorithmServiceOptimized - 剪枝触发，尝试次数: 5231
13:05:25.056 [main] WARN com.jinyu.aps.service.AlgorithmServiceOptimized - 剪枝触发，尝试次数: 5232
13:05:25.056 [main] WARN com.jinyu.aps.service.AlgorithmServiceOptimized - 剪枝触发，尝试次数: 5233
13:05:25.056 [main] WARN com.jinyu.aps.service.AlgorithmServiceOptimized - 剪枝触发，尝试次数: 5234
13:05:25.056 [main] WARN com.jinyu.aps.service.AlgorithmServiceOptimized - 剪枝触发，尝试次数: 5235
13:05:25.056 [main] WARN com.jinyu.aps.service.AlgorithmServiceOptimized - 剪枝触发，尝试次数: 5236
13:05:25.056 [main] WARN com.jinyu.aps.service.AlgorithmServiceOptimized - 剪枝触发，尝试次数: 5237
13:05:25.056 [main] WARN com.jinyu.aps.service.AlgorithmServiceOptimized - 剪枝触发，尝试次数: 5238
13:05:25.056 [main] WARN com.jinyu.aps.service.AlgorithmServiceOptimized - 剪枝触发，尝试次数: 5239
13:05:25.056 [main] WARN com.jinyu.aps.service.AlgorithmServiceOptimized - 剪枝触发，尝试次数: 5240
13:05:25.056 [main] WARN com.jinyu.aps.service.AlgorithmServiceOptimized - 剪枝触发，尝试次数: 5241
13:05:25.056 [main] WARN com.jinyu.aps.service.AlgorithmServiceOptimized - 剪枝触发，尝试次数: 5242
13:05:25.056 [main] WARN com.jinyu.aps.service.AlgorithmServiceOptimized - 剪枝触发，尝试次数: 5243
13:05:25.056 [main] WARN com.jinyu.aps.service.AlgorithmServiceOptimized - 剪枝触发，尝试次数: 5244
13:05:25.056 [main] WARN com.jinyu.aps.service.AlgorithmServiceOptimized - 剪枝触发，尝试次数: 5245
13:05:25.056 [main] WARN com.jinyu.aps.service.AlgorithmServiceOptimized - 剪枝触发，尝试次数: 5246
13:05:25.056 [main] WARN com.jinyu.aps.service.AlgorithmServiceOptimized - 剪枝触发，尝试次数: 5247
13:05:25.056 [main] WARN com.jinyu.aps.service.AlgorithmServiceOptimized - 剪枝触发，尝试次数: 5248
13:05:25.056 [main] WARN com.jinyu.aps.service.AlgorithmServiceOptimized - 剪枝触发，尝试次数: 5249
13:05:25.056 [main] WARN com.jinyu.aps.service.AlgorithmServiceOptimized - 剪枝触发，尝试次数: 5250
13:05:25.056 [main] WARN com.jinyu.aps.service.AlgorithmServiceOptimized - 剪枝触发，尝试次数: 5251
13:05:25.056 [main] WARN com.jinyu.aps.service.AlgorithmServiceOptimized - 剪枝触发，尝试次数: 5252
13:05:25.056 [main] WARN com.jinyu.aps.service.AlgorithmServiceOptimized - 剪枝触发，尝试次数: 5253
13:05:25.056 [main] WARN com.jinyu.aps.service.AlgorithmServiceOptimized - 剪枝触发，尝试次数: 5254
13:05:25.056 [main] WARN com.jinyu.aps.service.AlgorithmServiceOptimized - 剪枝触发，尝试次数: 5255
13:05:25.056 [main] WARN com.jinyu.aps.service.AlgorithmServiceOptimized - 剪枝触发，尝试次数: 5256
13:05:25.056 [main] WARN com.jinyu.aps.service.AlgorithmServiceOptimized - 剪枝触发，尝试次数: 5257
13:05:25.056 [main] WARN com.jinyu.aps.service.AlgorithmServiceOptimized - 剪枝触发，尝试次数: 5258
13:05:25.056 [main] WARN com.jinyu.aps.service.AlgorithmServiceOptimized - 剪枝触发，尝试次数: 5259
13:05:25.056 [main] WARN com.jinyu.aps.service.AlgorithmServiceOptimized - 剪枝触发，尝试次数: 5260
13:05:25.056 [main] WARN com.jinyu.aps.service.AlgorithmServiceOptimized - 剪枝触发，尝试次数: 5261
13:05:25.056 [main] WARN com.jinyu.aps.service.AlgorithmServiceOptimized - 剪枝触发，尝试次数: 5262
13:05:25.056 [main] WARN com.jinyu.aps.service.AlgorithmServiceOptimized - 剪枝触发，尝试次数: 5263
13:05:25.056 [main] WARN com.jinyu.aps.service.AlgorithmServiceOptimized - 剪枝触发，尝试次数: 5264
13:05:25.056 [main] WARN com.jinyu.aps.service.AlgorithmServiceOptimized - 剪枝触发，尝试次数: 5265
13:05:25.056 [main] WARN com.jinyu.aps.service.AlgorithmServiceOptimized - 剪枝触发，尝试次数: 5266
13:05:25.056 [main] WARN com.jinyu.aps.service.AlgorithmServiceOptimized - 剪枝触发，尝试次数: 5267
13:05:25.056 [main] WARN com.jinyu.aps.service.AlgorithmServiceOptimized - 剪枝触发，尝试次数: 5268
13:05:25.056 [main] WARN com.jinyu.aps.service.AlgorithmServiceOptimized - 剪枝触发，尝试次数: 5269
13:05:25.056 [main] WARN com.jinyu.aps.service.AlgorithmServiceOptimized - 剪枝触发，尝试次数: 5270
13:05:25.056 [main] WARN com.jinyu.aps.service.AlgorithmServiceOptimized - 剪枝触发，尝试次数: 5271
13:05:25.056 [main] WARN com.jinyu.aps.service.AlgorithmServiceOptimized - 剪枝触发，尝试次数: 5272
13:05:25.056 [main] WARN com.jinyu.aps.service.AlgorithmServiceOptimized - 剪枝触发，尝试次数: 5273
13:05:25.056 [main] WARN com.jinyu.aps.service.AlgorithmServiceOptimized - 剪枝触发，尝试次数: 5274
13:05:25.056 [main] WARN com.jinyu.aps.service.AlgorithmServiceOptimized - 剪枝触发，尝试次数: 5275
13:05:25.056 [main] WARN com.jinyu.aps.service.AlgorithmServiceOptimized - 剪枝触发，尝试次数: 5276
13:05:25.056 [main] WARN com.jinyu.aps.service.AlgorithmServiceOptimized - 剪枝触发，尝试次数: 5277
13:05:25.056 [main] WARN com.jinyu.aps.service.AlgorithmServiceOptimized - 剪枝触发，尝试次数: 5278
13:05:25.056 [main] WARN com.jinyu.aps.service.AlgorithmServiceOptimized - 剪枝触发，尝试次数: 5279
13:05:25.056 [main] WARN com.jinyu.aps.service.AlgorithmServiceOptimized - 剪枝触发，尝试次数: 5280
13:05:25.056 [main] WARN com.jinyu.aps.service.AlgorithmServiceOptimized - 剪枝触发，尝试次数: 5281
13:05:25.056 [main] WARN com.jinyu.aps.service.AlgorithmServiceOptimized - 剪枝触发，尝试次数: 5282
13:05:25.056 [main] WARN com.jinyu.aps.service.AlgorithmServiceOptimized - 剪枝触发，尝试次数: 5283
13:05:25.056 [main] WARN com.jinyu.aps.service.AlgorithmServiceOptimized - 剪枝触发，尝试次数: 5284
13:05:25.056 [main] WARN com.jinyu.aps.service.AlgorithmServiceOptimized - 剪枝触发，尝试次数: 5285
13:05:25.056 [main] WARN com.jinyu.aps.service.AlgorithmServiceOptimized - 剪枝触发，尝试次数: 5286
13:05:25.056 [main] WARN com.jinyu.aps.service.AlgorithmServiceOptimized - 剪枝触发，尝试次数: 5287
13:05:25.056 [main] WARN com.jinyu.aps.service.AlgorithmServiceOptimized - 剪枝触发，尝试次数: 5288
13:05:25.056 [main] WARN com.jinyu.aps.service.AlgorithmServiceOptimized - 剪枝触发，尝试次数: 5289
13:05:25.056 [main] WARN com.jinyu.aps.service.AlgorithmServiceOptimized - 剪枝触发，尝试次数: 5290
13:05:25.056 [main] WARN com.jinyu.aps.service.AlgorithmServiceOptimized - 剪枝触发，尝试次数: 5291
13:05:25.056 [main] WARN com.jinyu.aps.service.AlgorithmServiceOptimized - 剪枝触发，尝试次数: 5292
13:05:25.056 [main] WARN com.jinyu.aps.service.AlgorithmServiceOptimized - 剪枝触发，尝试次数: 5293
13:05:25.056 [main] WARN com.jinyu.aps.service.AlgorithmServiceOptimized - 剪枝触发，尝试次数: 5294
13:05:25.056 [main] WARN com.jinyu.aps.service.AlgorithmServiceOptimized - 剪枝触发，尝试次数: 5295
13:05:25.056 [main] WARN com.jinyu.aps.service.AlgorithmServiceOptimized - 剪枝触发，尝试次数: 5296
13:05:25.056 [main] WARN com.jinyu.aps.service.AlgorithmServiceOptimized - 剪枝触发，尝试次数: 5297
13:05:25.056 [main] WARN com.jinyu.aps.service.AlgorithmServiceOptimized - 剪枝触发，尝试次数: 5298
13:05:25.056 [main] WARN com.jinyu.aps.service.AlgorithmServiceOptimized - 剪枝触发，尝试次数: 5299
13:05:25.056 [main] WARN com.jinyu.aps.service.AlgorithmServiceOptimized - 剪枝触发，尝试次数: 5300
13:05:25.056 [main] WARN com.jinyu.aps.service.AlgorithmServiceOptimized - 剪枝触发，尝试次数: 5301
13:05:25.056 [main] WARN com.jinyu.aps.service.AlgorithmServiceOptimized - 剪枝触发，尝试次数: 5302
13:05:25.056 [main] WARN com.jinyu.aps.service.AlgorithmServiceOptimized - 剪枝触发，尝试次数: 5303
13:05:25.056 [main] WARN com.jinyu.aps.service.AlgorithmServiceOptimized - 剪枝触发，尝试次数: 5304
13:05:25.056 [main] WARN com.jinyu.aps.service.AlgorithmServiceOptimized - 剪枝触发，尝试次数: 5305
13:05:25.056 [main] WARN com.jinyu.aps.service.AlgorithmServiceOptimized - 剪枝触发，尝试次数: 5306
13:05:25.056 [main] WARN com.jinyu.aps.service.AlgorithmServiceOptimized - 剪枝触发，尝试次数: 5307
13:05:25.056 [main] WARN com.jinyu.aps.service.AlgorithmServiceOptimized - 剪枝触发，尝试次数: 5308
13:05:25.056 [main] WARN com.jinyu.aps.service.AlgorithmServiceOptimized - 剪枝触发，尝试次数: 5309
13:05:25.056 [main] WARN com.jinyu.aps.service.AlgorithmServiceOptimized - 剪枝触发，尝试次数: 5310
13:05:25.056 [main] WARN com.jinyu.aps.service.AlgorithmServiceOptimized - 剪枝触发，尝试次数: 5311
13:05:25.056 [main] WARN com.jinyu.aps.service.AlgorithmServiceOptimized - 剪枝触发，尝试次数: 5312
13:05:25.056 [main] WARN com.jinyu.aps.service.AlgorithmServiceOptimized - 剪枝触发，尝试次数: 5313
13:05:25.056 [main] WARN com.jinyu.aps.service.AlgorithmServiceOptimized - 剪枝触发，尝试次数: 5314
13:05:25.056 [main] WARN com.jinyu.aps.service.AlgorithmServiceOptimized - 剪枝触发，尝试次数: 5315
13:05:25.056 [main] WARN com.jinyu.aps.service.AlgorithmServiceOptimized - 剪枝触发，尝试次数: 5316
13:05:25.056 [main] WARN com.jinyu.aps.service.AlgorithmServiceOptimized - 剪枝触发，尝试次数: 5317
13:05:25.056 [main] WARN com.jinyu.aps.service.AlgorithmServiceOptimized - 剪枝触发，尝试次数: 5318
13:05:25.056 [main] WARN com.jinyu.aps.service.AlgorithmServiceOptimized - 剪枝触发，尝试次数: 5319
13:05:25.056 [main] WARN com.jinyu.aps.service.AlgorithmServiceOptimized - 剪枝触发，尝试次数: 5320
13:05:25.056 [main] WARN com.jinyu.aps.service.AlgorithmServiceOptimized - 剪枝触发，尝试次数: 5321
13:05:25.056 [main] WARN com.jinyu.aps.service.AlgorithmServiceOptimized - 剪枝触发，尝试次数: 5322
13:05:25.056 [main] WARN com.jinyu.aps.service.AlgorithmServiceOptimized - 剪枝触发，尝试次数: 5323
13:05:25.056 [main] WARN com.jinyu.aps.service.AlgorithmServiceOptimized - 剪枝触发，尝试次数: 5324
13:05:25.056 [main] WARN com.jinyu.aps.service.AlgorithmServiceOptimized - 剪枝触发，尝试次数: 5325
13:05:25.056 [main] WARN com.jinyu.aps.service.AlgorithmServiceOptimized - 剪枝触发，尝试次数: 5326
13:05:25.056 [main] WARN com.jinyu.aps.service.AlgorithmServiceOptimized - 剪枝触发，尝试次数: 5327
13:05:25.056 [main] WARN com.jinyu.aps.service.AlgorithmServiceOptimized - 剪枝触发，尝试次数: 5328
13:05:25.056 [main] WARN com.jinyu.aps.service.AlgorithmServiceOptimized - 剪枝触发，尝试次数: 5329
13:05:25.056 [main] WARN com.jinyu.aps.service.AlgorithmServiceOptimized - 剪枝触发，尝试次数: 5330
13:05:25.056 [main] WARN com.jinyu.aps.service.AlgorithmServiceOptimized - 剪枝触发，尝试次数: 5331
13:05:25.056 [main] WARN com.jinyu.aps.service.AlgorithmServiceOptimized - 剪枝触发，尝试次数: 5332
13:05:25.056 [main] WARN com.jinyu.aps.service.AlgorithmServiceOptimized - 剪枝触发，尝试次数: 5333
13:05:25.056 [main] WARN com.jinyu.aps.service.AlgorithmServiceOptimized - 剪枝触发，尝试次数: 5334
13:05:25.056 [main] WARN com.jinyu.aps.service.AlgorithmServiceOptimized - 剪枝触发，尝试次数: 5335
13:05:25.056 [main] WARN com.jinyu.aps.service.AlgorithmServiceOptimized - 剪枝触发，尝试次数: 5336
13:05:25.056 [main] WARN com.jinyu.aps.service.AlgorithmServiceOptimized - 剪枝触发，尝试次数: 5337
13:05:25.056 [main] WARN com.jinyu.aps.service.AlgorithmServiceOptimized - 剪枝触发，尝试次数: 5338
13:05:25.056 [main] WARN com.jinyu.aps.service.AlgorithmServiceOptimized - 剪枝触发，尝试次数: 5339
13:05:25.056 [main] WARN com.jinyu.aps.service.AlgorithmServiceOptimized - 剪枝触发，尝试次数: 5340
13:05:25.056 [main] WARN com.jinyu.aps.service.AlgorithmServiceOptimized - 剪枝触发，尝试次数: 5341
13:05:25.056 [main] WARN com.jinyu.aps.service.AlgorithmServiceOptimized - 剪枝触发，尝试次数: 5342
13:05:25.056 [main] WARN com.jinyu.aps.service.AlgorithmServiceOptimized - 剪枝触发，尝试次数: 5343
13:05:25.056 [main] WARN com.jinyu.aps.service.AlgorithmServiceOptimized - 剪枝触发，尝试次数: 5344
13:05:25.056 [main] WARN com.jinyu.aps.service.AlgorithmServiceOptimized - 剪枝触发，尝试次数: 5345
13:05:25.056 [main] WARN com.jinyu.aps.service.AlgorithmServiceOptimized - 剪枝触发，尝试次数: 5346
13:05:25.056 [main] WARN com.jinyu.aps.service.AlgorithmServiceOptimized - 剪枝触发，尝试次数: 5347
13:05:25.056 [main] WARN com.jinyu.aps.service.AlgorithmServiceOptimized - 剪枝触发，尝试次数: 5348
13:05:25.056 [main] WARN com.jinyu.aps.service.AlgorithmServiceOptimized - 剪枝触发，尝试次数: 5349
13:05:25.056 [main] WARN com.jinyu.aps.service.AlgorithmServiceOptimized - 剪枝触发，尝试次数: 5350
13:05:25.056 [main] WARN com.jinyu.aps.service.AlgorithmServiceOptimized - 剪枝触发，尝试次数: 5351
13:05:25.056 [main] WARN com.jinyu.aps.service.AlgorithmServiceOptimized - 剪枝触发，尝试次数: 5352
13:05:25.056 [main] WARN com.jinyu.aps.service.AlgorithmServiceOptimized - 剪枝触发，尝试次数: 5353
13:05:25.056 [main] WARN com.jinyu.aps.service.AlgorithmServiceOptimized - 剪枝触发，尝试次数: 5354
13:05:25.056 [main] WARN com.jinyu.aps.service.AlgorithmServiceOptimized - 剪枝触发，尝试次数: 5355
13:05:25.056 [main] WARN com.jinyu.aps.service.AlgorithmServiceOptimized - 剪枝触发，尝试次数: 5356
13:05:25.056 [main] WARN com.jinyu.aps.service.AlgorithmServiceOptimized - 剪枝触发，尝试次数: 5357
13:05:25.056 [main] WARN com.jinyu.aps.service.AlgorithmServiceOptimized - 剪枝触发，尝试次数: 5358
13:05:25.056 [main] WARN com.jinyu.aps.service.AlgorithmServiceOptimized - 剪枝触发，尝试次数: 5359
13:05:25.056 [main] WARN com.jinyu.aps.service.AlgorithmServiceOptimized - 剪枝触发，尝试次数: 5360
13:05:25.056 [main] WARN com.jinyu.aps.service.AlgorithmServiceOptimized - 剪枝触发，尝试次数: 5361
13:05:25.056 [main] WARN com.jinyu.aps.service.AlgorithmServiceOptimized - 剪枝触发，尝试次数: 5362
13:05:25.056 [main] WARN com.jinyu.aps.service.AlgorithmServiceOptimized - 剪枝触发，尝试次数: 5363
13:05:25.056 [main] WARN com.jinyu.aps.service.AlgorithmServiceOptimized - 剪枝触发，尝试次数: 5364
13:05:25.056 [main] WARN com.jinyu.aps.service.AlgorithmServiceOptimized - 剪枝触发，尝试次数: 5365
13:05:25.056 [main] WARN com.jinyu.aps.service.AlgorithmServiceOptimized - 剪枝触发，尝试次数: 5366
13:05:25.056 [main] WARN com.jinyu.aps.service.AlgorithmServiceOptimized - 剪枝触发，尝试次数: 5367
13:05:25.056 [main] WARN com.jinyu.aps.service.AlgorithmServiceOptimized - 剪枝触发，尝试次数: 5368
13:05:25.056 [main] WARN com.jinyu.aps.service.AlgorithmServiceOptimized - 剪枝触发，尝试次数: 5369
13:05:25.056 [main] WARN com.jinyu.aps.service.AlgorithmServiceOptimized - 剪枝触发，尝试次数: 5370
13:05:25.056 [main] WARN com.jinyu.aps.service.AlgorithmServiceOptimized - 剪枝触发，尝试次数: 5371
13:05:25.056 [main] WARN com.jinyu.aps.service.AlgorithmServiceOptimized - 剪枝触发，尝试次数: 5372
13:05:25.056 [main] WARN com.jinyu.aps.service.AlgorithmServiceOptimized - 剪枝触发，尝试次数: 5373
13:05:25.056 [main] WARN com.jinyu.aps.service.AlgorithmServiceOptimized - 剪枝触发，尝试次数: 5374
13:05:25.056 [main] WARN com.jinyu.aps.service.AlgorithmServiceOptimized - 剪枝触发，尝试次数: 5375
13:05:25.056 [main] WARN com.jinyu.aps.service.AlgorithmServiceOptimized - 剪枝触发，尝试次数: 5376
13:05:25.056 [main] WARN com.jinyu.aps.service.AlgorithmServiceOptimized - 剪枝触发，尝试次数: 5377
13:05:25.056 [main] WARN com.jinyu.aps.service.AlgorithmServiceOptimized - 剪枝触发，尝试次数: 5378
13:05:25.056 [main] WARN com.jinyu.aps.service.AlgorithmServiceOptimized - 剪枝触发，尝试次数: 5379
13:05:25.056 [main] WARN com.jinyu.aps.service.AlgorithmServiceOptimized - 剪枝触发，尝试次数: 5380
13:05:25.056 [main] WARN com.jinyu.aps.service.AlgorithmServiceOptimized - 剪枝触发，尝试次数: 5381
13:05:25.056 [main] WARN com.jinyu.aps.service.AlgorithmServiceOptimized - 剪枝触发，尝试次数: 5382
13:05:25.056 [main] WARN com.jinyu.aps.service.AlgorithmServiceOptimized - 剪枝触发，尝试次数: 5383
13:05:25.056 [main] WARN com.jinyu.aps.service.AlgorithmServiceOptimized - 剪枝触发，尝试次数: 5384
13:05:25.056 [main] WARN com.jinyu.aps.service.AlgorithmServiceOptimized - 剪枝触发，尝试次数: 5385
13:05:25.056 [main] WARN com.jinyu.aps.service.AlgorithmServiceOptimized - 剪枝触发，尝试次数: 5386
13:05:25.056 [main] WARN com.jinyu.aps.service.AlgorithmServiceOptimized - 剪枝触发，尝试次数: 5387
13:05:25.056 [main] WARN com.jinyu.aps.service.AlgorithmServiceOptimized - 剪枝触发，尝试次数: 5388
13:05:25.056 [main] WARN com.jinyu.aps.service.AlgorithmServiceOptimized - 剪枝触发，尝试次数: 5389
13:05:25.056 [main] WARN com.jinyu.aps.service.AlgorithmServiceOptimized - 剪枝触发，尝试次数: 5390
13:05:25.056 [main] WARN com.jinyu.aps.service.AlgorithmServiceOptimized - 剪枝触发，尝试次数: 5391
13:05:25.056 [main] WARN com.jinyu.aps.service.AlgorithmServiceOptimized - 剪枝触发，尝试次数: 5392
13:05:25.056 [main] WARN com.jinyu.aps.service.AlgorithmServiceOptimized - 剪枝触发，尝试次数: 5393
13:05:25.056 [main] WARN com.jinyu.aps.service.AlgorithmServiceOptimized - 剪枝触发，尝试次数: 5394
13:05:25.056 [main] WARN com.jinyu.aps.service.AlgorithmServiceOptimized - 剪枝触发，尝试次数: 5395
13:05:25.056 [main] WARN com.jinyu.aps.service.AlgorithmServiceOptimized - 剪枝触发，尝试次数: 5396
13:05:25.056 [main] WARN com.jinyu.aps.service.AlgorithmServiceOptimized - 剪枝触发，尝试次数: 5397
13:05:25.056 [main] WARN com.jinyu.aps.service.AlgorithmServiceOptimized - 剪枝触发，尝试次数: 5398
13:05:25.056 [main] WARN com.jinyu.aps.service.AlgorithmServiceOptimized - 剪枝触发，尝试次数: 5399
13:05:25.056 [main] WARN com.jinyu.aps.service.AlgorithmServiceOptimized - 剪枝触发，尝试次数: 5400
13:05:25.056 [main] WARN com.jinyu.aps.service.AlgorithmServiceOptimized - 剪枝触发，尝试次数: 5401
13:05:25.056 [main] WARN com.jinyu.aps.service.AlgorithmServiceOptimized - 剪枝触发，尝试次数: 5402
13:05:25.056 [main] WARN com.jinyu.aps.service.AlgorithmServiceOptimized - 剪枝触发，尝试次数: 5403
13:05:25.056 [main] WARN com.jinyu.aps.service.AlgorithmServiceOptimized - 剪枝触发，尝试次数: 5404
13:05:25.056 [main] WARN com.jinyu.aps.service.AlgorithmServiceOptimized - 剪枝触发，尝试次数: 5405
13:05:25.056 [main] WARN com.jinyu.aps.service.AlgorithmServiceOptimized - 剪枝触发，尝试次数: 5406
13:05:25.056 [main] WARN com.jinyu.aps.service.AlgorithmServiceOptimized - 试错分配失败，耗时: 94ms
13:05:25.056 [main] INFO PERFORMANCE - === 性能指标 ===
13:05:25.056 [main] INFO PERFORMANCE - 总耗时: 94ms
13:05:25.056 [main] INFO PERFORMANCE - 总分配次数: 5406
13:05:25.056 [main] INFO PERFORMANCE - 缓存命中次数: 5303
13:05:25.056 [main] INFO PERFORMANCE - 回溯次数: 5406
13:05:25.057 [main] INFO PERFORMANCE - 缓存命中率: 98.09%
=== 大规模测试结果 ===
优化版耗时: 95ms
分配成功: false
分配明细数: 0
]]></system-out>
  </testcase>
</testsuite>