<?xml version="1.0" encoding="UTF-8"?>
<testsuite xmlns:xsi="http://www.w3.org/2001/XMLSchema-instance" xsi:noNamespaceSchemaLocation="https://maven.apache.org/surefire/maven-surefire-plugin/xsd/surefire-test-report-3.0.xsd" version="3.0" name="com.jinyu.aps.integration.ScheduleIntegrationTest$PerformanceTests" time="0.036" tests="2" errors="0" skipped="0" failures="0">
  <properties>
[...]
</properties>
  <testcase name="testPerformance_LargeScaleSorting" classname="com.jinyu.aps.integration.ScheduleIntegrationTest$PerformanceTests" time="0.005">
    <system-out><![CDATA[13:05:28.471 [main] INFO  o.s.b.t.c.SpringBootTestContextBootstrapper - Neither @ContextConfiguration nor @ContextHierarchy found for test class [com.jinyu.aps.integration.ScheduleIntegrationTest], using SpringBootContextLoader
13:05:28.471 [main] INFO  o.s.t.c.s.AbstractContextLoader - Could not detect default resource locations for test class [com.jinyu.aps.integration.ScheduleIntegrationTest]: no resource found for suffixes {-context.xml, Context.groovy}.
13:05:28.472 [main] INFO  o.s.t.c.s.AnnotationConfigContextLoaderUtils - Could not detect default configuration classes for test class [com.jinyu.aps.integration.ScheduleIntegrationTest]: ScheduleIntegrationTest does not declare any static, non-private, non-final, nested classes annotated with @Configuration.
13:05:28.478 [main] INFO  o.s.b.t.c.SpringBootTestContextBootstrapper - Found @SpringBootConfiguration com.jinyu.aps.ApsFormingScheduleApplication for test class com.jinyu.aps.integration.ScheduleIntegrationTest
13:05:28.479 [main] INFO  o.s.b.t.c.SpringBootTestContextBootstrapper - Loaded default TestExecutionListener class names from location [META-INF/spring.factories]: [org.springframework.boot.test.mock.mockito.MockitoTestExecutionListener, org.springframework.boot.test.mock.mockito.ResetMocksTestExecutionListener, org.springframework.boot.test.autoconfigure.restdocs.RestDocsTestExecutionListener, org.springframework.boot.test.autoconfigure.web.client.MockRestServiceServerResetTestExecutionListener, org.springframework.boot.test.autoconfigure.web.servlet.MockMvcPrintOnlyOnFailureTestExecutionListener, org.springframework.boot.test.autoconfigure.web.servlet.WebDriverTestExecutionListener, org.springframework.boot.test.autoconfigure.webservices.client.MockWebServiceServerTestExecutionListener, org.springframework.test.context.web.ServletTestExecutionListener, org.springframework.test.context.support.DirtiesContextBeforeModesTestExecutionListener, org.springframework.test.context.event.ApplicationEventsTestExecutionListener, org.springframework.test.context.support.DependencyInjectionTestExecutionListener, org.springframework.test.context.support.DirtiesContextTestExecutionListener, org.springframework.test.context.transaction.TransactionalTestExecutionListener, org.springframework.test.context.jdbc.SqlScriptsTestExecutionListener, org.springframework.test.context.event.EventPublishingTestExecutionListener]
13:05:28.480 [main] INFO  o.s.b.t.c.SpringBootTestContextBootstrapper - Using TestExecutionListeners: [org.springframework.test.context.web.ServletTestExecutionListener@60e47aab, org.springframework.test.context.support.DirtiesContextBeforeModesTestExecutionListener@261a66b8, org.springframework.test.context.event.ApplicationEventsTestExecutionListener@adc8683, org.springframework.boot.test.mock.mockito.MockitoTestExecutionListener@4eac65db, org.springframework.boot.test.autoconfigure.SpringBootDependencyInjectionTestExecutionListener@dde6f87, org.springframework.test.context.support.DirtiesContextTestExecutionListener@7884f722, org.springframework.test.context.transaction.TransactionalTestExecutionListener@16029e2f, org.springframework.test.context.jdbc.SqlScriptsTestExecutionListener@3b2db389, org.springframework.test.context.event.EventPublishingTestExecutionListener@45f1413c, org.springframework.boot.test.mock.mockito.ResetMocksTestExecutionListener@1a139347, org.springframework.boot.test.autoconfigure.restdocs.RestDocsTestExecutionListener@186295cc, org.springframework.boot.test.autoconfigure.web.client.MockRestServiceServerResetTestExecutionListener@4e85dcb2, org.springframework.boot.test.autoconfigure.web.servlet.MockMvcPrintOnlyOnFailureTestExecutionListener@1b28cff, org.springframework.boot.test.autoconfigure.web.servlet.WebDriverTestExecutionListener@73dbe25, org.springframework.boot.test.autoconfigure.webservices.client.MockWebServiceServerTestExecutionListener@bfd97fb]
13:05:28.482 [main] INFO  o.s.b.t.c.SpringBootTestContextBootstrapper - Neither @ContextConfiguration nor @ContextHierarchy found for test class [com.jinyu.aps.integration.ScheduleIntegrationTest$PerformanceTests], using SpringBootContextLoader
13:05:28.484 [main] INFO  o.s.t.c.s.AbstractContextLoader - Could not detect default resource locations for test class [com.jinyu.aps.integration.ScheduleIntegrationTest$PerformanceTests]: no resource found for suffixes {-context.xml, Context.groovy}.
13:05:28.485 [main] INFO  o.s.t.c.s.AnnotationConfigContextLoaderUtils - Could not detect default configuration classes for test class [com.jinyu.aps.integration.ScheduleIntegrationTest$PerformanceTests]: PerformanceTests does not declare any static, non-private, non-final, nested classes annotated with @Configuration.
13:05:28.492 [main] INFO  o.s.b.t.c.SpringBootTestContextBootstrapper - Found @SpringBootConfiguration com.jinyu.aps.ApsFormingScheduleApplication for test class com.jinyu.aps.integration.ScheduleIntegrationTest$PerformanceTests
13:05:28.495 [main] INFO  o.s.b.t.c.SpringBootTestContextBootstrapper - Loaded default TestExecutionListener class names from location [META-INF/spring.factories]: [org.springframework.boot.test.mock.mockito.MockitoTestExecutionListener, org.springframework.boot.test.mock.mockito.ResetMocksTestExecutionListener, org.springframework.boot.test.autoconfigure.restdocs.RestDocsTestExecutionListener, org.springframework.boot.test.autoconfigure.web.client.MockRestServiceServerResetTestExecutionListener, org.springframework.boot.test.autoconfigure.web.servlet.MockMvcPrintOnlyOnFailureTestExecutionListener, org.springframework.boot.test.autoconfigure.web.servlet.WebDriverTestExecutionListener, org.springframework.boot.test.autoconfigure.webservices.client.MockWebServiceServerTestExecutionListener, org.springframework.test.context.web.ServletTestExecutionListener, org.springframework.test.context.support.DirtiesContextBeforeModesTestExecutionListener, org.springframework.test.context.event.ApplicationEventsTestExecutionListener, org.springframework.test.context.support.DependencyInjectionTestExecutionListener, org.springframework.test.context.support.DirtiesContextTestExecutionListener, org.springframework.test.context.transaction.TransactionalTestExecutionListener, org.springframework.test.context.jdbc.SqlScriptsTestExecutionListener, org.springframework.test.context.event.EventPublishingTestExecutionListener]
13:05:28.497 [main] INFO  o.s.b.t.c.SpringBootTestContextBootstrapper - Using TestExecutionListeners: [org.springframework.test.context.web.ServletTestExecutionListener@6bfdaa7a, org.springframework.test.context.support.DirtiesContextBeforeModesTestExecutionListener@7e3d168e, org.springframework.test.context.event.ApplicationEventsTestExecutionListener@149b53fa, org.springframework.boot.test.mock.mockito.MockitoTestExecutionListener@73be4cdd, org.springframework.boot.test.autoconfigure.SpringBootDependencyInjectionTestExecutionListener@751686aa, org.springframework.test.context.support.DirtiesContextTestExecutionListener@638977e0, org.springframework.test.context.transaction.TransactionalTestExecutionListener@2dc3ece8, org.springframework.test.context.jdbc.SqlScriptsTestExecutionListener@2c1a8529, org.springframework.test.context.event.EventPublishingTestExecutionListener@6d7865d6, org.springframework.boot.test.mock.mockito.ResetMocksTestExecutionListener@45e639ee, org.springframework.boot.test.autoconfigure.restdocs.RestDocsTestExecutionListener@77f03916, org.springframework.boot.test.autoconfigure.web.client.MockRestServiceServerResetTestExecutionListener@fbbd90c, org.springframework.boot.test.autoconfigure.web.servlet.MockMvcPrintOnlyOnFailureTestExecutionListener@21c34bf8, org.springframework.boot.test.autoconfigure.web.servlet.WebDriverTestExecutionListener@559e3f67, org.springframework.boot.test.autoconfigure.webservices.client.MockWebServiceServerTestExecutionListener@23d0944b]
13:05:28.507 [main] INFO  c.jinyu.aps.service.AlgorithmService - 开始顺位排序算法，明细数: 100
13:05:28.509 [main] INFO  c.jinyu.aps.service.AlgorithmService - 顺位排序完成，总顺位数: 100
大规模排序耗时: 2ms
]]></system-out>
  </testcase>
  <testcase name="testPerformance_LargeScaleAllocation" classname="com.jinyu.aps.integration.ScheduleIntegrationTest$PerformanceTests" time="0.004">
    <system-out><![CDATA[13:05:28.512 [main] INFO  c.jinyu.aps.service.AlgorithmService - 开始试错分配算法，任务数: 30, 机台数: 10
13:05:28.512 [main] DEBUG c.jinyu.aps.service.AlgorithmService - 分配尝试 - 任务: MAT-001, 机台: GM10, 数量: 60, 结果: 成功
13:05:28.512 [main] DEBUG c.jinyu.aps.service.AlgorithmService - 分配尝试 - 任务: MAT-002, 机台: GM01, 数量: 60, 结果: 成功
13:05:28.512 [main] DEBUG c.jinyu.aps.service.AlgorithmService - 分配尝试 - 任务: MAT-003, 机台: GM03, 数量: 60, 结果: 成功
13:05:28.512 [main] DEBUG c.jinyu.aps.service.AlgorithmService - 分配尝试 - 任务: MAT-004, 机台: GM02, 数量: 60, 结果: 成功
13:05:28.512 [main] DEBUG c.jinyu.aps.service.AlgorithmService - 分配尝试 - 任务: MAT-005, 机台: GM05, 数量: 60, 结果: 成功
13:05:28.512 [main] DEBUG c.jinyu.aps.service.AlgorithmService - 分配尝试 - 任务: MAT-006, 机台: GM04, 数量: 60, 结果: 成功
13:05:28.513 [main] DEBUG c.jinyu.aps.service.AlgorithmService - 分配尝试 - 任务: MAT-007, 机台: GM07, 数量: 60, 结果: 成功
13:05:28.513 [main] DEBUG c.jinyu.aps.service.AlgorithmService - 分配尝试 - 任务: MAT-008, 机台: GM06, 数量: 60, 结果: 成功
13:05:28.513 [main] DEBUG c.jinyu.aps.service.AlgorithmService - 分配尝试 - 任务: MAT-009, 机台: GM09, 数量: 60, 结果: 成功
13:05:28.513 [main] DEBUG c.jinyu.aps.service.AlgorithmService - 分配尝试 - 任务: MAT-010, 机台: GM08, 数量: 60, 结果: 成功
13:05:28.513 [main] DEBUG c.jinyu.aps.service.AlgorithmService - 分配尝试 - 任务: MAT-011, 机台: GM10, 数量: 60, 结果: 成功
13:05:28.513 [main] DEBUG c.jinyu.aps.service.AlgorithmService - 分配尝试 - 任务: MAT-012, 机台: GM01, 数量: 60, 结果: 成功
13:05:28.513 [main] DEBUG c.jinyu.aps.service.AlgorithmService - 分配尝试 - 任务: MAT-013, 机台: GM03, 数量: 60, 结果: 成功
13:05:28.513 [main] DEBUG c.jinyu.aps.service.AlgorithmService - 分配尝试 - 任务: MAT-014, 机台: GM02, 数量: 60, 结果: 成功
13:05:28.513 [main] DEBUG c.jinyu.aps.service.AlgorithmService - 分配尝试 - 任务: MAT-015, 机台: GM05, 数量: 60, 结果: 成功
13:05:28.513 [main] DEBUG c.jinyu.aps.service.AlgorithmService - 分配尝试 - 任务: MAT-016, 机台: GM04, 数量: 60, 结果: 成功
13:05:28.513 [main] DEBUG c.jinyu.aps.service.AlgorithmService - 分配尝试 - 任务: MAT-017, 机台: GM07, 数量: 60, 结果: 成功
13:05:28.513 [main] DEBUG c.jinyu.aps.service.AlgorithmService - 分配尝试 - 任务: MAT-018, 机台: GM06, 数量: 60, 结果: 成功
13:05:28.513 [main] DEBUG c.jinyu.aps.service.AlgorithmService - 分配尝试 - 任务: MAT-019, 机台: GM09, 数量: 60, 结果: 成功
13:05:28.513 [main] DEBUG c.jinyu.aps.service.AlgorithmService - 分配尝试 - 任务: MAT-020, 机台: GM08, 数量: 60, 结果: 成功
13:05:28.513 [main] DEBUG c.jinyu.aps.service.AlgorithmService - 分配尝试 - 任务: MAT-021, 机台: GM10, 数量: 60, 结果: 成功
13:05:28.514 [main] DEBUG c.jinyu.aps.service.AlgorithmService - 分配尝试 - 任务: MAT-022, 机台: GM01, 数量: 60, 结果: 成功
13:05:28.514 [main] DEBUG c.jinyu.aps.service.AlgorithmService - 分配尝试 - 任务: MAT-023, 机台: GM03, 数量: 60, 结果: 成功
13:05:28.514 [main] DEBUG c.jinyu.aps.service.AlgorithmService - 分配尝试 - 任务: MAT-024, 机台: GM02, 数量: 60, 结果: 成功
13:05:28.514 [main] DEBUG c.jinyu.aps.service.AlgorithmService - 分配尝试 - 任务: MAT-025, 机台: GM05, 数量: 60, 结果: 成功
13:05:28.514 [main] DEBUG c.jinyu.aps.service.AlgorithmService - 分配尝试 - 任务: MAT-026, 机台: GM04, 数量: 60, 结果: 成功
13:05:28.514 [main] DEBUG c.jinyu.aps.service.AlgorithmService - 分配尝试 - 任务: MAT-027, 机台: GM07, 数量: 60, 结果: 成功
13:05:28.514 [main] DEBUG c.jinyu.aps.service.AlgorithmService - 分配尝试 - 任务: MAT-028, 机台: GM06, 数量: 60, 结果: 成功
13:05:28.514 [main] DEBUG c.jinyu.aps.service.AlgorithmService - 分配尝试 - 任务: MAT-029, 机台: GM09, 数量: 60, 结果: 成功
13:05:28.514 [main] DEBUG c.jinyu.aps.service.AlgorithmService - 分配尝试 - 任务: MAT-030, 机台: GM08, 数量: 60, 结果: 成功
13:05:28.514 [main] INFO  c.jinyu.aps.service.AlgorithmService - 试错分配完成，分配成功
大规模分配耗时: 2ms
分配结果: success=true, details=30
]]></system-out>
  </testcase>
</testsuite>