<?xml version="1.0" encoding="UTF-8"?>
<testsuite xmlns:xsi="http://www.w3.org/2001/XMLSchema-instance" xsi:noNamespaceSchemaLocation="https://maven.apache.org/surefire/maven-surefire-plugin/xsd/surefire-test-report-3.0.xsd" version="3.0" name="com.jinyu.aps.service.AlgorithmServiceTest$AllocationAlgorithmTests" time="0.033" tests="7" errors="0" skipped="0" failures="0">
  <properties>
[...]
</properties>
  <testcase name="testPerformance_LargeScaleTasks" classname="com.jinyu.aps.service.AlgorithmServiceTest$AllocationAlgorithmTests" time="0.018">
    <system-out><![CDATA[13:05:24.583 [main] INFO com.jinyu.aps.service.AlgorithmService - 开始试错分配算法，任务数: 20, 机台数: 5
13:05:24.586 [main] DEBUG com.jinyu.aps.service.AlgorithmService - 分配尝试 - 任务: MAT-001, 机台: GM01, 数量: 60, 结果: 成功
13:05:24.586 [main] DEBUG com.jinyu.aps.service.AlgorithmService - 分配尝试 - 任务: MAT-002, 机台: GM03, 数量: 60, 结果: 成功
13:05:24.587 [main] DEBUG com.jinyu.aps.service.AlgorithmService - 分配尝试 - 任务: MAT-003, 机台: GM02, 数量: 60, 结果: 成功
13:05:24.587 [main] DEBUG com.jinyu.aps.service.AlgorithmService - 分配尝试 - 任务: MAT-004, 机台: GM05, 数量: 60, 结果: 成功
13:05:24.587 [main] DEBUG com.jinyu.aps.service.AlgorithmService - 分配尝试 - 任务: MAT-005, 机台: GM04, 数量: 60, 结果: 成功
13:05:24.587 [main] DEBUG com.jinyu.aps.service.AlgorithmService - 分配尝试 - 任务: MAT-006, 机台: GM01, 数量: 60, 结果: 成功
13:05:24.587 [main] DEBUG com.jinyu.aps.service.AlgorithmService - 分配尝试 - 任务: MAT-007, 机台: GM03, 数量: 60, 结果: 成功
13:05:24.587 [main] DEBUG com.jinyu.aps.service.AlgorithmService - 分配尝试 - 任务: MAT-008, 机台: GM02, 数量: 60, 结果: 成功
13:05:24.587 [main] DEBUG com.jinyu.aps.service.AlgorithmService - 分配尝试 - 任务: MAT-009, 机台: GM05, 数量: 60, 结果: 成功
13:05:24.587 [main] DEBUG com.jinyu.aps.service.AlgorithmService - 分配尝试 - 任务: MAT-010, 机台: GM04, 数量: 60, 结果: 成功
13:05:24.587 [main] DEBUG com.jinyu.aps.service.AlgorithmService - 分配尝试 - 任务: MAT-011, 机台: GM01, 数量: 60, 结果: 成功
13:05:24.588 [main] DEBUG com.jinyu.aps.service.AlgorithmService - 分配尝试 - 任务: MAT-012, 机台: GM03, 数量: 60, 结果: 成功
13:05:24.588 [main] DEBUG com.jinyu.aps.service.AlgorithmService - 分配尝试 - 任务: MAT-013, 机台: GM02, 数量: 60, 结果: 成功
13:05:24.588 [main] DEBUG com.jinyu.aps.service.AlgorithmService - 分配尝试 - 任务: MAT-014, 机台: GM05, 数量: 60, 结果: 成功
13:05:24.588 [main] DEBUG com.jinyu.aps.service.AlgorithmService - 分配尝试 - 任务: MAT-015, 机台: GM04, 数量: 60, 结果: 成功
13:05:24.588 [main] DEBUG com.jinyu.aps.service.AlgorithmService - 分配尝试 - 任务: MAT-016, 机台: GM02, 数量: 60, 结果: 成功
13:05:24.588 [main] DEBUG com.jinyu.aps.service.AlgorithmService - 分配尝试 - 任务: MAT-017, 机台: GM01, 数量: 60, 结果: 成功
13:05:24.588 [main] DEBUG com.jinyu.aps.service.AlgorithmService - 分配尝试 - 任务: MAT-018, 机台: GM03, 数量: 60, 结果: 成功
13:05:24.588 [main] DEBUG com.jinyu.aps.service.AlgorithmService - 分配尝试 - 任务: MAT-018, 机台: GM03, 数量: 60, 结果: 回溯
13:05:24.588 [main] DEBUG com.jinyu.aps.service.AlgorithmService - 分配尝试 - 任务: MAT-018, 机台: GM04, 数量: 60, 结果: 成功
13:05:24.588 [main] DEBUG com.jinyu.aps.service.AlgorithmService - 分配尝试 - 任务: MAT-018, 机台: GM04, 数量: 60, 结果: 回溯
13:05:24.588 [main] DEBUG com.jinyu.aps.service.AlgorithmService - 分配尝试 - 任务: MAT-017, 机台: GM01, 数量: 60, 结果: 回溯
13:05:24.588 [main] DEBUG com.jinyu.aps.service.AlgorithmService - 分配尝试 - 任务: MAT-017, 机台: GM05, 数量: 60, 结果: 成功
13:05:24.589 [main] DEBUG com.jinyu.aps.service.AlgorithmService - 分配尝试 - 任务: MAT-018, 机台: GM03, 数量: 60, 结果: 成功
13:05:24.589 [main] DEBUG com.jinyu.aps.service.AlgorithmService - 分配尝试 - 任务: MAT-018, 机台: GM03, 数量: 60, 结果: 回溯
13:05:24.589 [main] DEBUG com.jinyu.aps.service.AlgorithmService - 分配尝试 - 任务: MAT-018, 机台: GM04, 数量: 60, 结果: 成功
13:05:24.589 [main] DEBUG com.jinyu.aps.service.AlgorithmService - 分配尝试 - 任务: MAT-018, 机台: GM04, 数量: 60, 结果: 回溯
13:05:24.589 [main] DEBUG com.jinyu.aps.service.AlgorithmService - 分配尝试 - 任务: MAT-017, 机台: GM05, 数量: 60, 结果: 回溯
13:05:24.590 [main] DEBUG com.jinyu.aps.service.AlgorithmService - 分配尝试 - 任务: MAT-016, 机台: GM02, 数量: 60, 结果: 回溯
13:05:24.590 [main] DEBUG com.jinyu.aps.service.AlgorithmService - 分配尝试 - 任务: MAT-015, 机台: GM04, 数量: 60, 结果: 回溯
13:05:24.590 [main] DEBUG com.jinyu.aps.service.AlgorithmService - 分配尝试 - 任务: MAT-015, 机台: GM03, 数量: 60, 结果: 成功
13:05:24.590 [main] DEBUG com.jinyu.aps.service.AlgorithmService - 分配尝试 - 任务: MAT-016, 机台: GM04, 数量: 60, 结果: 成功
13:05:24.590 [main] DEBUG com.jinyu.aps.service.AlgorithmService - 分配尝试 - 任务: MAT-017, 机台: GM01, 数量: 60, 结果: 成功
13:05:24.590 [main] DEBUG com.jinyu.aps.service.AlgorithmService - 分配尝试 - 任务: MAT-018, 机台: GM04, 数量: 60, 结果: 成功
13:05:24.590 [main] DEBUG com.jinyu.aps.service.AlgorithmService - 分配尝试 - 任务: MAT-019, 机台: GM02, 数量: 60, 结果: 成功
13:05:24.590 [main] DEBUG com.jinyu.aps.service.AlgorithmService - 分配尝试 - 任务: MAT-020, 机台: GM05, 数量: 60, 结果: 成功
13:05:24.590 [main] INFO com.jinyu.aps.service.AlgorithmService - 试错分配完成，分配成功
分配耗时: 7ms
]]></system-out>
  </testcase>
  <testcase name="testBasicAllocation_MultipleTasksMultipleMachines" classname="com.jinyu.aps.service.AlgorithmServiceTest$AllocationAlgorithmTests" time="0.003">
    <system-out><![CDATA[13:05:24.593 [main] INFO com.jinyu.aps.service.AlgorithmService - 开始试错分配算法，任务数: 3, 机台数: 3
13:05:24.594 [main] DEBUG com.jinyu.aps.service.AlgorithmService - 分配尝试 - 任务: MAT-001, 机台: GM01, 数量: 100, 结果: 成功
13:05:24.594 [main] DEBUG com.jinyu.aps.service.AlgorithmService - 分配尝试 - 任务: MAT-002, 机台: GM03, 数量: 100, 结果: 成功
13:05:24.594 [main] DEBUG com.jinyu.aps.service.AlgorithmService - 分配尝试 - 任务: MAT-003, 机台: GM02, 数量: 100, 结果: 成功
13:05:24.594 [main] INFO com.jinyu.aps.service.AlgorithmService - 试错分配完成，分配成功
]]></system-out>
  </testcase>
  <testcase name="testConstraint_SkuTypeLimit" classname="com.jinyu.aps.service.AlgorithmServiceTest$AllocationAlgorithmTests" time="0.002">
    <system-out><![CDATA[13:05:24.596 [main] INFO com.jinyu.aps.service.AlgorithmService - 开始试错分配算法，任务数: 5, 机台数: 1
13:05:24.596 [main] DEBUG com.jinyu.aps.service.AlgorithmService - 分配尝试 - 任务: MAT-DIFF-001, 机台: GM01, 数量: 50, 结果: 成功
13:05:24.596 [main] DEBUG com.jinyu.aps.service.AlgorithmService - 分配尝试 - 任务: MAT-DIFF-002, 机台: GM01, 数量: 50, 结果: 成功
13:05:24.596 [main] DEBUG com.jinyu.aps.service.AlgorithmService - 分配尝试 - 任务: MAT-DIFF-003, 机台: GM01, 数量: 50, 结果: 成功
13:05:24.596 [main] DEBUG com.jinyu.aps.service.AlgorithmService - 分配尝试 - 任务: MAT-DIFF-003, 机台: GM01, 数量: 50, 结果: 回溯
13:05:24.596 [main] DEBUG com.jinyu.aps.service.AlgorithmService - 分配尝试 - 任务: MAT-DIFF-002, 机台: GM01, 数量: 50, 结果: 回溯
13:05:24.596 [main] DEBUG com.jinyu.aps.service.AlgorithmService - 分配尝试 - 任务: MAT-DIFF-001, 机台: GM01, 数量: 50, 结果: 回溯
13:05:24.596 [main] WARN com.jinyu.aps.service.AlgorithmService - 试错分配完成，未找到有效方案
]]></system-out>
  </testcase>
  <testcase name="testLoadBalance_MultipleMachines" classname="com.jinyu.aps.service.AlgorithmServiceTest$AllocationAlgorithmTests" time="0.001">
    <system-out><![CDATA[13:05:24.598 [main] INFO com.jinyu.aps.service.AlgorithmService - 开始试错分配算法，任务数: 4, 机台数: 2
13:05:24.599 [main] DEBUG com.jinyu.aps.service.AlgorithmService - 分配尝试 - 任务: MAT-001, 机台: GM01, 数量: 100, 结果: 成功
13:05:24.599 [main] DEBUG com.jinyu.aps.service.AlgorithmService - 分配尝试 - 任务: MAT-002, 机台: GM02, 数量: 100, 结果: 成功
13:05:24.599 [main] DEBUG com.jinyu.aps.service.AlgorithmService - 分配尝试 - 任务: MAT-003, 机台: GM01, 数量: 100, 结果: 成功
13:05:24.599 [main] DEBUG com.jinyu.aps.service.AlgorithmService - 分配尝试 - 任务: MAT-004, 机台: GM02, 数量: 100, 结果: 成功
13:05:24.599 [main] INFO com.jinyu.aps.service.AlgorithmService - 试错分配完成，分配成功
]]></system-out>
  </testcase>
  <testcase name="testBasicAllocation_SingleTaskSingleMachine" classname="com.jinyu.aps.service.AlgorithmServiceTest$AllocationAlgorithmTests" time="0.001">
    <system-out><![CDATA[13:05:24.600 [main] INFO com.jinyu.aps.service.AlgorithmService - 开始试错分配算法，任务数: 1, 机台数: 1
13:05:24.601 [main] DEBUG com.jinyu.aps.service.AlgorithmService - 分配尝试 - 任务: MAT-001, 机台: GM01, 数量: 100, 结果: 成功
13:05:24.601 [main] INFO com.jinyu.aps.service.AlgorithmService - 试错分配完成，分配成功
]]></system-out>
  </testcase>
  <testcase name="testBacktracking_NoValidSolution" classname="com.jinyu.aps.service.AlgorithmServiceTest$AllocationAlgorithmTests" time="0.002">
    <system-out><![CDATA[13:05:24.602 [main] INFO com.jinyu.aps.service.AlgorithmService - 开始试错分配算法，任务数: 5, 机台数: 1
13:05:24.602 [main] DEBUG com.jinyu.aps.service.AlgorithmService - 分配尝试 - 任务: MAT-DIFF-001, 机台: GM01, 数量: 50, 结果: 成功
13:05:24.602 [main] DEBUG com.jinyu.aps.service.AlgorithmService - 分配尝试 - 任务: MAT-DIFF-001, 机台: GM01, 数量: 50, 结果: 回溯
13:05:24.602 [main] WARN com.jinyu.aps.service.AlgorithmService - 试错分配完成，未找到有效方案
]]></system-out>
  </testcase>
  <testcase name="testConstraint_CapacityLimit" classname="com.jinyu.aps.service.AlgorithmServiceTest$AllocationAlgorithmTests" time="0.002">
    <system-out><![CDATA[13:05:24.604 [main] INFO com.jinyu.aps.service.AlgorithmService - 开始试错分配算法，任务数: 3, 机台数: 1
13:05:24.604 [main] DEBUG com.jinyu.aps.service.AlgorithmService - 分配尝试 - 任务: MAT-001, 机台: GM01, 数量: 100, 结果: 成功
13:05:24.604 [main] DEBUG com.jinyu.aps.service.AlgorithmService - 分配尝试 - 任务: MAT-002, 机台: GM01, 数量: 100, 结果: 成功
13:05:24.604 [main] DEBUG com.jinyu.aps.service.AlgorithmService - 分配尝试 - 任务: MAT-002, 机台: GM01, 数量: 100, 结果: 回溯
13:05:24.604 [main] DEBUG com.jinyu.aps.service.AlgorithmService - 分配尝试 - 任务: MAT-001, 机台: GM01, 数量: 100, 结果: 回溯
13:05:24.604 [main] WARN com.jinyu.aps.service.AlgorithmService - 试错分配完成，未找到有效方案
]]></system-out>
  </testcase>
</testsuite>