<?xml version="1.0" encoding="UTF-8"?>
<testsuite xmlns:xsi="http://www.w3.org/2001/XMLSchema-instance" xsi:noNamespaceSchemaLocation="https://maven.apache.org/surefire/maven-surefire-plugin/xsd/surefire-test-report-3.0.xsd" version="3.0" name="com.jinyu.aps.service.PerformanceTest$StressTests" time="0.079" tests="3" errors="0" skipped="0" failures="0">
  <properties>
[...]
</properties>
  <testcase name="testStress_HighConstraints" classname="com.jinyu.aps.service.PerformanceTest$StressTests" time="0.035">
    <system-out><![CDATA[12:22:24.814 [main] INFO com.jinyu.aps.service.AlgorithmServiceOptimized - 开始试错分配算法（优化版），任务数: 20, 机台数: 3
12:22:24.846 [main] WARN com.jinyu.aps.service.AlgorithmServiceOptimized - 剪枝触发，尝试次数: 2001
12:22:24.847 [main] WARN com.jinyu.aps.service.AlgorithmServiceOptimized - 剪枝触发，尝试次数: 2002
12:22:24.847 [main] WARN com.jinyu.aps.service.AlgorithmServiceOptimized - 剪枝触发，尝试次数: 2003
12:22:24.847 [main] WARN com.jinyu.aps.service.AlgorithmServiceOptimized - 剪枝触发，尝试次数: 2004
12:22:24.847 [main] WARN com.jinyu.aps.service.AlgorithmServiceOptimized - 剪枝触发，尝试次数: 2005
12:22:24.847 [main] WARN com.jinyu.aps.service.AlgorithmServiceOptimized - 剪枝触发，尝试次数: 2006
12:22:24.847 [main] WARN com.jinyu.aps.service.AlgorithmServiceOptimized - 剪枝触发，尝试次数: 2007
12:22:24.847 [main] WARN com.jinyu.aps.service.AlgorithmServiceOptimized - 剪枝触发，尝试次数: 2008
12:22:24.847 [main] WARN com.jinyu.aps.service.AlgorithmServiceOptimized - 试错分配失败，耗时: 33ms
12:22:24.847 [main] INFO PERFORMANCE - === 性能指标 ===
12:22:24.847 [main] INFO PERFORMANCE - 总耗时: 33ms
12:22:24.847 [main] INFO PERFORMANCE - 总分配次数: 2008
12:22:24.847 [main] INFO PERFORMANCE - 缓存命中次数: 3973
12:22:24.847 [main] INFO PERFORMANCE - 回溯次数: 2008
12:22:24.847 [main] INFO PERFORMANCE - 缓存命中率: 197.86%
=== 高约束压力测试 ===
耗时: 33ms
成功: false
分配明细数: 0
]]></system-out>
  </testcase>
  <testcase name="testStress_CapacityBottleneck" classname="com.jinyu.aps.service.PerformanceTest$StressTests" time="0.007">
    <system-out><![CDATA[12:22:24.851 [main] INFO com.jinyu.aps.service.AlgorithmServiceOptimized - 开始试错分配算法（优化版），任务数: 20, 机台数: 5
12:22:24.856 [main] WARN com.jinyu.aps.service.AlgorithmServiceOptimized - 试错分配失败，耗时: 5ms
12:22:24.856 [main] INFO PERFORMANCE - === 性能指标 ===
12:22:24.856 [main] INFO PERFORMANCE - 总耗时: 5ms
12:22:24.856 [main] INFO PERFORMANCE - 总分配次数: 325
12:22:24.856 [main] INFO PERFORMANCE - 缓存命中次数: 626
12:22:24.856 [main] INFO PERFORMANCE - 回溯次数: 325
12:22:24.856 [main] INFO PERFORMANCE - 缓存命中率: 192.62%
=== 产能瓶颈压力测试 ===
耗时: 5ms
成功: false
实际分配量: 0
]]></system-out>
  </testcase>
  <testcase name="testStress_MultipleIterations" classname="com.jinyu.aps.service.PerformanceTest$StressTests" time="0.029">
    <system-out><![CDATA[12:22:24.859 [main] INFO com.jinyu.aps.service.AlgorithmServiceOptimized - 开始试错分配算法（优化版），任务数: 20, 机台数: 8
12:22:24.861 [main] INFO com.jinyu.aps.service.AlgorithmServiceOptimized - 试错分配完成，耗时: 2ms, 分配数: 20
12:22:24.861 [main] INFO PERFORMANCE - === 性能指标 ===
12:22:24.861 [main] INFO PERFORMANCE - 总耗时: 2ms
12:22:24.861 [main] INFO PERFORMANCE - 总分配次数: 20
12:22:24.861 [main] INFO PERFORMANCE - 缓存命中次数: 20
12:22:24.861 [main] INFO PERFORMANCE - 回溯次数: 0
12:22:24.861 [main] INFO PERFORMANCE - 缓存命中率: 100.00%
12:22:24.861 [main] INFO com.jinyu.aps.service.AlgorithmServiceOptimized - 开始试错分配算法（优化版），任务数: 20, 机台数: 8
12:22:24.863 [main] INFO com.jinyu.aps.service.AlgorithmServiceOptimized - 试错分配完成，耗时: 2ms, 分配数: 20
12:22:24.863 [main] INFO PERFORMANCE - === 性能指标 ===
12:22:24.863 [main] INFO PERFORMANCE - 总耗时: 2ms
12:22:24.863 [main] INFO PERFORMANCE - 总分配次数: 40
12:22:24.863 [main] INFO PERFORMANCE - 缓存命中次数: 40
12:22:24.863 [main] INFO PERFORMANCE - 回溯次数: 0
12:22:24.863 [main] INFO PERFORMANCE - 缓存命中率: 100.00%
12:22:24.863 [main] INFO com.jinyu.aps.service.AlgorithmServiceOptimized - 开始试错分配算法（优化版），任务数: 20, 机台数: 8
12:22:24.865 [main] INFO com.jinyu.aps.service.AlgorithmServiceOptimized - 试错分配完成，耗时: 2ms, 分配数: 20
12:22:24.865 [main] INFO PERFORMANCE - === 性能指标 ===
12:22:24.865 [main] INFO PERFORMANCE - 总耗时: 2ms
12:22:24.865 [main] INFO PERFORMANCE - 总分配次数: 60
12:22:24.865 [main] INFO PERFORMANCE - 缓存命中次数: 60
12:22:24.865 [main] INFO PERFORMANCE - 回溯次数: 0
12:22:24.865 [main] INFO PERFORMANCE - 缓存命中率: 100.00%
12:22:24.865 [main] INFO com.jinyu.aps.service.AlgorithmServiceOptimized - 开始试错分配算法（优化版），任务数: 20, 机台数: 8
12:22:24.866 [main] INFO com.jinyu.aps.service.AlgorithmServiceOptimized - 试错分配完成，耗时: 1ms, 分配数: 20
12:22:24.866 [main] INFO PERFORMANCE - === 性能指标 ===
12:22:24.866 [main] INFO PERFORMANCE - 总耗时: 1ms
12:22:24.866 [main] INFO PERFORMANCE - 总分配次数: 80
12:22:24.866 [main] INFO PERFORMANCE - 缓存命中次数: 80
12:22:24.866 [main] INFO PERFORMANCE - 回溯次数: 0
12:22:24.866 [main] INFO PERFORMANCE - 缓存命中率: 100.00%
12:22:24.866 [main] INFO com.jinyu.aps.service.AlgorithmServiceOptimized - 开始试错分配算法（优化版），任务数: 20, 机台数: 8
12:22:24.867 [main] INFO com.jinyu.aps.service.AlgorithmServiceOptimized - 试错分配完成，耗时: 1ms, 分配数: 20
12:22:24.867 [main] INFO PERFORMANCE - === 性能指标 ===
12:22:24.867 [main] INFO PERFORMANCE - 总耗时: 1ms
12:22:24.867 [main] INFO PERFORMANCE - 总分配次数: 100
12:22:24.867 [main] INFO PERFORMANCE - 缓存命中次数: 100
12:22:24.867 [main] INFO PERFORMANCE - 回溯次数: 0
12:22:24.867 [main] INFO PERFORMANCE - 缓存命中率: 100.00%
12:22:24.867 [main] INFO com.jinyu.aps.service.AlgorithmServiceOptimized - 开始试错分配算法（优化版），任务数: 20, 机台数: 8
12:22:24.868 [main] INFO com.jinyu.aps.service.AlgorithmServiceOptimized - 试错分配完成，耗时: 1ms, 分配数: 20
12:22:24.868 [main] INFO PERFORMANCE - === 性能指标 ===
12:22:24.868 [main] INFO PERFORMANCE - 总耗时: 1ms
12:22:24.868 [main] INFO PERFORMANCE - 总分配次数: 120
12:22:24.868 [main] INFO PERFORMANCE - 缓存命中次数: 120
12:22:24.868 [main] INFO PERFORMANCE - 回溯次数: 0
12:22:24.868 [main] INFO PERFORMANCE - 缓存命中率: 100.00%
12:22:24.868 [main] INFO com.jinyu.aps.service.AlgorithmServiceOptimized - 开始试错分配算法（优化版），任务数: 20, 机台数: 8
12:22:24.874 [main] INFO com.jinyu.aps.service.AlgorithmServiceOptimized - 试错分配完成，耗时: 6ms, 分配数: 20
12:22:24.875 [main] INFO PERFORMANCE - === 性能指标 ===
12:22:24.875 [main] INFO PERFORMANCE - 总耗时: 6ms
12:22:24.875 [main] INFO PERFORMANCE - 总分配次数: 140
12:22:24.875 [main] INFO PERFORMANCE - 缓存命中次数: 140
12:22:24.875 [main] INFO PERFORMANCE - 回溯次数: 0
12:22:24.875 [main] INFO PERFORMANCE - 缓存命中率: 100.00%
12:22:24.875 [main] INFO com.jinyu.aps.service.AlgorithmServiceOptimized - 开始试错分配算法（优化版），任务数: 20, 机台数: 8
12:22:24.880 [main] INFO com.jinyu.aps.service.AlgorithmServiceOptimized - 试错分配完成，耗时: 5ms, 分配数: 20
12:22:24.880 [main] INFO PERFORMANCE - === 性能指标 ===
12:22:24.880 [main] INFO PERFORMANCE - 总耗时: 5ms
12:22:24.880 [main] INFO PERFORMANCE - 总分配次数: 160
12:22:24.880 [main] INFO PERFORMANCE - 缓存命中次数: 160
12:22:24.880 [main] INFO PERFORMANCE - 回溯次数: 0
12:22:24.880 [main] INFO PERFORMANCE - 缓存命中率: 100.00%
12:22:24.880 [main] INFO com.jinyu.aps.service.AlgorithmServiceOptimized - 开始试错分配算法（优化版），任务数: 20, 机台数: 8
12:22:24.881 [main] INFO com.jinyu.aps.service.AlgorithmServiceOptimized - 试错分配完成，耗时: 1ms, 分配数: 20
12:22:24.881 [main] INFO PERFORMANCE - === 性能指标 ===
12:22:24.881 [main] INFO PERFORMANCE - 总耗时: 1ms
12:22:24.881 [main] INFO PERFORMANCE - 总分配次数: 180
12:22:24.881 [main] INFO PERFORMANCE - 缓存命中次数: 180
12:22:24.881 [main] INFO PERFORMANCE - 回溯次数: 0
12:22:24.881 [main] INFO PERFORMANCE - 缓存命中率: 100.00%
12:22:24.881 [main] INFO com.jinyu.aps.service.AlgorithmServiceOptimized - 开始试错分配算法（优化版），任务数: 20, 机台数: 8
12:22:24.882 [main] INFO com.jinyu.aps.service.AlgorithmServiceOptimized - 试错分配完成，耗时: 1ms, 分配数: 20
12:22:24.882 [main] INFO PERFORMANCE - === 性能指标 ===
12:22:24.882 [main] INFO PERFORMANCE - 总耗时: 1ms
12:22:24.882 [main] INFO PERFORMANCE - 总分配次数: 200
12:22:24.882 [main] INFO PERFORMANCE - 缓存命中次数: 200
12:22:24.882 [main] INFO PERFORMANCE - 回溯次数: 0
12:22:24.882 [main] INFO PERFORMANCE - 缓存命中率: 100.00%
=== 多次迭代稳定性测试 ===
迭代次数: 10
平均耗时: 2ms
最大耗时: 7ms
最小耗时: 1ms
耗时波动: 300.0%
]]></system-out>
  </testcase>
</testsuite>