<?xml version="1.0" encoding="UTF-8"?>
<testsuite xmlns:xsi="http://www.w3.org/2001/XMLSchema-instance" xsi:noNamespaceSchemaLocation="https://maven.apache.org/surefire/maven-surefire-plugin/xsd/surefire-test-report-3.0.xsd" version="3.0" name="com.jinyu.aps.service.P0CoreServiceTest$UrgentEndingIntegrationTests" time="2.965" tests="1" errors="0" skipped="0" failures="0">
  <properties>
[...]
</properties>
  <testcase name="testUrgentEndingTasksFirst" classname="com.jinyu.aps.service.P0CoreServiceTest$UrgentEndingIntegrationTests" time="0.254">
    <system-out><![CDATA[13:05:25.115 [main] DEBUG org.springframework.test.context.BootstrapUtils - Instantiating CacheAwareContextLoaderDelegate from class [org.springframework.test.context.cache.DefaultCacheAwareContextLoaderDelegate]
13:05:25.122 [main] DEBUG org.springframework.test.context.BootstrapUtils - Instantiating BootstrapContext using constructor [public org.springframework.test.context.support.DefaultBootstrapContext(java.lang.Class,org.springframework.test.context.CacheAwareContextLoaderDelegate)]
13:05:25.150 [main] DEBUG org.springframework.test.context.BootstrapUtils - Instantiating TestContextBootstrapper for test class [com.jinyu.aps.service.P0CoreServiceTest] from class [org.springframework.boot.test.context.SpringBootTestContextBootstrapper]
13:05:25.160 [main] INFO org.springframework.boot.test.context.SpringBootTestContextBootstrapper - Neither @ContextConfiguration nor @ContextHierarchy found for test class [com.jinyu.aps.service.P0CoreServiceTest], using SpringBootContextLoader
13:05:25.164 [main] DEBUG org.springframework.test.context.support.AbstractContextLoader - Did not detect default resource location for test class [com.jinyu.aps.service.P0CoreServiceTest]: class path resource [com/jinyu/aps/service/P0CoreServiceTest-context.xml] does not exist
13:05:25.164 [main] DEBUG org.springframework.test.context.support.AbstractContextLoader - Did not detect default resource location for test class [com.jinyu.aps.service.P0CoreServiceTest]: class path resource [com/jinyu/aps/service/P0CoreServiceTestContext.groovy] does not exist
13:05:25.164 [main] INFO org.springframework.test.context.support.AbstractContextLoader - Could not detect default resource locations for test class [com.jinyu.aps.service.P0CoreServiceTest]: no resource found for suffixes {-context.xml, Context.groovy}.
13:05:25.165 [main] DEBUG org.springframework.test.context.support.AnnotationConfigContextLoaderUtils - Ignoring class [com.jinyu.aps.service.P0CoreServiceTest$UrgentEndingIntegrationTests]; it must be static, non-private, non-final, and annotated with @Configuration to be considered a default configuration class.
13:05:25.165 [main] DEBUG org.springframework.test.context.support.AnnotationConfigContextLoaderUtils - Ignoring class [com.jinyu.aps.service.P0CoreServiceTest$PrecisionPlanTests]; it must be static, non-private, non-final, and annotated with @Configuration to be considered a default configuration class.
13:05:25.165 [main] DEBUG org.springframework.test.context.support.AnnotationConfigContextLoaderUtils - Ignoring class [com.jinyu.aps.service.P0CoreServiceTest$KeyProductFirstShiftTests]; it must be static, non-private, non-final, and annotated with @Configuration to be considered a default configuration class.
13:05:25.165 [main] DEBUG org.springframework.test.context.support.AnnotationConfigContextLoaderUtils - Ignoring class [com.jinyu.aps.service.P0CoreServiceTest$EndingManagementTests]; it must be static, non-private, non-final, and annotated with @Configuration to be considered a default configuration class.
13:05:25.165 [main] INFO org.springframework.test.context.support.AnnotationConfigContextLoaderUtils - Could not detect default configuration classes for test class [com.jinyu.aps.service.P0CoreServiceTest]: P0CoreServiceTest does not declare any static, non-private, non-final, nested classes annotated with @Configuration.
13:05:25.304 [main] DEBUG org.springframework.context.annotation.ClassPathScanningCandidateComponentProvider - Identified candidate component class: file [/workspace/projects/target/classes/com/jinyu/aps/ApsFormingScheduleApplication.class]
13:05:25.305 [main] INFO org.springframework.boot.test.context.SpringBootTestContextBootstrapper - Found @SpringBootConfiguration com.jinyu.aps.ApsFormingScheduleApplication for test class com.jinyu.aps.service.P0CoreServiceTest
13:05:25.383 [main] DEBUG org.springframework.boot.test.context.SpringBootTestContextBootstrapper - @TestExecutionListeners is not present for class [com.jinyu.aps.service.P0CoreServiceTest]: using defaults.
13:05:25.384 [main] INFO org.springframework.boot.test.context.SpringBootTestContextBootstrapper - Loaded default TestExecutionListener class names from location [META-INF/spring.factories]: [org.springframework.boot.test.mock.mockito.MockitoTestExecutionListener, org.springframework.boot.test.mock.mockito.ResetMocksTestExecutionListener, org.springframework.boot.test.autoconfigure.restdocs.RestDocsTestExecutionListener, org.springframework.boot.test.autoconfigure.web.client.MockRestServiceServerResetTestExecutionListener, org.springframework.boot.test.autoconfigure.web.servlet.MockMvcPrintOnlyOnFailureTestExecutionListener, org.springframework.boot.test.autoconfigure.web.servlet.WebDriverTestExecutionListener, org.springframework.boot.test.autoconfigure.webservices.client.MockWebServiceServerTestExecutionListener, org.springframework.test.context.web.ServletTestExecutionListener, org.springframework.test.context.support.DirtiesContextBeforeModesTestExecutionListener, org.springframework.test.context.event.ApplicationEventsTestExecutionListener, org.springframework.test.context.support.DependencyInjectionTestExecutionListener, org.springframework.test.context.support.DirtiesContextTestExecutionListener, org.springframework.test.context.transaction.TransactionalTestExecutionListener, org.springframework.test.context.jdbc.SqlScriptsTestExecutionListener, org.springframework.test.context.event.EventPublishingTestExecutionListener]
13:05:25.399 [main] INFO org.springframework.boot.test.context.SpringBootTestContextBootstrapper - Using TestExecutionListeners: [org.springframework.test.context.web.ServletTestExecutionListener@44e3a2b2, org.springframework.test.context.support.DirtiesContextBeforeModesTestExecutionListener@101639ae, org.springframework.test.context.event.ApplicationEventsTestExecutionListener@4c550889, org.springframework.boot.test.mock.mockito.MockitoTestExecutionListener@1d2bd371, org.springframework.boot.test.autoconfigure.SpringBootDependencyInjectionTestExecutionListener@44040454, org.springframework.test.context.support.DirtiesContextTestExecutionListener@65fe9e33, org.springframework.test.context.transaction.TransactionalTestExecutionListener@18bc345, org.springframework.test.context.jdbc.SqlScriptsTestExecutionListener@42f8285e, org.springframework.test.context.event.EventPublishingTestExecutionListener@26bab2f1, org.springframework.boot.test.mock.mockito.ResetMocksTestExecutionListener@3724af13, org.springframework.boot.test.autoconfigure.restdocs.RestDocsTestExecutionListener@68ead359, org.springframework.boot.test.autoconfigure.web.client.MockRestServiceServerResetTestExecutionListener@6b53bcc2, org.springframework.boot.test.autoconfigure.web.servlet.MockMvcPrintOnlyOnFailureTestExecutionListener@180da663, org.springframework.boot.test.autoconfigure.web.servlet.WebDriverTestExecutionListener@a43ce46, org.springframework.boot.test.autoconfigure.webservices.client.MockWebServiceServerTestExecutionListener@340da44c]
13:05:25.402 [main] DEBUG org.springframework.test.context.support.AbstractDirtiesContextTestExecutionListener - Before test class: context [DefaultTestContext@1253e7cb testClass = P0CoreServiceTest, testInstance = [null], testMethod = [null], testException = [null], mergedContextConfiguration = [WebMergedContextConfiguration@2d36e77e testClass = P0CoreServiceTest, locations = '{}', classes = '{class com.jinyu.aps.ApsFormingScheduleApplication}', contextInitializerClasses = '[]', activeProfiles = '{test}', propertySourceLocations = '{}', propertySourceProperties = '{org.springframework.boot.test.context.SpringBootTestContextBootstrapper=true}', contextCustomizers = set[org.springframework.boot.test.context.filter.ExcludeFilterContextCustomizer@16612a51, org.springframework.boot.test.json.DuplicateJsonObjectContextCustomizerFactory$DuplicateJsonObjectContextCustomizer@4e0ae11f, org.springframework.boot.test.mock.mockito.MockitoContextCustomizer@0, org.springframework.boot.test.web.client.TestRestTemplateContextCustomizer@3cce57c7, org.springframework.boot.test.autoconfigure.actuate.metrics.MetricsExportContextCustomizerFactory$DisableMetricExportContextCustomizer@1169afe1, org.springframework.boot.test.autoconfigure.properties.PropertyMappingContextCustomizer@0, org.springframework.boot.test.autoconfigure.web.servlet.WebDriverContextCustomizerFactory$Customizer@dc9876b, org.springframework.boot.test.context.SpringBootTestArgs@1, org.springframework.boot.test.context.SpringBootTestWebEnvironment@3ec300f1], resourceBasePath = 'src/main/webapp', contextLoader = 'org.springframework.boot.test.context.SpringBootContextLoader', parent = [null]], attributes = map['org.springframework.test.context.web.ServletTestExecutionListener.activateListener' -> true]], class annotated with @DirtiesContext [false] with mode [null].
13:05:25.404 [main] DEBUG org.springframework.test.context.BootstrapUtils - Instantiating CacheAwareContextLoaderDelegate from class [org.springframework.test.context.cache.DefaultCacheAwareContextLoaderDelegate]
13:05:25.405 [main] DEBUG org.springframework.test.context.BootstrapUtils - Instantiating BootstrapContext using constructor [public org.springframework.test.context.support.DefaultBootstrapContext(java.lang.Class,org.springframework.test.context.CacheAwareContextLoaderDelegate)]
13:05:25.406 [main] DEBUG org.springframework.test.context.BootstrapUtils - Instantiating TestContextBootstrapper for test class [com.jinyu.aps.service.P0CoreServiceTest$UrgentEndingIntegrationTests] from class [org.springframework.boot.test.context.SpringBootTestContextBootstrapper]
13:05:25.406 [main] INFO org.springframework.boot.test.context.SpringBootTestContextBootstrapper - Neither @ContextConfiguration nor @ContextHierarchy found for test class [com.jinyu.aps.service.P0CoreServiceTest$UrgentEndingIntegrationTests], using SpringBootContextLoader
13:05:25.407 [main] DEBUG org.springframework.test.context.support.AbstractContextLoader - Did not detect default resource location for test class [com.jinyu.aps.service.P0CoreServiceTest$UrgentEndingIntegrationTests]: class path resource [com/jinyu/aps/service/P0CoreServiceTest$UrgentEndingIntegrationTests-context.xml] does not exist
13:05:25.407 [main] DEBUG org.springframework.test.context.support.AbstractContextLoader - Did not detect default resource location for test class [com.jinyu.aps.service.P0CoreServiceTest$UrgentEndingIntegrationTests]: class path resource [com/jinyu/aps/service/P0CoreServiceTest$UrgentEndingIntegrationTestsContext.groovy] does not exist
13:05:25.407 [main] INFO org.springframework.test.context.support.AbstractContextLoader - Could not detect default resource locations for test class [com.jinyu.aps.service.P0CoreServiceTest$UrgentEndingIntegrationTests]: no resource found for suffixes {-context.xml, Context.groovy}.
13:05:25.407 [main] INFO org.springframework.test.context.support.AnnotationConfigContextLoaderUtils - Could not detect default configuration classes for test class [com.jinyu.aps.service.P0CoreServiceTest$UrgentEndingIntegrationTests]: UrgentEndingIntegrationTests does not declare any static, non-private, non-final, nested classes annotated with @Configuration.
13:05:25.411 [main] INFO org.springframework.boot.test.context.SpringBootTestContextBootstrapper - Found @SpringBootConfiguration com.jinyu.aps.ApsFormingScheduleApplication for test class com.jinyu.aps.service.P0CoreServiceTest$UrgentEndingIntegrationTests
13:05:25.413 [main] DEBUG org.springframework.boot.test.context.SpringBootTestContextBootstrapper - @TestExecutionListeners is not present for class [com.jinyu.aps.service.P0CoreServiceTest$UrgentEndingIntegrationTests]: using defaults.
13:05:25.413 [main] INFO org.springframework.boot.test.context.SpringBootTestContextBootstrapper - Loaded default TestExecutionListener class names from location [META-INF/spring.factories]: [org.springframework.boot.test.mock.mockito.MockitoTestExecutionListener, org.springframework.boot.test.mock.mockito.ResetMocksTestExecutionListener, org.springframework.boot.test.autoconfigure.restdocs.RestDocsTestExecutionListener, org.springframework.boot.test.autoconfigure.web.client.MockRestServiceServerResetTestExecutionListener, org.springframework.boot.test.autoconfigure.web.servlet.MockMvcPrintOnlyOnFailureTestExecutionListener, org.springframework.boot.test.autoconfigure.web.servlet.WebDriverTestExecutionListener, org.springframework.boot.test.autoconfigure.webservices.client.MockWebServiceServerTestExecutionListener, org.springframework.test.context.web.ServletTestExecutionListener, org.springframework.test.context.support.DirtiesContextBeforeModesTestExecutionListener, org.springframework.test.context.event.ApplicationEventsTestExecutionListener, org.springframework.test.context.support.DependencyInjectionTestExecutionListener, org.springframework.test.context.support.DirtiesContextTestExecutionListener, org.springframework.test.context.transaction.TransactionalTestExecutionListener, org.springframework.test.context.jdbc.SqlScriptsTestExecutionListener, org.springframework.test.context.event.EventPublishingTestExecutionListener]
13:05:25.414 [main] INFO org.springframework.boot.test.context.SpringBootTestContextBootstrapper - Using TestExecutionListeners: [org.springframework.test.context.web.ServletTestExecutionListener@3668d4, org.springframework.test.context.support.DirtiesContextBeforeModesTestExecutionListener@1c3b9394, org.springframework.test.context.event.ApplicationEventsTestExecutionListener@6f2cfcc2, org.springframework.boot.test.mock.mockito.MockitoTestExecutionListener@7f6f61c8, org.springframework.boot.test.autoconfigure.SpringBootDependencyInjectionTestExecutionListener@4c2cc639, org.springframework.test.context.support.DirtiesContextTestExecutionListener@ccb4b1b, org.springframework.test.context.transaction.TransactionalTestExecutionListener@4097cac, org.springframework.test.context.jdbc.SqlScriptsTestExecutionListener@ec2cc4, org.springframework.test.context.event.EventPublishingTestExecutionListener@2a5b3fee, org.springframework.boot.test.mock.mockito.ResetMocksTestExecutionListener@7c1e2a2d, org.springframework.boot.test.autoconfigure.restdocs.RestDocsTestExecutionListener@333dd51e, org.springframework.boot.test.autoconfigure.web.client.MockRestServiceServerResetTestExecutionListener@52d645b1, org.springframework.boot.test.autoconfigure.web.servlet.MockMvcPrintOnlyOnFailureTestExecutionListener@2101b44a, org.springframework.boot.test.autoconfigure.web.servlet.WebDriverTestExecutionListener@2cc3ad05, org.springframework.boot.test.autoconfigure.webservices.client.MockWebServiceServerTestExecutionListener@710b18a6]
13:05:25.414 [main] DEBUG org.springframework.test.context.support.AbstractDirtiesContextTestExecutionListener - Before test class: context [DefaultTestContext@119020fb testClass = P0CoreServiceTest.UrgentEndingIntegrationTests, testInstance = [null], testMethod = [null], testException = [null], mergedContextConfiguration = [WebMergedContextConfiguration@3d9f6567 testClass = P0CoreServiceTest.UrgentEndingIntegrationTests, locations = '{}', classes = '{class com.jinyu.aps.ApsFormingScheduleApplication}', contextInitializerClasses = '[]', activeProfiles = '{test}', propertySourceLocations = '{}', propertySourceProperties = '{org.springframework.boot.test.context.SpringBootTestContextBootstrapper=true}', contextCustomizers = set[org.springframework.boot.test.context.filter.ExcludeFilterContextCustomizer@16612a51, org.springframework.boot.test.json.DuplicateJsonObjectContextCustomizerFactory$DuplicateJsonObjectContextCustomizer@4e0ae11f, org.springframework.boot.test.mock.mockito.MockitoContextCustomizer@0, org.springframework.boot.test.web.client.TestRestTemplateContextCustomizer@3cce57c7, org.springframework.boot.test.autoconfigure.actuate.metrics.MetricsExportContextCustomizerFactory$DisableMetricExportContextCustomizer@1169afe1, org.springframework.boot.test.autoconfigure.properties.PropertyMappingContextCustomizer@0, org.springframework.boot.test.autoconfigure.web.servlet.WebDriverContextCustomizerFactory$Customizer@dc9876b, org.springframework.boot.test.context.SpringBootTestArgs@1, org.springframework.boot.test.context.SpringBootTestWebEnvironment@3ec300f1], resourceBasePath = 'src/main/webapp', contextLoader = 'org.springframework.boot.test.context.SpringBootContextLoader', parent = [null]], attributes = map['org.springframework.test.context.web.ServletTestExecutionListener.activateListener' -> true]], class annotated with @DirtiesContext [false] with mode [null].

  .   ____          _            __ _ _
 /\\ / ___'_ __ _ _(_)_ __  __ _ \ \ \ \
( ( )\___ | '_ | '_| | '_ \/ _` | \ \ \ \
 \\/  ___)| |_)| | | | | || (_| |  ) ) ) )
  '  |____| .__|_| |_|_| |_\__, | / / / /
 =========|_|==============|___/=/_/_/_/
 :: Spring Boot ::               (v2.7.18)

13:05:25.752 [main] INFO  c.j.aps.service.P0CoreServiceTest - Starting P0CoreServiceTest using Java 11.0.30 on vefaas-j5tcivm6-o0kgyyuo2y-d6vlvlg38h61k6o4tts0-sandbox with PID 11356 (started by root in /workspace/projects)
13:05:25.754 [main] DEBUG c.j.aps.service.P0CoreServiceTest - Running with Spring Boot v2.7.18, Spring v5.3.31
13:05:25.754 [main] INFO  c.j.aps.service.P0CoreServiceTest - The following 1 profile is active: "test"
Logging initialized using 'class org.apache.ibatis.logging.stdout.StdOutImpl' adapter.
Registered plugin: 'com.baomidou.mybatisplus.extension.plugins.MybatisPlusInterceptor@713ec32d'
Property 'mapperLocations' was not specified.
 _ _   |_  _ _|_. ___ _ |    _ 
| | |\/|_)(_| | |_\  |_)||_|_\ 
     /               |         
                        3.5.3.1 
13:05:28.097 [main] INFO  c.j.aps.service.P0CoreServiceTest - Started P0CoreServiceTest in 2.658 seconds (JVM running for 4.199)
13:05:28.363 [main] INFO  c.jinyu.aps.service.AlgorithmService - 开始顺位排序算法，明细数: 4
13:05:28.364 [main] INFO  c.jinyu.aps.service.AlgorithmService - 顺位排序完成，总顺位数: 4
]]></system-out>
  </testcase>
</testsuite>