<?xml version="1.0" encoding="UTF-8"?>
<testsuite xmlns:xsi="http://www.w3.org/2001/XMLSchema-instance" xsi:noNamespaceSchemaLocation="https://maven.apache.org/surefire/maven-surefire-plugin/xsd/surefire-test-report-3.0.xsd" version="3.0" name="com.jinyu.aps.integration.ScheduleIntegrationTest$AlgorithmCollaborationTests" time="0.046" tests="2" errors="0" skipped="0" failures="0">
  <properties>
[...]
</properties>
  <testcase name="testAlgorithmCollaboration_ConstraintPropagation" classname="com.jinyu.aps.integration.ScheduleIntegrationTest$AlgorithmCollaborationTests" time="0.01">
    <system-out><![CDATA[13:05:28.595 [main] INFO  o.s.b.t.c.SpringBootTestContextBootstrapper - Neither @ContextConfiguration nor @ContextHierarchy found for test class [com.jinyu.aps.integration.ScheduleIntegrationTest$AlgorithmCollaborationTests], using SpringBootContextLoader
13:05:28.598 [main] INFO  o.s.t.c.s.AbstractContextLoader - Could not detect default resource locations for test class [com.jinyu.aps.integration.ScheduleIntegrationTest$AlgorithmCollaborationTests]: no resource found for suffixes {-context.xml, Context.groovy}.
13:05:28.598 [main] INFO  o.s.t.c.s.AnnotationConfigContextLoaderUtils - Could not detect default configuration classes for test class [com.jinyu.aps.integration.ScheduleIntegrationTest$AlgorithmCollaborationTests]: AlgorithmCollaborationTests does not declare any static, non-private, non-final, nested classes annotated with @Configuration.
13:05:28.611 [main] INFO  o.s.b.t.c.SpringBootTestContextBootstrapper - Found @SpringBootConfiguration com.jinyu.aps.ApsFormingScheduleApplication for test class com.jinyu.aps.integration.ScheduleIntegrationTest$AlgorithmCollaborationTests
13:05:28.612 [main] INFO  o.s.b.t.c.SpringBootTestContextBootstrapper - Loaded default TestExecutionListener class names from location [META-INF/spring.factories]: [org.springframework.boot.test.mock.mockito.MockitoTestExecutionListener, org.springframework.boot.test.mock.mockito.ResetMocksTestExecutionListener, org.springframework.boot.test.autoconfigure.restdocs.RestDocsTestExecutionListener, org.springframework.boot.test.autoconfigure.web.client.MockRestServiceServerResetTestExecutionListener, org.springframework.boot.test.autoconfigure.web.servlet.MockMvcPrintOnlyOnFailureTestExecutionListener, org.springframework.boot.test.autoconfigure.web.servlet.WebDriverTestExecutionListener, org.springframework.boot.test.autoconfigure.webservices.client.MockWebServiceServerTestExecutionListener, org.springframework.test.context.web.ServletTestExecutionListener, org.springframework.test.context.support.DirtiesContextBeforeModesTestExecutionListener, org.springframework.test.context.event.ApplicationEventsTestExecutionListener, org.springframework.test.context.support.DependencyInjectionTestExecutionListener, org.springframework.test.context.support.DirtiesContextTestExecutionListener, org.springframework.test.context.transaction.TransactionalTestExecutionListener, org.springframework.test.context.jdbc.SqlScriptsTestExecutionListener, org.springframework.test.context.event.EventPublishingTestExecutionListener]
13:05:28.612 [main] INFO  o.s.b.t.c.SpringBootTestContextBootstrapper - Using TestExecutionListeners: [org.springframework.test.context.web.ServletTestExecutionListener@40ac0a56, org.springframework.test.context.support.DirtiesContextBeforeModesTestExecutionListener@25b4754a, org.springframework.test.context.event.ApplicationEventsTestExecutionListener@6ec3a4c2, org.springframework.boot.test.mock.mockito.MockitoTestExecutionListener@bb50de6, org.springframework.boot.test.autoconfigure.SpringBootDependencyInjectionTestExecutionListener@2b6b487c, org.springframework.test.context.support.DirtiesContextTestExecutionListener@2d73767e, org.springframework.test.context.transaction.TransactionalTestExecutionListener@5e6522a6, org.springframework.test.context.jdbc.SqlScriptsTestExecutionListener@7d1cdeb1, org.springframework.test.context.event.EventPublishingTestExecutionListener@c4551c6, org.springframework.boot.test.mock.mockito.ResetMocksTestExecutionListener@3a3316b6, org.springframework.boot.test.autoconfigure.restdocs.RestDocsTestExecutionListener@4db46344, org.springframework.boot.test.autoconfigure.web.client.MockRestServiceServerResetTestExecutionListener@56c6d515, org.springframework.boot.test.autoconfigure.web.servlet.MockMvcPrintOnlyOnFailureTestExecutionListener@702b656a, org.springframework.boot.test.autoconfigure.web.servlet.WebDriverTestExecutionListener@528f5b7f, org.springframework.boot.test.autoconfigure.webservices.client.MockWebServiceServerTestExecutionListener@3ccfac29]
13:05:28.615 [main] INFO  c.jinyu.aps.service.AlgorithmService - 开始试错分配算法，任务数: 8, 机台数: 2
13:05:28.616 [main] DEBUG c.jinyu.aps.service.AlgorithmService - 分配尝试 - 任务: MAT-DIFF-001, 机台: GM01, 数量: 50, 结果: 成功
13:05:28.616 [main] DEBUG c.jinyu.aps.service.AlgorithmService - 分配尝试 - 任务: MAT-DIFF-002, 机台: GM02, 数量: 50, 结果: 成功
13:05:28.616 [main] DEBUG c.jinyu.aps.service.AlgorithmService - 分配尝试 - 任务: MAT-DIFF-003, 机台: GM01, 数量: 50, 结果: 成功
13:05:28.616 [main] DEBUG c.jinyu.aps.service.AlgorithmService - 分配尝试 - 任务: MAT-DIFF-004, 机台: GM02, 数量: 50, 结果: 成功
13:05:28.616 [main] DEBUG c.jinyu.aps.service.AlgorithmService - 分配尝试 - 任务: MAT-DIFF-005, 机台: GM01, 数量: 50, 结果: 成功
13:05:28.616 [main] DEBUG c.jinyu.aps.service.AlgorithmService - 分配尝试 - 任务: MAT-DIFF-006, 机台: GM02, 数量: 50, 结果: 成功
13:05:28.616 [main] DEBUG c.jinyu.aps.service.AlgorithmService - 分配尝试 - 任务: MAT-DIFF-006, 机台: GM02, 数量: 50, 结果: 回溯
13:05:28.616 [main] DEBUG c.jinyu.aps.service.AlgorithmService - 分配尝试 - 任务: MAT-DIFF-005, 机台: GM01, 数量: 50, 结果: 回溯
13:05:28.616 [main] DEBUG c.jinyu.aps.service.AlgorithmService - 分配尝试 - 任务: MAT-DIFF-005, 机台: GM02, 数量: 50, 结果: 成功
13:05:28.616 [main] DEBUG c.jinyu.aps.service.AlgorithmService - 分配尝试 - 任务: MAT-DIFF-006, 机台: GM01, 数量: 50, 结果: 成功
13:05:28.616 [main] DEBUG c.jinyu.aps.service.AlgorithmService - 分配尝试 - 任务: MAT-DIFF-006, 机台: GM01, 数量: 50, 结果: 回溯
13:05:28.616 [main] DEBUG c.jinyu.aps.service.AlgorithmService - 分配尝试 - 任务: MAT-DIFF-005, 机台: GM02, 数量: 50, 结果: 回溯
13:05:28.616 [main] DEBUG c.jinyu.aps.service.AlgorithmService - 分配尝试 - 任务: MAT-DIFF-004, 机台: GM02, 数量: 50, 结果: 回溯
13:05:28.616 [main] DEBUG c.jinyu.aps.service.AlgorithmService - 分配尝试 - 任务: MAT-DIFF-004, 机台: GM01, 数量: 50, 结果: 成功
13:05:28.616 [main] DEBUG c.jinyu.aps.service.AlgorithmService - 分配尝试 - 任务: MAT-DIFF-005, 机台: GM02, 数量: 50, 结果: 成功
13:05:28.616 [main] DEBUG c.jinyu.aps.service.AlgorithmService - 分配尝试 - 任务: MAT-DIFF-006, 机台: GM02, 数量: 50, 结果: 成功
13:05:28.617 [main] DEBUG c.jinyu.aps.service.AlgorithmService - 分配尝试 - 任务: MAT-DIFF-006, 机台: GM02, 数量: 50, 结果: 回溯
13:05:28.617 [main] DEBUG c.jinyu.aps.service.AlgorithmService - 分配尝试 - 任务: MAT-DIFF-005, 机台: GM02, 数量: 50, 结果: 回溯
13:05:28.617 [main] DEBUG c.jinyu.aps.service.AlgorithmService - 分配尝试 - 任务: MAT-DIFF-004, 机台: GM01, 数量: 50, 结果: 回溯
13:05:28.617 [main] DEBUG c.jinyu.aps.service.AlgorithmService - 分配尝试 - 任务: MAT-DIFF-003, 机台: GM01, 数量: 50, 结果: 回溯
13:05:28.617 [main] DEBUG c.jinyu.aps.service.AlgorithmService - 分配尝试 - 任务: MAT-DIFF-003, 机台: GM02, 数量: 50, 结果: 成功
13:05:28.617 [main] DEBUG c.jinyu.aps.service.AlgorithmService - 分配尝试 - 任务: MAT-DIFF-004, 机台: GM01, 数量: 50, 结果: 成功
13:05:28.617 [main] DEBUG c.jinyu.aps.service.AlgorithmService - 分配尝试 - 任务: MAT-DIFF-005, 机台: GM01, 数量: 50, 结果: 成功
13:05:28.617 [main] DEBUG c.jinyu.aps.service.AlgorithmService - 分配尝试 - 任务: MAT-DIFF-006, 机台: GM02, 数量: 50, 结果: 成功
13:05:28.617 [main] DEBUG c.jinyu.aps.service.AlgorithmService - 分配尝试 - 任务: MAT-DIFF-006, 机台: GM02, 数量: 50, 结果: 回溯
13:05:28.617 [main] DEBUG c.jinyu.aps.service.AlgorithmService - 分配尝试 - 任务: MAT-DIFF-005, 机台: GM01, 数量: 50, 结果: 回溯
13:05:28.617 [main] DEBUG c.jinyu.aps.service.AlgorithmService - 分配尝试 - 任务: MAT-DIFF-005, 机台: GM02, 数量: 50, 结果: 成功
13:05:28.617 [main] DEBUG c.jinyu.aps.service.AlgorithmService - 分配尝试 - 任务: MAT-DIFF-006, 机台: GM01, 数量: 50, 结果: 成功
13:05:28.617 [main] DEBUG c.jinyu.aps.service.AlgorithmService - 分配尝试 - 任务: MAT-DIFF-006, 机台: GM01, 数量: 50, 结果: 回溯
13:05:28.617 [main] DEBUG c.jinyu.aps.service.AlgorithmService - 分配尝试 - 任务: MAT-DIFF-005, 机台: GM02, 数量: 50, 结果: 回溯
13:05:28.617 [main] DEBUG c.jinyu.aps.service.AlgorithmService - 分配尝试 - 任务: MAT-DIFF-004, 机台: GM01, 数量: 50, 结果: 回溯
13:05:28.617 [main] DEBUG c.jinyu.aps.service.AlgorithmService - 分配尝试 - 任务: MAT-DIFF-004, 机台: GM02, 数量: 50, 结果: 成功
13:05:28.617 [main] DEBUG c.jinyu.aps.service.AlgorithmService - 分配尝试 - 任务: MAT-DIFF-005, 机台: GM01, 数量: 50, 结果: 成功
13:05:28.618 [main] DEBUG c.jinyu.aps.service.AlgorithmService - 分配尝试 - 任务: MAT-DIFF-006, 机台: GM01, 数量: 50, 结果: 成功
13:05:28.618 [main] DEBUG c.jinyu.aps.service.AlgorithmService - 分配尝试 - 任务: MAT-DIFF-006, 机台: GM01, 数量: 50, 结果: 回溯
13:05:28.618 [main] DEBUG c.jinyu.aps.service.AlgorithmService - 分配尝试 - 任务: MAT-DIFF-005, 机台: GM01, 数量: 50, 结果: 回溯
13:05:28.618 [main] DEBUG c.jinyu.aps.service.AlgorithmService - 分配尝试 - 任务: MAT-DIFF-004, 机台: GM02, 数量: 50, 结果: 回溯
13:05:28.618 [main] DEBUG c.jinyu.aps.service.AlgorithmService - 分配尝试 - 任务: MAT-DIFF-003, 机台: GM02, 数量: 50, 结果: 回溯
13:05:28.618 [main] DEBUG c.jinyu.aps.service.AlgorithmService - 分配尝试 - 任务: MAT-DIFF-002, 机台: GM02, 数量: 50, 结果: 回溯
13:05:28.618 [main] DEBUG c.jinyu.aps.service.AlgorithmService - 分配尝试 - 任务: MAT-DIFF-002, 机台: GM01, 数量: 50, 结果: 成功
13:05:28.618 [main] DEBUG c.jinyu.aps.service.AlgorithmService - 分配尝试 - 任务: MAT-DIFF-003, 机台: GM02, 数量: 50, 结果: 成功
13:05:28.618 [main] DEBUG c.jinyu.aps.service.AlgorithmService - 分配尝试 - 任务: MAT-DIFF-004, 机台: GM02, 数量: 50, 结果: 成功
13:05:28.618 [main] DEBUG c.jinyu.aps.service.AlgorithmService - 分配尝试 - 任务: MAT-DIFF-005, 机台: GM01, 数量: 50, 结果: 成功
13:05:28.618 [main] DEBUG c.jinyu.aps.service.AlgorithmService - 分配尝试 - 任务: MAT-DIFF-006, 机台: GM02, 数量: 50, 结果: 成功
13:05:28.618 [main] DEBUG c.jinyu.aps.service.AlgorithmService - 分配尝试 - 任务: MAT-DIFF-006, 机台: GM02, 数量: 50, 结果: 回溯
13:05:28.618 [main] DEBUG c.jinyu.aps.service.AlgorithmService - 分配尝试 - 任务: MAT-DIFF-005, 机台: GM01, 数量: 50, 结果: 回溯
13:05:28.618 [main] DEBUG c.jinyu.aps.service.AlgorithmService - 分配尝试 - 任务: MAT-DIFF-005, 机台: GM02, 数量: 50, 结果: 成功
13:05:28.618 [main] DEBUG c.jinyu.aps.service.AlgorithmService - 分配尝试 - 任务: MAT-DIFF-006, 机台: GM01, 数量: 50, 结果: 成功
13:05:28.618 [main] DEBUG c.jinyu.aps.service.AlgorithmService - 分配尝试 - 任务: MAT-DIFF-006, 机台: GM01, 数量: 50, 结果: 回溯
13:05:28.618 [main] DEBUG c.jinyu.aps.service.AlgorithmService - 分配尝试 - 任务: MAT-DIFF-005, 机台: GM02, 数量: 50, 结果: 回溯
13:05:28.619 [main] DEBUG c.jinyu.aps.service.AlgorithmService - 分配尝试 - 任务: MAT-DIFF-004, 机台: GM02, 数量: 50, 结果: 回溯
13:05:28.619 [main] DEBUG c.jinyu.aps.service.AlgorithmService - 分配尝试 - 任务: MAT-DIFF-004, 机台: GM01, 数量: 50, 结果: 成功
13:05:28.619 [main] DEBUG c.jinyu.aps.service.AlgorithmService - 分配尝试 - 任务: MAT-DIFF-005, 机台: GM02, 数量: 50, 结果: 成功
13:05:28.619 [main] DEBUG c.jinyu.aps.service.AlgorithmService - 分配尝试 - 任务: MAT-DIFF-006, 机台: GM02, 数量: 50, 结果: 成功
13:05:28.619 [main] DEBUG c.jinyu.aps.service.AlgorithmService - 分配尝试 - 任务: MAT-DIFF-006, 机台: GM02, 数量: 50, 结果: 回溯
13:05:28.619 [main] DEBUG c.jinyu.aps.service.AlgorithmService - 分配尝试 - 任务: MAT-DIFF-005, 机台: GM02, 数量: 50, 结果: 回溯
13:05:28.619 [main] DEBUG c.jinyu.aps.service.AlgorithmService - 分配尝试 - 任务: MAT-DIFF-004, 机台: GM01, 数量: 50, 结果: 回溯
13:05:28.619 [main] DEBUG c.jinyu.aps.service.AlgorithmService - 分配尝试 - 任务: MAT-DIFF-003, 机台: GM02, 数量: 50, 结果: 回溯
13:05:28.619 [main] DEBUG c.jinyu.aps.service.AlgorithmService - 分配尝试 - 任务: MAT-DIFF-003, 机台: GM01, 数量: 50, 结果: 成功
13:05:28.619 [main] DEBUG c.jinyu.aps.service.AlgorithmService - 分配尝试 - 任务: MAT-DIFF-004, 机台: GM02, 数量: 50, 结果: 成功
13:05:28.619 [main] DEBUG c.jinyu.aps.service.AlgorithmService - 分配尝试 - 任务: MAT-DIFF-005, 机台: GM02, 数量: 50, 结果: 成功
13:05:28.619 [main] DEBUG c.jinyu.aps.service.AlgorithmService - 分配尝试 - 任务: MAT-DIFF-006, 机台: GM02, 数量: 50, 结果: 成功
13:05:28.619 [main] DEBUG c.jinyu.aps.service.AlgorithmService - 分配尝试 - 任务: MAT-DIFF-006, 机台: GM02, 数量: 50, 结果: 回溯
13:05:28.619 [main] DEBUG c.jinyu.aps.service.AlgorithmService - 分配尝试 - 任务: MAT-DIFF-005, 机台: GM02, 数量: 50, 结果: 回溯
13:05:28.619 [main] DEBUG c.jinyu.aps.service.AlgorithmService - 分配尝试 - 任务: MAT-DIFF-004, 机台: GM02, 数量: 50, 结果: 回溯
13:05:28.619 [main] DEBUG c.jinyu.aps.service.AlgorithmService - 分配尝试 - 任务: MAT-DIFF-003, 机台: GM01, 数量: 50, 结果: 回溯
13:05:28.619 [main] DEBUG c.jinyu.aps.service.AlgorithmService - 分配尝试 - 任务: MAT-DIFF-002, 机台: GM01, 数量: 50, 结果: 回溯
13:05:28.619 [main] DEBUG c.jinyu.aps.service.AlgorithmService - 分配尝试 - 任务: MAT-DIFF-001, 机台: GM01, 数量: 50, 结果: 回溯
13:05:28.619 [main] DEBUG c.jinyu.aps.service.AlgorithmService - 分配尝试 - 任务: MAT-DIFF-001, 机台: GM02, 数量: 50, 结果: 成功
13:05:28.620 [main] DEBUG c.jinyu.aps.service.AlgorithmService - 分配尝试 - 任务: MAT-DIFF-002, 机台: GM01, 数量: 50, 结果: 成功
13:05:28.620 [main] DEBUG c.jinyu.aps.service.AlgorithmService - 分配尝试 - 任务: MAT-DIFF-003, 机台: GM01, 数量: 50, 结果: 成功
13:05:28.620 [main] DEBUG c.jinyu.aps.service.AlgorithmService - 分配尝试 - 任务: MAT-DIFF-004, 机台: GM02, 数量: 50, 结果: 成功
13:05:28.620 [main] DEBUG c.jinyu.aps.service.AlgorithmService - 分配尝试 - 任务: MAT-DIFF-005, 机台: GM01, 数量: 50, 结果: 成功
13:05:28.620 [main] DEBUG c.jinyu.aps.service.AlgorithmService - 分配尝试 - 任务: MAT-DIFF-006, 机台: GM02, 数量: 50, 结果: 成功
13:05:28.620 [main] DEBUG c.jinyu.aps.service.AlgorithmService - 分配尝试 - 任务: MAT-DIFF-006, 机台: GM02, 数量: 50, 结果: 回溯
13:05:28.620 [main] DEBUG c.jinyu.aps.service.AlgorithmService - 分配尝试 - 任务: MAT-DIFF-005, 机台: GM01, 数量: 50, 结果: 回溯
13:05:28.620 [main] DEBUG c.jinyu.aps.service.AlgorithmService - 分配尝试 - 任务: MAT-DIFF-005, 机台: GM02, 数量: 50, 结果: 成功
13:05:28.620 [main] DEBUG c.jinyu.aps.service.AlgorithmService - 分配尝试 - 任务: MAT-DIFF-006, 机台: GM01, 数量: 50, 结果: 成功
13:05:28.620 [main] DEBUG c.jinyu.aps.service.AlgorithmService - 分配尝试 - 任务: MAT-DIFF-006, 机台: GM01, 数量: 50, 结果: 回溯
13:05:28.620 [main] DEBUG c.jinyu.aps.service.AlgorithmService - 分配尝试 - 任务: MAT-DIFF-005, 机台: GM02, 数量: 50, 结果: 回溯
13:05:28.620 [main] DEBUG c.jinyu.aps.service.AlgorithmService - 分配尝试 - 任务: MAT-DIFF-004, 机台: GM02, 数量: 50, 结果: 回溯
13:05:28.620 [main] DEBUG c.jinyu.aps.service.AlgorithmService - 分配尝试 - 任务: MAT-DIFF-004, 机台: GM01, 数量: 50, 结果: 成功
13:05:28.620 [main] DEBUG c.jinyu.aps.service.AlgorithmService - 分配尝试 - 任务: MAT-DIFF-005, 机台: GM02, 数量: 50, 结果: 成功
13:05:28.620 [main] DEBUG c.jinyu.aps.service.AlgorithmService - 分配尝试 - 任务: MAT-DIFF-006, 机台: GM02, 数量: 50, 结果: 成功
13:05:28.620 [main] DEBUG c.jinyu.aps.service.AlgorithmService - 分配尝试 - 任务: MAT-DIFF-006, 机台: GM02, 数量: 50, 结果: 回溯
13:05:28.620 [main] DEBUG c.jinyu.aps.service.AlgorithmService - 分配尝试 - 任务: MAT-DIFF-005, 机台: GM02, 数量: 50, 结果: 回溯
13:05:28.620 [main] DEBUG c.jinyu.aps.service.AlgorithmService - 分配尝试 - 任务: MAT-DIFF-004, 机台: GM01, 数量: 50, 结果: 回溯
13:05:28.621 [main] DEBUG c.jinyu.aps.service.AlgorithmService - 分配尝试 - 任务: MAT-DIFF-003, 机台: GM01, 数量: 50, 结果: 回溯
13:05:28.621 [main] DEBUG c.jinyu.aps.service.AlgorithmService - 分配尝试 - 任务: MAT-DIFF-003, 机台: GM02, 数量: 50, 结果: 成功
13:05:28.621 [main] DEBUG c.jinyu.aps.service.AlgorithmService - 分配尝试 - 任务: MAT-DIFF-004, 机台: GM01, 数量: 50, 结果: 成功
13:05:28.621 [main] DEBUG c.jinyu.aps.service.AlgorithmService - 分配尝试 - 任务: MAT-DIFF-005, 机台: GM01, 数量: 50, 结果: 成功
13:05:28.621 [main] DEBUG c.jinyu.aps.service.AlgorithmService - 分配尝试 - 任务: MAT-DIFF-006, 机台: GM02, 数量: 50, 结果: 成功
13:05:28.621 [main] DEBUG c.jinyu.aps.service.AlgorithmService - 分配尝试 - 任务: MAT-DIFF-006, 机台: GM02, 数量: 50, 结果: 回溯
13:05:28.621 [main] DEBUG c.jinyu.aps.service.AlgorithmService - 分配尝试 - 任务: MAT-DIFF-005, 机台: GM01, 数量: 50, 结果: 回溯
13:05:28.621 [main] DEBUG c.jinyu.aps.service.AlgorithmService - 分配尝试 - 任务: MAT-DIFF-005, 机台: GM02, 数量: 50, 结果: 成功
13:05:28.621 [main] DEBUG c.jinyu.aps.service.AlgorithmService - 分配尝试 - 任务: MAT-DIFF-006, 机台: GM01, 数量: 50, 结果: 成功
13:05:28.621 [main] DEBUG c.jinyu.aps.service.AlgorithmService - 分配尝试 - 任务: MAT-DIFF-006, 机台: GM01, 数量: 50, 结果: 回溯
13:05:28.621 [main] DEBUG c.jinyu.aps.service.AlgorithmService - 分配尝试 - 任务: MAT-DIFF-005, 机台: GM02, 数量: 50, 结果: 回溯
13:05:28.621 [main] DEBUG c.jinyu.aps.service.AlgorithmService - 分配尝试 - 任务: MAT-DIFF-004, 机台: GM01, 数量: 50, 结果: 回溯
13:05:28.621 [main] DEBUG c.jinyu.aps.service.AlgorithmService - 分配尝试 - 任务: MAT-DIFF-004, 机台: GM02, 数量: 50, 结果: 成功
13:05:28.621 [main] DEBUG c.jinyu.aps.service.AlgorithmService - 分配尝试 - 任务: MAT-DIFF-005, 机台: GM01, 数量: 50, 结果: 成功
13:05:28.621 [main] DEBUG c.jinyu.aps.service.AlgorithmService - 分配尝试 - 任务: MAT-DIFF-006, 机台: GM01, 数量: 50, 结果: 成功
13:05:28.621 [main] DEBUG c.jinyu.aps.service.AlgorithmService - 分配尝试 - 任务: MAT-DIFF-006, 机台: GM01, 数量: 50, 结果: 回溯
13:05:28.621 [main] DEBUG c.jinyu.aps.service.AlgorithmService - 分配尝试 - 任务: MAT-DIFF-005, 机台: GM01, 数量: 50, 结果: 回溯
13:05:28.621 [main] DEBUG c.jinyu.aps.service.AlgorithmService - 分配尝试 - 任务: MAT-DIFF-004, 机台: GM02, 数量: 50, 结果: 回溯
13:05:28.621 [main] DEBUG c.jinyu.aps.service.AlgorithmService - 分配尝试 - 任务: MAT-DIFF-003, 机台: GM02, 数量: 50, 结果: 回溯
13:05:28.621 [main] DEBUG c.jinyu.aps.service.AlgorithmService - 分配尝试 - 任务: MAT-DIFF-002, 机台: GM01, 数量: 50, 结果: 回溯
13:05:28.621 [main] DEBUG c.jinyu.aps.service.AlgorithmService - 分配尝试 - 任务: MAT-DIFF-002, 机台: GM02, 数量: 50, 结果: 成功
13:05:28.621 [main] DEBUG c.jinyu.aps.service.AlgorithmService - 分配尝试 - 任务: MAT-DIFF-003, 机台: GM01, 数量: 50, 结果: 成功
13:05:28.621 [main] DEBUG c.jinyu.aps.service.AlgorithmService - 分配尝试 - 任务: MAT-DIFF-004, 机台: GM01, 数量: 50, 结果: 成功
13:05:28.622 [main] DEBUG c.jinyu.aps.service.AlgorithmService - 分配尝试 - 任务: MAT-DIFF-005, 机台: GM01, 数量: 50, 结果: 成功
13:05:28.622 [main] DEBUG c.jinyu.aps.service.AlgorithmService - 分配尝试 - 任务: MAT-DIFF-006, 机台: GM02, 数量: 50, 结果: 成功
13:05:28.622 [main] DEBUG c.jinyu.aps.service.AlgorithmService - 分配尝试 - 任务: MAT-DIFF-006, 机台: GM02, 数量: 50, 结果: 回溯
13:05:28.622 [main] DEBUG c.jinyu.aps.service.AlgorithmService - 分配尝试 - 任务: MAT-DIFF-005, 机台: GM01, 数量: 50, 结果: 回溯
13:05:28.622 [main] DEBUG c.jinyu.aps.service.AlgorithmService - 分配尝试 - 任务: MAT-DIFF-005, 机台: GM02, 数量: 50, 结果: 成功
13:05:28.622 [main] DEBUG c.jinyu.aps.service.AlgorithmService - 分配尝试 - 任务: MAT-DIFF-006, 机台: GM01, 数量: 50, 结果: 成功
13:05:28.622 [main] DEBUG c.jinyu.aps.service.AlgorithmService - 分配尝试 - 任务: MAT-DIFF-006, 机台: GM01, 数量: 50, 结果: 回溯
13:05:28.622 [main] DEBUG c.jinyu.aps.service.AlgorithmService - 分配尝试 - 任务: MAT-DIFF-005, 机台: GM02, 数量: 50, 结果: 回溯
13:05:28.622 [main] DEBUG c.jinyu.aps.service.AlgorithmService - 分配尝试 - 任务: MAT-DIFF-004, 机台: GM01, 数量: 50, 结果: 回溯
13:05:28.622 [main] DEBUG c.jinyu.aps.service.AlgorithmService - 分配尝试 - 任务: MAT-DIFF-004, 机台: GM02, 数量: 50, 结果: 成功
13:05:28.622 [main] DEBUG c.jinyu.aps.service.AlgorithmService - 分配尝试 - 任务: MAT-DIFF-005, 机台: GM01, 数量: 50, 结果: 成功
13:05:28.622 [main] DEBUG c.jinyu.aps.service.AlgorithmService - 分配尝试 - 任务: MAT-DIFF-006, 机台: GM01, 数量: 50, 结果: 成功
13:05:28.622 [main] DEBUG c.jinyu.aps.service.AlgorithmService - 分配尝试 - 任务: MAT-DIFF-006, 机台: GM01, 数量: 50, 结果: 回溯
13:05:28.622 [main] DEBUG c.jinyu.aps.service.AlgorithmService - 分配尝试 - 任务: MAT-DIFF-005, 机台: GM01, 数量: 50, 结果: 回溯
13:05:28.622 [main] DEBUG c.jinyu.aps.service.AlgorithmService - 分配尝试 - 任务: MAT-DIFF-004, 机台: GM02, 数量: 50, 结果: 回溯
13:05:28.622 [main] DEBUG c.jinyu.aps.service.AlgorithmService - 分配尝试 - 任务: MAT-DIFF-003, 机台: GM01, 数量: 50, 结果: 回溯
13:05:28.622 [main] DEBUG c.jinyu.aps.service.AlgorithmService - 分配尝试 - 任务: MAT-DIFF-003, 机台: GM02, 数量: 50, 结果: 成功
13:05:28.622 [main] DEBUG c.jinyu.aps.service.AlgorithmService - 分配尝试 - 任务: MAT-DIFF-004, 机台: GM01, 数量: 50, 结果: 成功
13:05:28.622 [main] DEBUG c.jinyu.aps.service.AlgorithmService - 分配尝试 - 任务: MAT-DIFF-005, 机台: GM01, 数量: 50, 结果: 成功
13:05:28.622 [main] DEBUG c.jinyu.aps.service.AlgorithmService - 分配尝试 - 任务: MAT-DIFF-006, 机台: GM01, 数量: 50, 结果: 成功
13:05:28.622 [main] DEBUG c.jinyu.aps.service.AlgorithmService - 分配尝试 - 任务: MAT-DIFF-006, 机台: GM01, 数量: 50, 结果: 回溯
13:05:28.622 [main] DEBUG c.jinyu.aps.service.AlgorithmService - 分配尝试 - 任务: MAT-DIFF-005, 机台: GM01, 数量: 50, 结果: 回溯
13:05:28.622 [main] DEBUG c.jinyu.aps.service.AlgorithmService - 分配尝试 - 任务: MAT-DIFF-004, 机台: GM01, 数量: 50, 结果: 回溯
13:05:28.622 [main] DEBUG c.jinyu.aps.service.AlgorithmService - 分配尝试 - 任务: MAT-DIFF-003, 机台: GM02, 数量: 50, 结果: 回溯
13:05:28.623 [main] DEBUG c.jinyu.aps.service.AlgorithmService - 分配尝试 - 任务: MAT-DIFF-002, 机台: GM02, 数量: 50, 结果: 回溯
13:05:28.623 [main] DEBUG c.jinyu.aps.service.AlgorithmService - 分配尝试 - 任务: MAT-DIFF-001, 机台: GM02, 数量: 50, 结果: 回溯
13:05:28.623 [main] WARN  c.jinyu.aps.service.AlgorithmService - 试错分配完成，未找到有效方案
约束传递验证通过
]]></system-out>
  </testcase>
  <testcase name="testAlgorithmCollaboration_FullPipeline" classname="com.jinyu.aps.integration.ScheduleIntegrationTest$AlgorithmCollaborationTests" time="0.004">
    <system-out><![CDATA[13:05:28.635 [main] INFO  c.jinyu.aps.service.AlgorithmService - 开始试错分配算法，任务数: 10, 机台数: 5
13:05:28.636 [main] DEBUG c.jinyu.aps.service.AlgorithmService - 分配尝试 - 任务: MAT-001, 机台: GM01, 数量: 72, 结果: 成功
13:05:28.636 [main] DEBUG c.jinyu.aps.service.AlgorithmService - 分配尝试 - 任务: MAT-002, 机台: GM03, 数量: 72, 结果: 成功
13:05:28.636 [main] DEBUG c.jinyu.aps.service.AlgorithmService - 分配尝试 - 任务: MAT-003, 机台: GM02, 数量: 72, 结果: 成功
13:05:28.636 [main] DEBUG c.jinyu.aps.service.AlgorithmService - 分配尝试 - 任务: MAT-004, 机台: GM05, 数量: 72, 结果: 成功
13:05:28.636 [main] DEBUG c.jinyu.aps.service.AlgorithmService - 分配尝试 - 任务: MAT-005, 机台: GM04, 数量: 72, 结果: 成功
13:05:28.636 [main] DEBUG c.jinyu.aps.service.AlgorithmService - 分配尝试 - 任务: MAT-006, 机台: GM01, 数量: 72, 结果: 成功
13:05:28.636 [main] DEBUG c.jinyu.aps.service.AlgorithmService - 分配尝试 - 任务: MAT-007, 机台: GM03, 数量: 72, 结果: 成功
13:05:28.636 [main] DEBUG c.jinyu.aps.service.AlgorithmService - 分配尝试 - 任务: MAT-008, 机台: GM02, 数量: 72, 结果: 成功
13:05:28.636 [main] DEBUG c.jinyu.aps.service.AlgorithmService - 分配尝试 - 任务: MAT-009, 机台: GM05, 数量: 72, 结果: 成功
13:05:28.636 [main] DEBUG c.jinyu.aps.service.AlgorithmService - 分配尝试 - 任务: MAT-010, 机台: GM04, 数量: 72, 结果: 成功
13:05:28.636 [main] INFO  c.jinyu.aps.service.AlgorithmService - 试错分配完成，分配成功
分配完成: 10条明细
13:05:28.636 [main] INFO  c.jinyu.aps.service.AlgorithmService - 开始班次均衡调整算法，明细数: 10
13:05:28.637 [main] INFO  c.jinyu.aps.service.AlgorithmService - 班次均衡调整完成
班次均衡完成: 10条明细
13:05:28.637 [main] INFO  c.jinyu.aps.service.AlgorithmService - 开始顺位排序算法，明细数: 10
13:05:28.637 [main] INFO  c.jinyu.aps.service.AlgorithmService - 顺位排序完成，总顺位数: 10
顺位排序完成: 60条明细
最终结果验证通过: 60条明细
]]></system-out>
  </testcase>
</testsuite>